#
# There is insufficient memory for the Java Runtime Environment to continue.
# Native memory allocation (malloc) failed to allocate 1506736 bytes for Chunk::new
# Possible reasons:
#   The system is out of physical RAM or swap space
#   The process is running with CompressedOops enabled, and the Java Heap may be blocking the growth of the native heap
# Possible solutions:
#   Reduce memory load on the system
#   Increase physical memory or swap space
#   Check if swap backing store is full
#   Decrease Java heap size (-Xmx/-Xms)
#   Decrease number of Java threads
#   Decrease Java thread stack sizes (-Xss)
#   Set larger code cache with -XX:ReservedCodeCacheSize=
#   JVM is running with Unscaled Compressed Oops mode in which the Java heap is
#     placed in the first 4GB address space. The Java Heap base address is the
#     maximum limit for the native heap growth. Please use -XX:HeapBaseMinAddress
#     to set the Java Heap base and to place the Java Heap above 4GB virtual address.
# This output file may be truncated or incomplete.
#
#  Out of Memory Error (./src/hotspot/share/memory/arena.cpp:197), pid=9744, tid=12000
#
# JRE version: OpenJDK Runtime Environment (11.0.10) (build 11.0.10+0-b96-7249189)
# Java VM: OpenJDK 64-Bit Server VM (11.0.10+0-b96-7249189, mixed mode, tiered, compressed oops, g1 gc, windows-amd64)
# No core dump will be written. Minidumps are not enabled by default on client versions of Windows
#

---------------  S U M M A R Y ------------

Command Line: --add-opens=java.base/java.util=ALL-UNNAMED --add-opens=java.base/java.lang=ALL-UNNAMED --add-opens=java.base/java.lang.invoke=ALL-UNNAMED --add-opens=java.base/java.util=ALL-UNNAMED --add-opens=java.prefs/java.util.prefs=ALL-UNNAMED --add-opens=java.prefs/java.util.prefs=ALL-UNNAMED --add-opens=java.base/java.nio.charset=ALL-UNNAMED --add-opens=java.base/java.net=ALL-UNNAMED --add-opens=java.base/java.util.concurrent.atomic=ALL-UNNAMED -Xmx2048m -Dfile.encoding=UTF-8 -Duser.country=SA -Duser.language=ar -Duser.variant org.gradle.launcher.daemon.bootstrap.GradleDaemon 7.0.2

Host: Intel(R) Core(TM) i5-7200U CPU @ 2.50GHz, 4 cores, 7G,  Windows 10 , 64 bit Build 19041 (10.0.19041.1566)
Time: Tue Mar 15 22:06:54 2022 ÊæÞíÊ ÑÓãí ááÖÝÉ ÇáÛÑÈíÉ æÛÒÉ elapsed time: 120.070277 seconds (0d 0h 2m 0s)

---------------  T H R E A D  ---------------

Current thread (0x000001ed3a7da800):  JavaThread "C2 CompilerThread0" daemon [_thread_in_native, id=12000, stack(0x0000008a24d00000,0x0000008a24e00000)]


Current CompileTask:
C2: 120070 11968   !   4       org.gradle.internal.instantiation.generator.AsmBackedClassGenerator$InvokeConstructorStrategy::newInstance (66 bytes)

Stack: [0x0000008a24d00000,0x0000008a24e00000]
Native frames: (J=compiled Java code, j=interpreted, Vv=VM code, C=native code)
V  [jvm.dll+0x5ecfaa]
V  [jvm.dll+0x722bd5]
V  [jvm.dll+0x72412d]
V  [jvm.dll+0x7247e3]
V  [jvm.dll+0x242928]
V  [jvm.dll+0xbc4fc]
V  [jvm.dll+0xbca0c]
V  [jvm.dll+0x352d7d]
V  [jvm.dll+0x320ad3]
V  [jvm.dll+0x31ffca]
V  [jvm.dll+0x1fb602]
V  [jvm.dll+0x1fa7f4]
V  [jvm.dll+0x18354c]
V  [jvm.dll+0x208ee7]
V  [jvm.dll+0x207731]
V  [jvm.dll+0x6eb1cf]
V  [jvm.dll+0x6e3d45]
V  [jvm.dll+0x5ebe96]
C  [ucrtbase.dll+0x21bb2]
C  [KERNEL32.DLL+0x17034]
C  [ntdll.dll+0x52651]


---------------  P R O C E S S  ---------------

Threads class SMR info:
_java_thread_list=0x000001ed41fc5460, length=47, elements={
0x000001ed1ebec000, 0x000001ed3a7b0800, 0x000001ed3a7b4000, 0x000001ed3a7d2800,
0x000001ed3a7d3800, 0x000001ed3a7d5000, 0x000001ed3a7da800, 0x000001ed3a7df800,
0x000001ed3a7e4000, 0x000001ed3b291000, 0x000001ed3b28f800, 0x000001ed3b293800,
0x000001ed3b290800, 0x000001ed3d8fa000, 0x000001ed3d8f6800, 0x000001ed3d8f4000,
0x000001ed3d8fa800, 0x000001ed3d8f7800, 0x000001ed3d900800, 0x000001ed3d902000,
0x000001ed3d8fe000, 0x000001ed3d8fe800, 0x000001ed412b8800, 0x000001ed412b7800,
0x000001ed412bb800, 0x000001ed412b5000, 0x000001ed412b6000, 0x000001ed412bc800,
0x000001ed412b9000, 0x000001ed412bd000, 0x000001ed412bf800, 0x000001ed412be000,
0x000001ed412ba000, 0x000001ed412c0800, 0x000001ed412bf000, 0x000001ed412bb000,
0x000001ed412c3000, 0x000001ed412c4000, 0x000001ed412c2000, 0x000001ed412c1800,
0x000001ed3d8f5800, 0x000001ed3d8f8000, 0x000001ed3d8f9000, 0x000001ed3d8f5000,
0x000001ed3d8ff800, 0x000001ed3d8fb800, 0x000001ed3d903000
}

Java Threads: ( => current thread )
  0x000001ed1ebec000 JavaThread "main" [_thread_blocked, id=10804, stack(0x0000008a24100000,0x0000008a24200000)]
  0x000001ed3a7b0800 JavaThread "Reference Handler" daemon [_thread_blocked, id=12532, stack(0x0000008a24800000,0x0000008a24900000)]
  0x000001ed3a7b4000 JavaThread "Finalizer" daemon [_thread_blocked, id=10984, stack(0x0000008a24900000,0x0000008a24a00000)]
  0x000001ed3a7d2800 JavaThread "Signal Dispatcher" daemon [_thread_blocked, id=17628, stack(0x0000008a24a00000,0x0000008a24b00000)]
  0x000001ed3a7d3800 JavaThread "Attach Listener" daemon [_thread_blocked, id=18188, stack(0x0000008a24b00000,0x0000008a24c00000)]
  0x000001ed3a7d5000 JavaThread "Service Thread" daemon [_thread_blocked, id=5196, stack(0x0000008a24c00000,0x0000008a24d00000)]
=>0x000001ed3a7da800 JavaThread "C2 CompilerThread0" daemon [_thread_in_native, id=12000, stack(0x0000008a24d00000,0x0000008a24e00000)]
  0x000001ed3a7df800 JavaThread "C1 CompilerThread0" daemon [_thread_blocked, id=14752, stack(0x0000008a24e00000,0x0000008a24f00000)]
  0x000001ed3a7e4000 JavaThread "Sweeper thread" daemon [_thread_blocked, id=17520, stack(0x0000008a24f00000,0x0000008a25000000)]
  0x000001ed3b291000 JavaThread "Common-Cleaner" daemon [_thread_blocked, id=14208, stack(0x0000008a25000000,0x0000008a25100000)]
  0x000001ed3b28f800 JavaThread "Daemon health stats" [_thread_blocked, id=6112, stack(0x0000008a25500000,0x0000008a25600000)]
  0x000001ed3b293800 JavaThread "Incoming local TCP Connector on port 52624" [_thread_in_native, id=18400, stack(0x0000008a25200000,0x0000008a25300000)]
  0x000001ed3b290800 JavaThread "Daemon periodic checks" [_thread_blocked, id=3728, stack(0x0000008a25700000,0x0000008a25800000)]
  0x000001ed3d8fa000 JavaThread "Cache worker for file hash cache (C:\Users\zeroOne\.gradle\caches\7.0.2\fileHashes)" [_thread_blocked, id=8728, stack(0x0000008a25f00000,0x0000008a26000000)]
  0x000001ed3d8f6800 JavaThread "File lock request listener" [_thread_in_native, id=14580, stack(0x0000008a25a00000,0x0000008a25b00000)]
  0x000001ed3d8f4000 JavaThread "Cache worker for journal cache (C:\Users\zeroOne\.gradle\caches\journal-1)" [_thread_blocked, id=7892, stack(0x0000008a26100000,0x0000008a26200000)]
  0x000001ed3d8fa800 JavaThread "File watcher server" daemon [_thread_in_native, id=1912, stack(0x0000008a26400000,0x0000008a26500000)]
  0x000001ed3d8f7800 JavaThread "File watcher consumer" daemon [_thread_blocked, id=17636, stack(0x0000008a26500000,0x0000008a26600000)]
  0x000001ed3d900800 JavaThread "Cache worker for execution history cache (C:\Users\zeroOne\.gradle\caches\7.0.2\executionHistory)" [_thread_blocked, id=10524, stack(0x0000008a26900000,0x0000008a26a00000)]
  0x000001ed3d902000 JavaThread "jar transforms" [_thread_blocked, id=4312, stack(0x0000008a26a00000,0x0000008a26b00000)]
  0x000001ed3d8fe000 JavaThread "jar transforms Thread 2" [_thread_blocked, id=15904, stack(0x0000008a26b00000,0x0000008a26c00000)]
  0x000001ed3d8fe800 JavaThread "Cache worker for file content cache (C:\Users\zeroOne\.gradle\caches\7.0.2\fileContent)" [_thread_blocked, id=18316, stack(0x0000008a26c00000,0x0000008a26d00000)]
  0x000001ed412b8800 JavaThread "jar transforms Thread 3" [_thread_blocked, id=2704, stack(0x0000008a26e00000,0x0000008a26f00000)]
  0x000001ed412b7800 JavaThread "jar transforms Thread 4" [_thread_blocked, id=16304, stack(0x0000008a27400000,0x0000008a27500000)]
  0x000001ed412bb800 JavaThread "Memory manager" [_thread_blocked, id=8060, stack(0x0000008a27500000,0x0000008a27600000)]
  0x000001ed412b5000 JavaThread "Daemon Thread 2" [_thread_blocked, id=18296, stack(0x0000008a23e00000,0x0000008a23f00000)]
  0x000001ed412b6000 JavaThread "Handler for socket connection from /127.0.0.1:52624 to /127.0.0.1:51170" [_thread_in_native, id=13828, stack(0x0000008a23f00000,0x0000008a24000000)]
  0x000001ed412bc800 JavaThread "Cancel handler" [_thread_blocked, id=18040, stack(0x0000008a24000000,0x0000008a24100000)]
  0x000001ed412b9000 JavaThread "Daemon worker Thread 2" [_thread_in_vm_trans, id=8920, stack(0x0000008a25600000,0x0000008a25700000)]
  0x000001ed412bd000 JavaThread "Asynchronous log dispatcher for DefaultDaemonConnection: socket connection from /127.0.0.1:52624 to /127.0.0.1:51170" [_thread_blocked, id=16912, stack(0x0000008a25b00000,0x0000008a25c00000)]
  0x000001ed412bf800 JavaThread "Stdin handler" [_thread_blocked, id=17388, stack(0x0000008a25c00000,0x0000008a25d00000)]
  0x000001ed412be000 JavaThread "Daemon client event forwarder" [_thread_blocked, id=9000, stack(0x0000008a25d00000,0x0000008a25e00000)]
  0x000001ed412ba000 JavaThread "Cache worker for file hash cache (C:\Users\zeroOne\AndroidStudioProjects\navigitionAssiment\.gradle\7.0.2\fileHashes)" [_thread_blocked, id=8620, stack(0x0000008a25e00000,0x0000008a25f00000)]
  0x000001ed412c0800 JavaThread "Cache worker for checksums cache (C:\Users\zeroOne\AndroidStudioProjects\navigitionAssiment\.gradle\checksums)" [_thread_blocked, id=10316, stack(0x0000008a26200000,0x0000008a26300000)]
  0x000001ed412bf000 JavaThread "Cache worker for cache directory md-supplier (C:\Users\zeroOne\.gradle\caches\7.0.2\md-supplier)" [_thread_blocked, id=5980, stack(0x0000008a26300000,0x0000008a26400000)]
  0x000001ed412bb000 JavaThread "Cache worker for cache directory md-rule (C:\Users\zeroOne\.gradle\caches\7.0.2\md-rule)" [_thread_blocked, id=16688, stack(0x0000008a26600000,0x0000008a26700000)]
  0x000001ed412c3000 JavaThread "Cache worker for dependencies-accessors (C:\Users\zeroOne\AndroidStudioProjects\navigitionAssiment\.gradle\7.0.2\dependencies-accessors)" [_thread_blocked, id=5828, stack(0x0000008a26700000,0x0000008a26800000)]
  0x000001ed412c4000 JavaThread "Cache worker for Build Output Cleanup Cache (C:\Users\zeroOne\AndroidStudioProjects\navigitionAssiment\.gradle\buildOutputCleanup)" [_thread_blocked, id=15180, stack(0x0000008a26800000,0x0000008a26900000)]
  0x000001ed412c2000 JavaThread "Build operations" [_thread_blocked, id=14924, stack(0x0000008a26d00000,0x0000008a26e00000)]
  0x000001ed412c1800 JavaThread "Build operations Thread 2" [_thread_blocked, id=1080, stack(0x0000008a26f00000,0x0000008a27000000)]
  0x000001ed3d8f5800 JavaThread "Build operations Thread 3" [_thread_blocked, id=6240, stack(0x0000008a27000000,0x0000008a27100000)]
  0x000001ed3d8f8000 JavaThread "Build operations Thread 4" [_thread_blocked, id=5756, stack(0x0000008a27100000,0x0000008a27200000)]
  0x000001ed3d8f9000 JavaThread "build event listener" [_thread_blocked, id=13048, stack(0x0000008a27200000,0x0000008a27300000)]
  0x000001ed3d8f5000 JavaThread "Execution worker for ':'" [_thread_blocked, id=17232, stack(0x0000008a27300000,0x0000008a27400000)]
  0x000001ed3d8ff800 JavaThread "Execution worker for ':' Thread 2" [_thread_blocked, id=15936, stack(0x0000008a27600000,0x0000008a27700000)]
  0x000001ed3d8fb800 JavaThread "Execution worker for ':' Thread 3" [_thread_blocked, id=11536, stack(0x0000008a27700000,0x0000008a27800000)]
  0x000001ed3d903000 JavaThread "Cache worker for execution history cache (C:\Users\zeroOne\AndroidStudioProjects\navigitionAssiment\.gradle\7.0.2\executionHistory)" [_thread_blocked, id=16608, stack(0x0000008a27800000,0x0000008a27900000)]

Other Threads:
  0x000001ed3a7ad800 VMThread "VM Thread" [stack: 0x0000008a24700000,0x0000008a24800000] [id=6744]
  0x000001ed3b2ba800 WatcherThread [stack: 0x0000008a25100000,0x0000008a25200000] [id=9864]
  0x000001ed20bf4000 GCTaskThread "GC Thread#0" [stack: 0x0000008a24200000,0x0000008a24300000] [id=17040]
  0x000001ed3b4e0800 GCTaskThread "GC Thread#1" [stack: 0x0000008a25300000,0x0000008a25400000] [id=9720]
  0x000001ed3bd58000 GCTaskThread "GC Thread#2" [stack: 0x0000008a25400000,0x0000008a25500000] [id=15088]
  0x000001ed3c0bd000 GCTaskThread "GC Thread#3" [stack: 0x0000008a26000000,0x0000008a26100000] [id=6036]
  0x000001ed20c23800 ConcurrentGCThread "G1 Main Marker" [stack: 0x0000008a24300000,0x0000008a24400000] [id=4044]
  0x000001ed20c27000 ConcurrentGCThread "G1 Conc#0" [stack: 0x0000008a24400000,0x0000008a24500000] [id=16788]
  0x000001ed20cb6000 ConcurrentGCThread "G1 Refine#0" [stack: 0x0000008a24500000,0x0000008a24600000] [id=10968]
  0x000001ed20cb7000 ConcurrentGCThread "G1 Young RemSet Sampling" [stack: 0x0000008a24600000,0x0000008a24700000] [id=6156]

Threads with active compile tasks:
C2 CompilerThread0 120142 11968   !   4       org.gradle.internal.instantiation.generator.AsmBackedClassGenerator$InvokeConstructorStrategy::newInstance (66 bytes)
C1 CompilerThread0 120142 12213       3       org.gradle.api.internal.artifacts.ivyservice.resolveengine.graph.builder.NodeState::visitOwners (123 bytes)

VM state:not at safepoint (normal execution)

VM Mutex/Monitor currently owned by a thread: None

Heap address: 0x0000000080000000, size: 2048 MB, Compressed Oops mode: 32-bit
Narrow klass base: 0x0000000000000000, Narrow klass shift: 3
Compressed class space size: 1073741824 Address: 0x0000000100000000

Heap:
 garbage-first heap   total 189440K, used 88325K [0x0000000080000000, 0x0000000100000000)
  region size 1024K, 11 young (11264K), 10 survivors (10240K)
 Metaspace       used 91959K, capacity 94199K, committed 94464K, reserved 1130496K
  class space    used 11857K, capacity 12689K, committed 12800K, reserved 1048576K
Heap Regions: E=young(eden), S=young(survivor), O=old, HS=humongous(starts), HC=humongous(continues), CS=collection set, F=free, A=archive, TAMS=top-at-mark-start (previous, next)
|   0|0x0000000080000000, 0x0000000080100000, 0x0000000080100000|100%| O|  |TAMS 0x0000000080100000, 0x0000000080000000| Untracked 
|   1|0x0000000080100000, 0x0000000080200000, 0x0000000080200000|100%| O|  |TAMS 0x0000000080200000, 0x0000000080100000| Untracked 
|   2|0x0000000080200000, 0x0000000080300000, 0x0000000080300000|100%| O|  |TAMS 0x0000000080300000, 0x0000000080200000| Untracked 
|   3|0x0000000080300000, 0x0000000080400000, 0x0000000080400000|100%|HS|  |TAMS 0x0000000080400000, 0x0000000080300000| Complete 
|   4|0x0000000080400000, 0x0000000080500000, 0x0000000080500000|100%|HC|  |TAMS 0x0000000080500000, 0x0000000080400000| Complete 
|   5|0x0000000080500000, 0x0000000080600000, 0x0000000080600000|100%|HC|  |TAMS 0x0000000080600000, 0x0000000080500000| Complete 
|   6|0x0000000080600000, 0x0000000080700000, 0x0000000080700000|100%| O|  |TAMS 0x0000000080700000, 0x0000000080600000| Untracked 
|   7|0x0000000080700000, 0x0000000080800000, 0x0000000080800000|100%| O|  |TAMS 0x0000000080800000, 0x0000000080700000| Untracked 
|   8|0x0000000080800000, 0x0000000080900000, 0x0000000080900000|100%| O|  |TAMS 0x0000000080900000, 0x0000000080800000| Untracked 
|   9|0x0000000080900000, 0x0000000080a00000, 0x0000000080a00000|100%| O|  |TAMS 0x0000000080a00000, 0x0000000080900000| Untracked 
|  10|0x0000000080a00000, 0x0000000080b00000, 0x0000000080b00000|100%| O|  |TAMS 0x0000000080b00000, 0x0000000080a00000| Untracked 
|  11|0x0000000080b00000, 0x0000000080c00000, 0x0000000080c00000|100%| O|  |TAMS 0x0000000080c00000, 0x0000000080b00000| Untracked 
|  12|0x0000000080c00000, 0x0000000080d00000, 0x0000000080d00000|100%| O|  |TAMS 0x0000000080d00000, 0x0000000080c00000| Untracked 
|  13|0x0000000080d00000, 0x0000000080e00000, 0x0000000080e00000|100%| O|  |TAMS 0x0000000080e00000, 0x0000000080d00000| Untracked 
|  14|0x0000000080e00000, 0x0000000080f00000, 0x0000000080f00000|100%| O|  |TAMS 0x0000000080f00000, 0x0000000080e00000| Untracked 
|  15|0x0000000080f00000, 0x0000000081000000, 0x0000000081000000|100%| O|  |TAMS 0x0000000081000000, 0x0000000080f00000| Untracked 
|  16|0x0000000081000000, 0x0000000081100000, 0x0000000081100000|100%|HS|  |TAMS 0x0000000081100000, 0x0000000081000000| Complete 
|  17|0x0000000081100000, 0x0000000081200000, 0x0000000081200000|100%|HS|  |TAMS 0x0000000081200000, 0x0000000081100000| Complete 
|  18|0x0000000081200000, 0x0000000081300000, 0x0000000081300000|100%|HS|  |TAMS 0x0000000081300000, 0x0000000081200000| Complete 
|  19|0x0000000081300000, 0x0000000081400000, 0x0000000081400000|100%|HS|  |TAMS 0x0000000081400000, 0x0000000081300000| Complete 
|  20|0x0000000081400000, 0x0000000081500000, 0x0000000081500000|100%|HC|  |TAMS 0x0000000081500000, 0x0000000081400000| Complete 
|  21|0x0000000081500000, 0x0000000081600000, 0x0000000081600000|100%|HC|  |TAMS 0x0000000081600000, 0x0000000081500000| Complete 
|  22|0x0000000081600000, 0x0000000081700000, 0x0000000081700000|100%| O|  |TAMS 0x0000000081700000, 0x0000000081600000| Untracked 
|  23|0x0000000081700000, 0x0000000081800000, 0x0000000081800000|100%| O|  |TAMS 0x0000000081800000, 0x0000000081700000| Untracked 
|  24|0x0000000081800000, 0x0000000081900000, 0x0000000081900000|100%| O|  |TAMS 0x0000000081900000, 0x0000000081800000| Untracked 
|  25|0x0000000081900000, 0x0000000081a00000, 0x0000000081a00000|100%| O|  |TAMS 0x0000000081a00000, 0x0000000081900000| Untracked 
|  26|0x0000000081a00000, 0x0000000081b00000, 0x0000000081b00000|100%| O|  |TAMS 0x0000000081b00000, 0x0000000081a00000| Untracked 
|  27|0x0000000081b00000, 0x0000000081c00000, 0x0000000081c00000|100%| O|  |TAMS 0x0000000081c00000, 0x0000000081b00000| Untracked 
|  28|0x0000000081c00000, 0x0000000081d00000, 0x0000000081d00000|100%|HS|  |TAMS 0x0000000081d00000, 0x0000000081c00000| Complete 
|  29|0x0000000081d00000, 0x0000000081e00000, 0x0000000081e00000|100%|HC|  |TAMS 0x0000000081e00000, 0x0000000081d00000| Complete 
|  30|0x0000000081e00000, 0x0000000081f00000, 0x0000000081f00000|100%| O|  |TAMS 0x0000000081f00000, 0x0000000081e00000| Untracked 
|  31|0x0000000081f00000, 0x0000000082000000, 0x0000000082000000|100%| O|  |TAMS 0x0000000082000000, 0x0000000081f00000| Untracked 
|  32|0x0000000082000000, 0x0000000082100000, 0x0000000082100000|100%| O|  |TAMS 0x0000000082100000, 0x0000000082000000| Untracked 
|  33|0x0000000082100000, 0x0000000082200000, 0x0000000082200000|100%| O|  |TAMS 0x0000000082200000, 0x0000000082100000| Untracked 
|  34|0x0000000082200000, 0x0000000082300000, 0x0000000082300000|100%| O|  |TAMS 0x0000000082300000, 0x0000000082200000| Untracked 
|  35|0x0000000082300000, 0x0000000082400000, 0x0000000082400000|100%| O|  |TAMS 0x0000000082400000, 0x0000000082300000| Untracked 
|  36|0x0000000082400000, 0x0000000082500000, 0x0000000082500000|100%| O|  |TAMS 0x0000000082500000, 0x0000000082400000| Untracked 
|  37|0x0000000082500000, 0x0000000082600000, 0x0000000082600000|100%| O|  |TAMS 0x0000000082600000, 0x0000000082500000| Untracked 
|  38|0x0000000082600000, 0x0000000082700000, 0x0000000082700000|100%| O|  |TAMS 0x0000000082700000, 0x0000000082600000| Untracked 
|  39|0x0000000082700000, 0x0000000082800000, 0x0000000082800000|100%| O|  |TAMS 0x0000000082800000, 0x0000000082700000| Untracked 
|  40|0x0000000082800000, 0x0000000082900000, 0x0000000082900000|100%| O|  |TAMS 0x0000000082900000, 0x0000000082800000| Untracked 
|  41|0x0000000082900000, 0x0000000082a00000, 0x0000000082a00000|100%| O|  |TAMS 0x0000000082a00000, 0x0000000082900000| Untracked 
|  42|0x0000000082a00000, 0x0000000082b00000, 0x0000000082b00000|100%| O|  |TAMS 0x0000000082b00000, 0x0000000082a00000| Untracked 
|  43|0x0000000082b00000, 0x0000000082c00000, 0x0000000082c00000|100%| O|  |TAMS 0x0000000082c00000, 0x0000000082b00000| Untracked 
|  44|0x0000000082c00000, 0x0000000082d00000, 0x0000000082d00000|100%| O|  |TAMS 0x0000000082d00000, 0x0000000082c00000| Untracked 
|  45|0x0000000082d00000, 0x0000000082e00000, 0x0000000082e00000|100%| O|  |TAMS 0x0000000082e00000, 0x0000000082d00000| Untracked 
|  46|0x0000000082e00000, 0x0000000082f00000, 0x0000000082f00000|100%| O|  |TAMS 0x0000000082f00000, 0x0000000082e00000| Untracked 
|  47|0x0000000082f00000, 0x0000000083000000, 0x0000000083000000|100%| O|  |TAMS 0x0000000082fc6e00, 0x0000000082f00000| Untracked 
|  48|0x0000000083000000, 0x0000000083100000, 0x0000000083100000|100%| O|  |TAMS 0x0000000083000000, 0x0000000083000000| Untracked 
|  49|0x0000000083100000, 0x0000000083200000, 0x0000000083200000|100%| O|  |TAMS 0x0000000083100000, 0x0000000083100000| Untracked 
|  50|0x0000000083200000, 0x0000000083300000, 0x0000000083300000|100%| O|  |TAMS 0x0000000083200000, 0x0000000083200000| Untracked 
|  51|0x0000000083300000, 0x0000000083400000, 0x0000000083400000|100%| O|  |TAMS 0x0000000083300000, 0x0000000083300000| Untracked 
|  52|0x0000000083400000, 0x0000000083500000, 0x0000000083500000|100%| O|  |TAMS 0x0000000083400000, 0x0000000083400000| Untracked 
|  53|0x0000000083500000, 0x0000000083600000, 0x0000000083600000|100%| O|  |TAMS 0x0000000083500000, 0x0000000083500000| Untracked 
|  54|0x0000000083600000, 0x0000000083700000, 0x0000000083700000|100%| O|  |TAMS 0x0000000083600000, 0x0000000083600000| Untracked 
|  55|0x0000000083700000, 0x0000000083800000, 0x0000000083800000|100%| O|  |TAMS 0x0000000083700000, 0x0000000083700000| Untracked 
|  56|0x0000000083800000, 0x0000000083900000, 0x0000000083900000|100%| O|  |TAMS 0x0000000083800000, 0x0000000083800000| Untracked 
|  57|0x0000000083900000, 0x0000000083a00000, 0x0000000083a00000|100%| O|  |TAMS 0x0000000083900000, 0x0000000083900000| Untracked 
|  58|0x0000000083a00000, 0x0000000083b00000, 0x0000000083b00000|100%| O|  |TAMS 0x0000000083a00000, 0x0000000083a00000| Untracked 
|  59|0x0000000083b00000, 0x0000000083c00000, 0x0000000083c00000|100%| O|  |TAMS 0x0000000083b00000, 0x0000000083b00000| Untracked 
|  60|0x0000000083c00000, 0x0000000083d00000, 0x0000000083d00000|100%| O|  |TAMS 0x0000000083c00000, 0x0000000083c00000| Untracked 
|  61|0x0000000083d00000, 0x0000000083e00000, 0x0000000083e00000|100%| O|  |TAMS 0x0000000083d00000, 0x0000000083d00000| Untracked 
|  62|0x0000000083e00000, 0x0000000083f00000, 0x0000000083f00000|100%| O|  |TAMS 0x0000000083e00000, 0x0000000083e00000| Untracked 
|  63|0x0000000083f00000, 0x0000000084000000, 0x0000000084000000|100%| O|  |TAMS 0x0000000083f00000, 0x0000000083f00000| Untracked 
|  64|0x0000000084000000, 0x0000000084100000, 0x0000000084100000|100%| O|  |TAMS 0x0000000084000000, 0x0000000084000000| Untracked 
|  65|0x0000000084100000, 0x0000000084200000, 0x0000000084200000|100%| O|  |TAMS 0x0000000084100000, 0x0000000084100000| Untracked 
|  66|0x0000000084200000, 0x0000000084300000, 0x0000000084300000|100%| O|  |TAMS 0x0000000084200000, 0x0000000084200000| Untracked 
|  67|0x0000000084300000, 0x0000000084400000, 0x0000000084400000|100%| O|  |TAMS 0x0000000084300000, 0x0000000084300000| Untracked 
|  68|0x0000000084400000, 0x0000000084500000, 0x0000000084500000|100%| O|  |TAMS 0x0000000084400000, 0x0000000084400000| Untracked 
|  69|0x0000000084500000, 0x0000000084600000, 0x0000000084600000|100%| O|  |TAMS 0x0000000084500000, 0x0000000084500000| Untracked 
|  70|0x0000000084600000, 0x0000000084700000, 0x0000000084700000|100%| O|  |TAMS 0x0000000084600000, 0x0000000084600000| Untracked 
|  71|0x0000000084700000, 0x0000000084800000, 0x0000000084800000|100%| O|  |TAMS 0x0000000084700000, 0x0000000084700000| Untracked 
|  72|0x0000000084800000, 0x0000000084900000, 0x0000000084900000|100%| O|  |TAMS 0x0000000084800000, 0x0000000084800000| Untracked 
|  73|0x0000000084900000, 0x0000000084a00000, 0x0000000084a00000|100%| O|  |TAMS 0x0000000084900000, 0x0000000084900000| Untracked 
|  74|0x0000000084a00000, 0x0000000084b00000, 0x0000000084b00000|100%| O|  |TAMS 0x0000000084a00000, 0x0000000084a00000| Untracked 
|  75|0x0000000084b00000, 0x0000000084c00000, 0x0000000084c00000|100%| O|  |TAMS 0x0000000084b00000, 0x0000000084b00000| Untracked 
|  76|0x0000000084c00000, 0x0000000084c41400, 0x0000000084d00000| 25%| O|  |TAMS 0x0000000084c00000, 0x0000000084c00000| Untracked 
|  77|0x0000000084d00000, 0x0000000084d00000, 0x0000000084e00000|  0%| F|  |TAMS 0x0000000084d00000, 0x0000000084d00000| Untracked 
|  78|0x0000000084e00000, 0x0000000084e00000, 0x0000000084f00000|  0%| F|  |TAMS 0x0000000084e00000, 0x0000000084e00000| Untracked 
|  79|0x0000000084f00000, 0x0000000084f00000, 0x0000000085000000|  0%| F|  |TAMS 0x0000000084f00000, 0x0000000084f00000| Untracked 
|  80|0x0000000085000000, 0x0000000085000000, 0x0000000085100000|  0%| F|  |TAMS 0x0000000085000000, 0x0000000085000000| Untracked 
|  81|0x0000000085100000, 0x0000000085100000, 0x0000000085200000|  0%| F|  |TAMS 0x0000000085100000, 0x0000000085100000| Untracked 
|  82|0x0000000085200000, 0x0000000085200000, 0x0000000085300000|  0%| F|  |TAMS 0x0000000085200000, 0x0000000085200000| Untracked 
|  83|0x0000000085300000, 0x0000000085300000, 0x0000000085400000|  0%| F|  |TAMS 0x0000000085300000, 0x0000000085300000| Untracked 
|  84|0x0000000085400000, 0x0000000085400000, 0x0000000085500000|  0%| F|  |TAMS 0x0000000085400000, 0x0000000085400000| Untracked 
|  85|0x0000000085500000, 0x0000000085500000, 0x0000000085600000|  0%| F|  |TAMS 0x0000000085500000, 0x0000000085500000| Untracked 
|  86|0x0000000085600000, 0x0000000085600000, 0x0000000085700000|  0%| F|  |TAMS 0x0000000085600000, 0x0000000085600000| Untracked 
|  87|0x0000000085700000, 0x0000000085700000, 0x0000000085800000|  0%| F|  |TAMS 0x0000000085700000, 0x0000000085700000| Untracked 
|  88|0x0000000085800000, 0x0000000085800000, 0x0000000085900000|  0%| F|  |TAMS 0x0000000085800000, 0x0000000085800000| Untracked 
|  89|0x0000000085900000, 0x0000000085900000, 0x0000000085a00000|  0%| F|  |TAMS 0x0000000085900000, 0x0000000085900000| Untracked 
|  90|0x0000000085a00000, 0x0000000085a00000, 0x0000000085b00000|  0%| F|  |TAMS 0x0000000085a00000, 0x0000000085a00000| Untracked 
|  91|0x0000000085b00000, 0x0000000085b00000, 0x0000000085c00000|  0%| F|  |TAMS 0x0000000085b00000, 0x0000000085b00000| Untracked 
|  92|0x0000000085c00000, 0x0000000085c00000, 0x0000000085d00000|  0%| F|  |TAMS 0x0000000085c00000, 0x0000000085c00000| Untracked 
|  93|0x0000000085d00000, 0x0000000085d00000, 0x0000000085e00000|  0%| F|  |TAMS 0x0000000085d00000, 0x0000000085d00000| Untracked 
|  94|0x0000000085e00000, 0x0000000085e00000, 0x0000000085f00000|  0%| F|  |TAMS 0x0000000085e00000, 0x0000000085e00000| Untracked 
|  95|0x0000000085f00000, 0x0000000085f00000, 0x0000000086000000|  0%| F|  |TAMS 0x0000000085f00000, 0x0000000085f00000| Untracked 
|  96|0x0000000086000000, 0x0000000086000000, 0x0000000086100000|  0%| F|  |TAMS 0x0000000086000000, 0x0000000086000000| Untracked 
|  97|0x0000000086100000, 0x0000000086100000, 0x0000000086200000|  0%| F|  |TAMS 0x0000000086100000, 0x0000000086100000| Untracked 
|  98|0x0000000086200000, 0x0000000086200000, 0x0000000086300000|  0%| F|  |TAMS 0x0000000086200000, 0x0000000086200000| Untracked 
|  99|0x0000000086300000, 0x0000000086300000, 0x0000000086400000|  0%| F|  |TAMS 0x0000000086300000, 0x0000000086300000| Untracked 
| 100|0x0000000086400000, 0x0000000086500000, 0x0000000086500000|100%| S|CS|TAMS 0x0000000086400000, 0x0000000086400000| Complete 
| 101|0x0000000086500000, 0x0000000086600000, 0x0000000086600000|100%| S|CS|TAMS 0x0000000086500000, 0x0000000086500000| Complete 
| 102|0x0000000086600000, 0x0000000086600000, 0x0000000086700000|  0%| F|  |TAMS 0x0000000086600000, 0x0000000086600000| Untracked 
| 103|0x0000000086700000, 0x0000000086700000, 0x0000000086800000|  0%| F|  |TAMS 0x0000000086700000, 0x0000000086700000| Untracked 
| 104|0x0000000086800000, 0x0000000086800000, 0x0000000086900000|  0%| F|  |TAMS 0x0000000086800000, 0x0000000086800000| Untracked 
| 105|0x0000000086900000, 0x0000000086a00000, 0x0000000086a00000|100%| S|CS|TAMS 0x0000000086900000, 0x0000000086900000| Complete 
| 106|0x0000000086a00000, 0x0000000086b00000, 0x0000000086b00000|100%| S|CS|TAMS 0x0000000086a00000, 0x0000000086a00000| Complete 
| 107|0x0000000086b00000, 0x0000000086c00000, 0x0000000086c00000|100%| S|CS|TAMS 0x0000000086b00000, 0x0000000086b00000| Complete 
| 108|0x0000000086c00000, 0x0000000086d00000, 0x0000000086d00000|100%| S|CS|TAMS 0x0000000086c00000, 0x0000000086c00000| Complete 
| 109|0x0000000086d00000, 0x0000000086e00000, 0x0000000086e00000|100%| S|CS|TAMS 0x0000000086d00000, 0x0000000086d00000| Complete 
| 110|0x0000000086e00000, 0x0000000086f00000, 0x0000000086f00000|100%| S|CS|TAMS 0x0000000086e00000, 0x0000000086e00000| Complete 
| 111|0x0000000086f00000, 0x0000000087000000, 0x0000000087000000|100%| S|CS|TAMS 0x0000000086f00000, 0x0000000086f00000| Complete 
| 112|0x0000000087000000, 0x0000000087100000, 0x0000000087100000|100%| S|CS|TAMS 0x0000000087000000, 0x0000000087000000| Complete 
| 113|0x0000000087100000, 0x0000000087100000, 0x0000000087200000|  0%| F|  |TAMS 0x0000000087100000, 0x0000000087100000| Untracked 
| 114|0x0000000087200000, 0x0000000087200000, 0x0000000087300000|  0%| F|  |TAMS 0x0000000087200000, 0x0000000087200000| Untracked 
| 115|0x0000000087300000, 0x0000000087300000, 0x0000000087400000|  0%| F|  |TAMS 0x0000000087300000, 0x0000000087300000| Untracked 
| 116|0x0000000087400000, 0x0000000087400000, 0x0000000087500000|  0%| F|  |TAMS 0x0000000087400000, 0x0000000087400000| Untracked 
| 117|0x0000000087500000, 0x0000000087500000, 0x0000000087600000|  0%| F|  |TAMS 0x0000000087500000, 0x0000000087500000| Untracked 
| 118|0x0000000087600000, 0x0000000087600000, 0x0000000087700000|  0%| F|  |TAMS 0x0000000087600000, 0x0000000087600000| Untracked 
| 119|0x0000000087700000, 0x0000000087700000, 0x0000000087800000|  0%| F|  |TAMS 0x0000000087700000, 0x0000000087700000| Untracked 
| 120|0x0000000087800000, 0x0000000087800000, 0x0000000087900000|  0%| F|  |TAMS 0x0000000087800000, 0x0000000087800000| Untracked 
| 121|0x0000000087900000, 0x0000000087900000, 0x0000000087a00000|  0%| F|  |TAMS 0x0000000087900000, 0x0000000087900000| Untracked 
| 122|0x0000000087a00000, 0x0000000087a00000, 0x0000000087b00000|  0%| F|  |TAMS 0x0000000087a00000, 0x0000000087a00000| Untracked 
| 123|0x0000000087b00000, 0x0000000087b00000, 0x0000000087c00000|  0%| F|  |TAMS 0x0000000087b00000, 0x0000000087b00000| Untracked 
| 124|0x0000000087c00000, 0x0000000087c00000, 0x0000000087d00000|  0%| F|  |TAMS 0x0000000087c00000, 0x0000000087c00000| Untracked 
| 125|0x0000000087d00000, 0x0000000087d00000, 0x0000000087e00000|  0%| F|  |TAMS 0x0000000087d00000, 0x0000000087d00000| Untracked 
| 126|0x0000000087e00000, 0x0000000087e00000, 0x0000000087f00000|  0%| F|  |TAMS 0x0000000087e00000, 0x0000000087e00000| Untracked 
| 127|0x0000000087f00000, 0x0000000087f00000, 0x0000000088000000|  0%| F|  |TAMS 0x0000000087f00000, 0x0000000087f00000| Untracked 
| 128|0x0000000088000000, 0x0000000088000000, 0x0000000088100000|  0%| F|  |TAMS 0x0000000088000000, 0x0000000088000000| Untracked 
| 129|0x0000000088100000, 0x0000000088100000, 0x0000000088200000|  0%| F|  |TAMS 0x0000000088100000, 0x0000000088100000| Untracked 
| 130|0x0000000088200000, 0x0000000088200000, 0x0000000088300000|  0%| F|  |TAMS 0x0000000088200000, 0x0000000088200000| Untracked 
| 131|0x0000000088300000, 0x0000000088300000, 0x0000000088400000|  0%| F|  |TAMS 0x0000000088300000, 0x0000000088300000| Untracked 
| 132|0x0000000088400000, 0x0000000088400000, 0x0000000088500000|  0%| F|  |TAMS 0x0000000088400000, 0x0000000088400000| Untracked 
| 133|0x0000000088500000, 0x0000000088500000, 0x0000000088600000|  0%| F|  |TAMS 0x0000000088500000, 0x0000000088500000| Untracked 
| 134|0x0000000088600000, 0x0000000088600000, 0x0000000088700000|  0%| F|  |TAMS 0x0000000088600000, 0x0000000088600000| Untracked 
| 135|0x0000000088700000, 0x0000000088700000, 0x0000000088800000|  0%| F|  |TAMS 0x0000000088700000, 0x0000000088700000| Untracked 
| 136|0x0000000088800000, 0x0000000088800000, 0x0000000088900000|  0%| F|  |TAMS 0x0000000088800000, 0x0000000088800000| Untracked 
| 137|0x0000000088900000, 0x0000000088900000, 0x0000000088a00000|  0%| F|  |TAMS 0x0000000088900000, 0x0000000088900000| Untracked 
| 138|0x0000000088a00000, 0x0000000088a00000, 0x0000000088b00000|  0%| F|  |TAMS 0x0000000088a00000, 0x0000000088a00000| Untracked 
| 139|0x0000000088b00000, 0x0000000088b00000, 0x0000000088c00000|  0%| F|  |TAMS 0x0000000088b00000, 0x0000000088b00000| Untracked 
| 140|0x0000000088c00000, 0x0000000088c00000, 0x0000000088d00000|  0%| F|  |TAMS 0x0000000088c00000, 0x0000000088c00000| Untracked 
| 141|0x0000000088d00000, 0x0000000088d00000, 0x0000000088e00000|  0%| F|  |TAMS 0x0000000088d00000, 0x0000000088d00000| Untracked 
| 142|0x0000000088e00000, 0x0000000088e00000, 0x0000000088f00000|  0%| F|  |TAMS 0x0000000088e00000, 0x0000000088e00000| Untracked 
| 143|0x0000000088f00000, 0x0000000088f00000, 0x0000000089000000|  0%| F|  |TAMS 0x0000000088f00000, 0x0000000088f00000| Untracked 
| 144|0x0000000089000000, 0x0000000089000000, 0x0000000089100000|  0%| F|  |TAMS 0x0000000089000000, 0x0000000089000000| Untracked 
| 145|0x0000000089100000, 0x0000000089100000, 0x0000000089200000|  0%| F|  |TAMS 0x0000000089100000, 0x0000000089100000| Untracked 
| 146|0x0000000089200000, 0x0000000089200000, 0x0000000089300000|  0%| F|  |TAMS 0x0000000089200000, 0x0000000089200000| Untracked 
| 147|0x0000000089300000, 0x0000000089300000, 0x0000000089400000|  0%| F|  |TAMS 0x0000000089300000, 0x0000000089300000| Untracked 
| 148|0x0000000089400000, 0x0000000089400000, 0x0000000089500000|  0%| F|  |TAMS 0x0000000089400000, 0x0000000089400000| Untracked 
| 149|0x0000000089500000, 0x0000000089500000, 0x0000000089600000|  0%| F|  |TAMS 0x0000000089500000, 0x0000000089500000| Untracked 
| 150|0x0000000089600000, 0x0000000089600000, 0x0000000089700000|  0%| F|  |TAMS 0x0000000089600000, 0x0000000089600000| Untracked 
| 151|0x0000000089700000, 0x0000000089700000, 0x0000000089800000|  0%| F|  |TAMS 0x0000000089700000, 0x0000000089700000| Untracked 
| 152|0x0000000089800000, 0x0000000089800000, 0x0000000089900000|  0%| F|  |TAMS 0x0000000089800000, 0x0000000089800000| Untracked 
| 153|0x0000000089900000, 0x0000000089900000, 0x0000000089a00000|  0%| F|  |TAMS 0x0000000089900000, 0x0000000089900000| Untracked 
| 154|0x0000000089a00000, 0x0000000089a00000, 0x0000000089b00000|  0%| F|  |TAMS 0x0000000089a00000, 0x0000000089a00000| Untracked 
| 155|0x0000000089b00000, 0x0000000089b00000, 0x0000000089c00000|  0%| F|  |TAMS 0x0000000089b00000, 0x0000000089b00000| Untracked 
| 156|0x0000000089c00000, 0x0000000089c00000, 0x0000000089d00000|  0%| F|  |TAMS 0x0000000089c00000, 0x0000000089c00000| Untracked 
| 157|0x0000000089d00000, 0x0000000089d00000, 0x0000000089e00000|  0%| F|  |TAMS 0x0000000089d00000, 0x0000000089d00000| Untracked 
| 158|0x0000000089e00000, 0x0000000089e00000, 0x0000000089f00000|  0%| F|  |TAMS 0x0000000089e00000, 0x0000000089e00000| Untracked 
| 159|0x0000000089f00000, 0x0000000089f00000, 0x000000008a000000|  0%| F|  |TAMS 0x0000000089f00000, 0x0000000089f00000| Untracked 
| 160|0x000000008a000000, 0x000000008a000000, 0x000000008a100000|  0%| F|  |TAMS 0x000000008a000000, 0x000000008a000000| Untracked 
| 161|0x000000008a100000, 0x000000008a100000, 0x000000008a200000|  0%| F|  |TAMS 0x000000008a100000, 0x000000008a100000| Untracked 
| 162|0x000000008a200000, 0x000000008a200000, 0x000000008a300000|  0%| F|  |TAMS 0x000000008a200000, 0x000000008a200000| Untracked 
| 163|0x000000008a300000, 0x000000008a300000, 0x000000008a400000|  0%| F|  |TAMS 0x000000008a300000, 0x000000008a300000| Untracked 
| 164|0x000000008a400000, 0x000000008a400000, 0x000000008a500000|  0%| F|  |TAMS 0x000000008a400000, 0x000000008a400000| Untracked 
| 165|0x000000008a500000, 0x000000008a500000, 0x000000008a600000|  0%| F|  |TAMS 0x000000008a500000, 0x000000008a500000| Untracked 
| 166|0x000000008a600000, 0x000000008a600000, 0x000000008a700000|  0%| F|  |TAMS 0x000000008a600000, 0x000000008a600000| Untracked 
| 167|0x000000008a700000, 0x000000008a700000, 0x000000008a800000|  0%| F|  |TAMS 0x000000008a700000, 0x000000008a700000| Untracked 
| 168|0x000000008a800000, 0x000000008a800000, 0x000000008a900000|  0%| F|  |TAMS 0x000000008a800000, 0x000000008a800000| Untracked 
| 169|0x000000008a900000, 0x000000008a900000, 0x000000008aa00000|  0%| F|  |TAMS 0x000000008a900000, 0x000000008a900000| Untracked 
| 170|0x000000008aa00000, 0x000000008aa00000, 0x000000008ab00000|  0%| F|  |TAMS 0x000000008aa00000, 0x000000008aa00000| Untracked 
| 171|0x000000008ab00000, 0x000000008ab00000, 0x000000008ac00000|  0%| F|  |TAMS 0x000000008ab00000, 0x000000008ab00000| Untracked 
| 172|0x000000008ac00000, 0x000000008ac00000, 0x000000008ad00000|  0%| F|  |TAMS 0x000000008ac00000, 0x000000008ac00000| Untracked 
| 173|0x000000008ad00000, 0x000000008ad00000, 0x000000008ae00000|  0%| F|  |TAMS 0x000000008ad00000, 0x000000008ad00000| Untracked 
| 174|0x000000008ae00000, 0x000000008ae00000, 0x000000008af00000|  0%| F|  |TAMS 0x000000008ae00000, 0x000000008ae00000| Untracked 
| 175|0x000000008af00000, 0x000000008af00000, 0x000000008b000000|  0%| F|  |TAMS 0x000000008af00000, 0x000000008af00000| Untracked 
| 176|0x000000008b000000, 0x000000008b000000, 0x000000008b100000|  0%| F|  |TAMS 0x000000008b000000, 0x000000008b000000| Untracked 
| 177|0x000000008b100000, 0x000000008b100000, 0x000000008b200000|  0%| F|  |TAMS 0x000000008b100000, 0x000000008b100000| Untracked 
| 178|0x000000008b200000, 0x000000008b200000, 0x000000008b300000|  0%| F|  |TAMS 0x000000008b200000, 0x000000008b200000| Untracked 
| 179|0x000000008b300000, 0x000000008b300000, 0x000000008b400000|  0%| F|  |TAMS 0x000000008b300000, 0x000000008b300000| Untracked 
| 180|0x000000008b400000, 0x000000008b400000, 0x000000008b500000|  0%| F|  |TAMS 0x000000008b400000, 0x000000008b400000| Untracked 
| 181|0x000000008b500000, 0x000000008b500000, 0x000000008b600000|  0%| F|  |TAMS 0x000000008b500000, 0x000000008b500000| Untracked 
| 182|0x000000008b600000, 0x000000008b600000, 0x000000008b700000|  0%| F|  |TAMS 0x000000008b600000, 0x000000008b600000| Untracked 
| 183|0x000000008b700000, 0x000000008b700000, 0x000000008b800000|  0%| F|  |TAMS 0x000000008b700000, 0x000000008b700000| Untracked 
| 184|0x000000008b800000, 0x000000008b859d38, 0x000000008b900000| 35%| E|  |TAMS 0x000000008b800000, 0x000000008b800000| Complete 

Card table byte_map: [0x000001ed33ad0000,0x000001ed33ed0000] _byte_map_base: 0x000001ed336d0000

Marking Bits (Prev, Next): (CMBitMap*) 0x000001ed20c1ae48, (CMBitMap*) 0x000001ed20c1ae80
 Prev Bits: [0x000001ed342d0000, 0x000001ed362d0000)
 Next Bits: [0x000001ed362d0000, 0x000001ed382d0000)

Polling page: 0x000001ed203c0000

Metaspace:

Usage:
  Non-class:     79.60 MB capacity,    78.23 MB ( 98%) used,     1.12 MB (  1%) free+waste,   262.88 KB ( <1%) overhead. 
      Class:     12.39 MB capacity,    11.58 MB ( 93%) used,   714.15 KB (  6%) free+waste,   117.13 KB ( <1%) overhead. 
       Both:     91.99 MB capacity,    89.81 MB ( 98%) used,     1.81 MB (  2%) free+waste,   380.00 KB ( <1%) overhead. 

Virtual space:
  Non-class space:       80.00 MB reserved,      79.75 MB (>99%) committed 
      Class space:        1.00 GB reserved,      12.50 MB (  1%) committed 
             Both:        1.08 GB reserved,      92.25 MB (  8%) committed 

Chunk freelists:
   Non-Class:  26.00 KB
       Class:  0 bytes
        Both:  26.00 KB

MaxMetaspaceSize: 17179869184.00 GB
CompressedClassSpaceSize: 1.00 GB

CodeHeap 'non-profiled nmethods': size=120064Kb used=7104Kb max_used=7104Kb free=112959Kb
 bounds [0x000001ed2c190000, 0x000001ed2c890000, 0x000001ed336d0000]
CodeHeap 'profiled nmethods': size=120000Kb used=26288Kb max_used=26288Kb free=93711Kb
 bounds [0x000001ed24c60000, 0x000001ed26610000, 0x000001ed2c190000]
CodeHeap 'non-nmethods': size=5696Kb used=2297Kb max_used=2346Kb free=3398Kb
 bounds [0x000001ed246d0000, 0x000001ed24940000, 0x000001ed24c60000]
 total_blobs=13010 nmethods=12104 adapters=817
 compilation: enabled
              stopped_count=0, restarted_count=0
 full_count=0

Compilation events (20 events):
Event: 120.054 Thread 0x000001ed3a7df800 12164       3       com.android.build.gradle.internal.dependency.ConstraintHandler$execute$1$1::execute (9 bytes)
Event: 120.054 Thread 0x000001ed3a7df800 nmethod 12164 0x000001ed265d2610 code [0x000001ed265d27e0, 0x000001ed265d2a08]
Event: 120.054 Thread 0x000001ed3a7df800 12165  s    3       com.android.build.gradle.internal.services.StringCachingBuildService::cacheString (47 bytes)
Event: 120.055 Thread 0x000001ed3a7df800 nmethod 12165 0x000001ed265d2b10 code [0x000001ed265d2d60, 0x000001ed265d3758]
Event: 120.055 Thread 0x000001ed3a7df800 12166       3       com.android.build.gradle.internal.dependency.ConstraintHandler$execute$1$1$1::<init> (10 bytes)
Event: 120.055 Thread 0x000001ed3a7df800 nmethod 12166 0x000001ed265d3a90 code [0x000001ed265d3c40, 0x000001ed265d3df8]
Event: 120.055 Thread 0x000001ed3a7df800 12167       3       org.gradle.api.internal.artifacts.dependencies.DefaultDependencyConstraint::version (11 bytes)
Event: 120.055 Thread 0x000001ed3a7df800 nmethod 12167 0x000001ed265d3e90 code [0x000001ed265d4040, 0x000001ed265d4208]
Event: 120.055 Thread 0x000001ed3a7df800 12168       3       com.android.build.gradle.internal.dependency.ConstraintHandler$execute$1$1$1::execute (9 bytes)
Event: 120.056 Thread 0x000001ed3a7df800 nmethod 12168 0x000001ed265d4310 code [0x000001ed265d4500, 0x000001ed265d4a28]
Event: 120.056 Thread 0x000001ed3a7df800 12169       3       org.gradle.api.internal.artifacts.DefaultDependencyConstraintSet::add (9 bytes)
Event: 120.056 Thread 0x000001ed3a7df800 nmethod 12169 0x000001ed265d4c10 code [0x000001ed265d4e00, 0x000001ed265d5258]
Event: 120.059 Thread 0x000001ed3a7df800 12170   !   3       jdk.internal.reflect.GeneratedConstructorAccessor67::newInstance (69 bytes)
Event: 120.061 Thread 0x000001ed3a7df800 nmethod 12170 0x000001ed265d5410 code [0x000001ed265d5700, 0x000001ed265d6878]
Event: 120.061 Thread 0x000001ed3a7df800 12171       3       org.gradle.api.internal.collections.AbstractIterationOrderRetainingElementSource$Element::<init> (44 bytes)
Event: 120.062 Thread 0x000001ed3a7df800 nmethod 12171 0x000001ed265d7010 code [0x000001ed265d7300, 0x000001ed265d8508]
Event: 120.064 Thread 0x000001ed3a7df800 12172       3       org.gradle.api.internal.collections.AbstractIterationOrderRetainingElementSource$Element::realize (130 bytes)
Event: 120.065 Thread 0x000001ed3a7df800 nmethod 12172 0x000001ed265d8a90 code [0x000001ed265d8dc0, 0x000001ed265da258]
Event: 120.067 Thread 0x000001ed3a7df800 12173       3       org.gradle.api.internal.artifacts.dependencies.DefaultMutableVersionConstraint::<init> (69 bytes)
Event: 120.068 Thread 0x000001ed3a7df800 nmethod 12173 0x000001ed265da890 code [0x000001ed265dab60, 0x000001ed265dbae8]

GC Heap History (20 events):
Event: 8.555 GC heap before
{Heap before GC invocations=9 (full 0):
 garbage-first heap   total 157696K, used 113362K [0x0000000080000000, 0x0000000100000000)
  region size 1024K, 92 young (94208K), 6 survivors (6144K)
 Metaspace       used 42469K, capacity 43413K, committed 43648K, reserved 1087488K
  class space    used 5387K, capacity 5739K, committed 5760K, reserved 1048576K
}
Event: 8.571 GC heap after
{Heap after GC invocations=10 (full 0):
 garbage-first heap   total 157696K, used 27257K [0x0000000080000000, 0x0000000100000000)
  region size 1024K, 11 young (11264K), 11 survivors (11264K)
 Metaspace       used 42469K, capacity 43413K, committed 43648K, reserved 1087488K
  class space    used 5387K, capacity 5739K, committed 5760K, reserved 1048576K
}
Event: 10.311 GC heap before
{Heap before GC invocations=10 (full 0):
 garbage-first heap   total 157696K, used 115321K [0x0000000080000000, 0x0000000100000000)
  region size 1024K, 92 young (94208K), 11 survivors (11264K)
 Metaspace       used 47152K, capacity 48267K, committed 48512K, reserved 1091584K
  class space    used 6016K, capacity 6435K, committed 6528K, reserved 1048576K
}
Event: 10.329 GC heap after
{Heap after GC invocations=11 (full 0):
 garbage-first heap   total 157696K, used 40304K [0x0000000080000000, 0x0000000100000000)
  region size 1024K, 12 young (12288K), 12 survivors (12288K)
 Metaspace       used 47152K, capacity 48267K, committed 48512K, reserved 1091584K
  class space    used 6016K, capacity 6435K, committed 6528K, reserved 1048576K
}
Event: 12.027 GC heap before
{Heap before GC invocations=11 (full 0):
 garbage-first heap   total 157696K, used 119152K [0x0000000080000000, 0x0000000100000000)
  region size 1024K, 88 young (90112K), 12 survivors (12288K)
 Metaspace       used 56567K, capacity 57965K, committed 58240K, reserved 1099776K
  class space    used 7190K, capacity 7709K, committed 7808K, reserved 1048576K
}
Event: 12.046 GC heap after
{Heap after GC invocations=12 (full 0):
 garbage-first heap   total 157696K, used 49270K [0x0000000080000000, 0x0000000100000000)
  region size 1024K, 7 young (7168K), 7 survivors (7168K)
 Metaspace       used 56567K, capacity 57965K, committed 58240K, reserved 1099776K
  class space    used 7190K, capacity 7709K, committed 7808K, reserved 1048576K
}
Event: 12.303 GC heap before
{Heap before GC invocations=12 (full 0):
 garbage-first heap   total 157696K, used 58486K [0x0000000080000000, 0x0000000100000000)
  region size 1024K, 17 young (17408K), 7 survivors (7168K)
 Metaspace       used 58568K, capacity 60087K, committed 60160K, reserved 1101824K
  class space    used 7427K, capacity 8011K, committed 8064K, reserved 1048576K
}
Event: 12.316 GC heap after
{Heap after GC invocations=13 (full 0):
 garbage-first heap   total 189440K, used 50849K [0x0000000080000000, 0x0000000100000000)
  region size 1024K, 2 young (2048K), 2 survivors (2048K)
 Metaspace       used 58568K, capacity 60087K, committed 60160K, reserved 1101824K
  class space    used 7427K, capacity 8011K, committed 8064K, reserved 1048576K
}
Event: 14.250 GC heap before
{Heap before GC invocations=14 (full 0):
 garbage-first heap   total 189440K, used 140961K [0x0000000080000000, 0x0000000100000000)
  region size 1024K, 90 young (92160K), 2 survivors (2048K)
 Metaspace       used 65576K, capacity 67218K, committed 67328K, reserved 1107968K
  class space    used 8322K, capacity 8922K, committed 8960K, reserved 1048576K
}
Event: 14.265 GC heap after
{Heap after GC invocations=15 (full 0):
 garbage-first heap   total 189440K, used 57115K [0x0000000080000000, 0x0000000100000000)
  region size 1024K, 8 young (8192K), 8 survivors (8192K)
 Metaspace       used 65576K, capacity 67218K, committed 67328K, reserved 1107968K
  class space    used 8322K, capacity 8922K, committed 8960K, reserved 1048576K
}
Event: 16.000 GC heap before
{Heap before GC invocations=16 (full 0):
 garbage-first heap   total 189440K, used 145179K [0x0000000080000000, 0x0000000100000000)
  region size 1024K, 94 young (96256K), 8 survivors (8192K)
 Metaspace       used 74233K, capacity 75873K, committed 76160K, reserved 1116160K
  class space    used 9642K, capacity 10262K, committed 10368K, reserved 1048576K
}
Event: 16.018 GC heap after
{Heap after GC invocations=17 (full 0):
 garbage-first heap   total 189440K, used 62647K [0x0000000080000000, 0x0000000100000000)
  region size 1024K, 6 young (6144K), 6 survivors (6144K)
 Metaspace       used 74233K, capacity 75873K, committed 76160K, reserved 1116160K
  class space    used 9642K, capacity 10262K, committed 10368K, reserved 1048576K
}
Event: 17.775 GC heap before
{Heap before GC invocations=17 (full 0):
 garbage-first heap   total 189440K, used 147639K [0x0000000080000000, 0x0000000100000000)
  region size 1024K, 89 young (91136K), 6 survivors (6144K)
 Metaspace       used 81593K, capacity 83510K, committed 83584K, reserved 1122304K
  class space    used 10656K, capacity 11372K, committed 11392K, reserved 1048576K
}
Event: 17.791 GC heap after
{Heap after GC invocations=18 (full 0):
 garbage-first heap   total 189440K, used 68414K [0x0000000080000000, 0x0000000100000000)
  region size 1024K, 12 young (12288K), 12 survivors (12288K)
 Metaspace       used 81593K, capacity 83510K, committed 83584K, reserved 1122304K
  class space    used 10656K, capacity 11372K, committed 11392K, reserved 1048576K
}
Event: 19.453 GC heap before
{Heap before GC invocations=18 (full 0):
 garbage-first heap   total 189440K, used 149310K [0x0000000080000000, 0x0000000100000000)
  region size 1024K, 92 young (94208K), 12 survivors (12288K)
 Metaspace       used 82949K, capacity 84986K, committed 85120K, reserved 1122304K
  class space    used 10769K, capacity 11536K, committed 11648K, reserved 1048576K
}
Event: 19.482 GC heap after
{Heap after GC invocations=19 (full 0):
 garbage-first heap   total 189440K, used 73875K [0x0000000080000000, 0x0000000100000000)
  region size 1024K, 12 young (12288K), 12 survivors (12288K)
 Metaspace       used 82949K, capacity 84986K, committed 85120K, reserved 1122304K
  class space    used 10769K, capacity 11536K, committed 11648K, reserved 1048576K
}
Event: 20.717 GC heap before
{Heap before GC invocations=19 (full 0):
 garbage-first heap   total 189440K, used 150675K [0x0000000080000000, 0x0000000100000000)
  region size 1024K, 88 young (90112K), 12 survivors (12288K)
 Metaspace       used 86500K, capacity 88511K, committed 88576K, reserved 1126400K
  class space    used 11236K, capacity 11994K, committed 12032K, reserved 1048576K
}
Event: 20.736 GC heap after
{Heap after GC invocations=20 (full 0):
 garbage-first heap   total 189440K, used 77428K [0x0000000080000000, 0x0000000100000000)
  region size 1024K, 9 young (9216K), 9 survivors (9216K)
 Metaspace       used 86500K, capacity 88511K, committed 88576K, reserved 1126400K
  class space    used 11236K, capacity 11994K, committed 12032K, reserved 1048576K
}
Event: 22.367 GC heap before
{Heap before GC invocations=20 (full 0):
 garbage-first heap   total 189440K, used 154228K [0x0000000080000000, 0x0000000100000000)
  region size 1024K, 85 young (87040K), 9 survivors (9216K)
 Metaspace       used 90409K, capacity 92594K, committed 92800K, reserved 1130496K
  class space    used 11755K, capacity 12577K, committed 12672K, reserved 1048576K
}
Event: 22.385 GC heap after
{Heap after GC invocations=21 (full 0):
 garbage-first heap   total 189440K, used 82030K [0x0000000080000000, 0x0000000100000000)
  region size 1024K, 8 young (8192K), 8 survivors (8192K)
 Metaspace       used 90409K, capacity 92594K, committed 92800K, reserved 1130496K
  class space    used 11755K, capacity 12577K, committed 12672K, reserved 1048576K
}

Deoptimization events (20 events):
Event: 119.271 Thread 0x000001ed412b9000 DEOPT PACKING pc=0x000001ed2c7f1e5c sp=0x0000008a256f9820
Event: 119.271 Thread 0x000001ed412b9000 DEOPT UNPACKING pc=0x000001ed246f78af sp=0x0000008a256f97f0 mode 2
Event: 119.271 Thread 0x000001ed412b9000 Uncommon trap: trap_request=0xffffffde fr.pc=0x000001ed2c7f15ec relative=0x000000000000022c
Event: 119.271 Thread 0x000001ed412b9000 Uncommon trap: reason=class_check action=maybe_recompile pc=0x000001ed2c7f15ec method=java.util.Collections.indexedBinarySearch(Ljava/util/List;Ljava/lang/Object;Ljava/util/Comparator;)I @ 3 c2
Event: 119.271 Thread 0x000001ed412b9000 DEOPT PACKING pc=0x000001ed2c7f15ec sp=0x0000008a256f97a0
Event: 119.271 Thread 0x000001ed412b9000 DEOPT UNPACKING pc=0x000001ed246f78af sp=0x0000008a256f9748 mode 2
Event: 119.487 Thread 0x000001ed412b9000 Uncommon trap: trap_request=0xffffffbe fr.pc=0x000001ed2c2b13c0 relative=0x0000000000000600
Event: 119.487 Thread 0x000001ed412b9000 Uncommon trap: reason=profile_predicate action=maybe_recompile pc=0x000001ed2c2b13c0 method=com.google.common.base.CharMatcher.indexIn(Ljava/lang/CharSequence;I)I @ 19 c2
Event: 119.487 Thread 0x000001ed412b9000 DEOPT PACKING pc=0x000001ed2c2b13c0 sp=0x0000008a256f90f0
Event: 119.487 Thread 0x000001ed412b9000 DEOPT UNPACKING pc=0x000001ed246f78af sp=0x0000008a256f9088 mode 2
Event: 119.587 Thread 0x000001ed412b9000 DEOPT PACKING pc=0x000001ed251283f9 sp=0x0000008a256f9c80
Event: 119.587 Thread 0x000001ed412b9000 DEOPT UNPACKING pc=0x000001ed246f76ce sp=0x0000008a256f9148 mode 0
Event: 119.715 Thread 0x000001ed412b9000 DEOPT PACKING pc=0x000001ed25252196 sp=0x0000008a256f9b80
Event: 119.715 Thread 0x000001ed412b9000 DEOPT UNPACKING pc=0x000001ed246f76ce sp=0x0000008a256f9098 mode 0
Event: 119.718 Thread 0x000001ed412b9000 DEOPT PACKING pc=0x000001ed25128691 sp=0x0000008a256fa510
Event: 119.718 Thread 0x000001ed412b9000 DEOPT UNPACKING pc=0x000001ed246f76ce sp=0x0000008a256f99e8 mode 0
Event: 119.779 Thread 0x000001ed412b9000 DEOPT PACKING pc=0x000001ed25b6a5bd sp=0x0000008a256fa500
Event: 119.779 Thread 0x000001ed412b9000 DEOPT UNPACKING pc=0x000001ed246f76ce sp=0x0000008a256f99c8 mode 0
Event: 119.876 Thread 0x000001ed412b9000 DEOPT PACKING pc=0x000001ed25a031a4 sp=0x0000008a256fa9f0
Event: 119.876 Thread 0x000001ed412b9000 DEOPT UNPACKING pc=0x000001ed246f76ce sp=0x0000008a256f9f10 mode 0

Classes redefined (0 events):
No events

Internal exceptions (20 events):
Event: 21.757 Thread 0x000001ed412c0800 Exception <a 'java/lang/NoSuchMethodError'{0x000000008897de50}: 'java.lang.Object java.lang.invoke.Invokers$Holder.linkToTargetMethod(java.lang.Object, long, java.lang.Object)'> (0x000000008897de50) thrown at [./src/hotspot/share/interpreter/linkResolver.cpp, line 773]
Event: 22.007 Thread 0x000001ed412c0800 Exception <a 'java/lang/reflect/InvocationTargetException'{0x000000008873c288}> (0x000000008873c288) thrown at [./src/hotspot/share/runtime/reflection.cpp, line 1247]
Event: 22.012 Thread 0x000001ed412c0800 Exception <a 'java/lang/NoSuchMethodError'{0x0000000088792aa0}: 'void java.lang.invoke.DirectMethodHandle$Holder.invokeStatic(java.lang.Object, java.lang.Object, java.lang.Object, java.lang.Object, java.lang.Object, java.lang.Object, java.lang.Object)'> (0x0000000088792aa0) thrown at [./src/hotspot/share/interpreter/linkResolver.cpp, line 773]
Event: 22.035 Thread 0x000001ed3d8f9000 Exception <a 'java/lang/NoSuchMethodError'{0x0000000088554918}: <clinit>> (0x0000000088554918) thrown at [./src/hotspot/share/prims/jni.cpp, line 1362]
Event: 22.040 Thread 0x000001ed3d8f9000 Exception <a 'java/lang/NoSuchMethodError'{0x00000000885e45d8}: <clinit>> (0x00000000885e45d8) thrown at [./src/hotspot/share/prims/jni.cpp, line 1362]
Event: 22.042 Thread 0x000001ed3d8f9000 Exception <a 'java/lang/NoSuchMethodError'{0x00000000885f4950}: <clinit>> (0x00000000885f4950) thrown at [./src/hotspot/share/prims/jni.cpp, line 1362]
Event: 22.773 Thread 0x000001ed3b28e000 Exception <a 'java/lang/NoSuchMethodError'{0x0000000089fea620}: 'int java.lang.invoke.DirectMethodHandle$Holder.invokeVirtual(java.lang.Object, java.lang.Object, java.lang.Object)'> (0x0000000089fea620) thrown at [./src/hotspot/share/interpreter/linkResolver.cpp, line 773]
Event: 22.921 Thread 0x000001ed3b292000 Exception <a 'java/lang/NoSuchMethodError'{0x0000000089a28540}: <clinit>> (0x0000000089a28540) thrown at [./src/hotspot/share/prims/jni.cpp, line 1362]
Event: 22.923 Thread 0x000001ed3b292000 Exception <a 'java/lang/NoSuchMethodError'{0x0000000089a392e8}: <clinit>> (0x0000000089a392e8) thrown at [./src/hotspot/share/prims/jni.cpp, line 1362]
Event: 22.923 Thread 0x000001ed3b292000 Exception <a 'java/lang/NoSuchMethodError'{0x0000000089a3a9d0}: <clinit>> (0x0000000089a3a9d0) thrown at [./src/hotspot/share/prims/jni.cpp, line 1362]
Event: 22.924 Thread 0x000001ed3b292000 Exception <a 'java/lang/NoSuchMethodError'{0x0000000089a4cdd0}: <clinit>> (0x0000000089a4cdd0) thrown at [./src/hotspot/share/prims/jni.cpp, line 1362]
Event: 22.925 Thread 0x000001ed3b292000 Exception <a 'java/lang/NoSuchMethodError'{0x0000000089a58f20}: <clinit>> (0x0000000089a58f20) thrown at [./src/hotspot/share/prims/jni.cpp, line 1362]
Event: 23.091 Thread 0x000001ed3b290800 Implicit null exception at 0x000001ed2c541414 to 0x000001ed2c541a08
Event: 23.091 Thread 0x000001ed3b290800 Implicit null exception at 0x000001ed2c4ef794 to 0x000001ed2c4efd58
Event: 119.555 Thread 0x000001ed412b9000 Exception <a 'sun/nio/fs/WindowsException'{0x0000000088383c68}> (0x0000000088383c68) thrown at [./src/hotspot/share/prims/jni.cpp, line 615]
Event: 119.755 Thread 0x000001ed412b9000 Exception <a 'sun/nio/fs/WindowsException'{0x0000000087ccc0f8}> (0x0000000087ccc0f8) thrown at [./src/hotspot/share/prims/jni.cpp, line 615]
Event: 119.772 Thread 0x000001ed412b9000 Exception <a 'sun/nio/fs/WindowsException'{0x0000000087b6f7d0}> (0x0000000087b6f7d0) thrown at [./src/hotspot/share/prims/jni.cpp, line 615]
Event: 119.772 Thread 0x000001ed412b9000 Exception <a 'sun/nio/fs/WindowsException'{0x0000000087b708b0}> (0x0000000087b708b0) thrown at [./src/hotspot/share/prims/jni.cpp, line 615]
Event: 119.772 Thread 0x000001ed412b9000 Exception <a 'sun/nio/fs/WindowsException'{0x0000000087b719e0}> (0x0000000087b719e0) thrown at [./src/hotspot/share/prims/jni.cpp, line 615]
Event: 119.772 Thread 0x000001ed412b9000 Exception <a 'sun/nio/fs/WindowsException'{0x0000000087b72b10}> (0x0000000087b72b10) thrown at [./src/hotspot/share/prims/jni.cpp, line 615]

Events (20 events):
Event: 119.902 Thread 0x000001ed3d8fb800 Thread added: 0x000001ed3d8fb800
Event: 119.904 Thread 0x000001ed3d903000 Thread added: 0x000001ed3d903000
Event: 119.912 Executing VM operation: RevokeBias
Event: 119.913 Executing VM operation: RevokeBias done
Event: 119.913 Executing VM operation: RevokeBias
Event: 119.913 Executing VM operation: RevokeBias done
Event: 119.913 Executing VM operation: RevokeBias
Event: 119.913 Executing VM operation: RevokeBias done
Event: 119.914 Executing VM operation: RevokeBias
Event: 119.914 Executing VM operation: RevokeBias done
Event: 119.914 Executing VM operation: RevokeBias
Event: 119.914 Executing VM operation: RevokeBias done
Event: 119.914 Executing VM operation: RevokeBias
Event: 119.914 Executing VM operation: RevokeBias done
Event: 119.914 Executing VM operation: RevokeBias
Event: 119.915 Executing VM operation: RevokeBias done
Event: 119.915 Executing VM operation: RevokeBias
Event: 119.915 Executing VM operation: RevokeBias done
Event: 120.032 Executing VM operation: RevokeBias
Event: 120.032 Executing VM operation: RevokeBias done


Dynamic libraries:
0x00007ff7fbc20000 - 0x00007ff7fbc2a000 	C:\Program Files\Android\Android Studio\jre\bin\java.exe
0x00007ffadaad0000 - 0x00007ffadacc5000 	C:\Windows\SYSTEM32\ntdll.dll
0x00007ffad94a0000 - 0x00007ffad955e000 	C:\Windows\System32\KERNEL32.DLL
0x00007ffad8450000 - 0x00007ffad8718000 	C:\Windows\System32\KERNELBASE.dll
0x00007ffad8970000 - 0x00007ffad8a70000 	C:\Windows\System32\ucrtbase.dll
0x00007ffac2c70000 - 0x00007ffac2c89000 	C:\Program Files\Android\Android Studio\jre\bin\jli.dll
0x00007ffab8d40000 - 0x00007ffab8d57000 	C:\Program Files\Android\Android Studio\jre\bin\VCRUNTIME140.dll
0x00007ffad8fa0000 - 0x00007ffad9140000 	C:\Windows\System32\USER32.dll
0x00007ffad8a70000 - 0x00007ffad8a92000 	C:\Windows\System32\win32u.dll
0x00007ffac5ca0000 - 0x00007ffac5f3a000 	C:\Windows\WinSxS\amd64_microsoft.windows.common-controls_6595b64144ccf1df_6.0.19041.1110_none_60b5254171f9507e\COMCTL32.dll
0x00007ffad9140000 - 0x00007ffad91de000 	C:\Windows\System32\msvcrt.dll
0x00007ffada3b0000 - 0x00007ffada3db000 	C:\Windows\System32\GDI32.dll
0x00007ffad8750000 - 0x00007ffad885b000 	C:\Windows\System32\gdi32full.dll
0x00007ffad8860000 - 0x00007ffad88fd000 	C:\Windows\System32\msvcp_win.dll
0x00007ffada930000 - 0x00007ffada960000 	C:\Windows\System32\IMM32.DLL
0x00007ffaa8d60000 - 0x00007ffaa8dfd000 	C:\Program Files\Android\Android Studio\jre\bin\msvcp140.dll
0x00007ffaa01f0000 - 0x00007ffaa0cbf000 	C:\Program Files\Android\Android Studio\jre\bin\server\jvm.dll
0x00007ffada780000 - 0x00007ffada82e000 	C:\Windows\System32\ADVAPI32.dll
0x00007ffada890000 - 0x00007ffada92c000 	C:\Windows\System32\sechost.dll
0x00007ffada960000 - 0x00007ffadaa85000 	C:\Windows\System32\RPCRT4.dll
0x00007ffad9ee0000 - 0x00007ffad9ee8000 	C:\Windows\System32\PSAPI.DLL
0x00007ffac06e0000 - 0x00007ffac06e9000 	C:\Windows\SYSTEM32\WSOCK32.dll
0x00007ffac60f0000 - 0x00007ffac6117000 	C:\Windows\SYSTEM32\WINMM.dll
0x00007ffad9f50000 - 0x00007ffad9fbb000 	C:\Windows\System32\WS2_32.dll
0x00007ffad18e0000 - 0x00007ffad18ea000 	C:\Windows\SYSTEM32\VERSION.dll
0x00007ffad6100000 - 0x00007ffad6112000 	C:\Windows\SYSTEM32\kernel.appcore.dll
0x00007ffad4f60000 - 0x00007ffad4f71000 	C:\Program Files\Android\Android Studio\jre\bin\verify.dll
0x00007ffac0010000 - 0x00007ffac01f4000 	C:\Windows\SYSTEM32\DBGHELP.DLL
0x00007ffac2150000 - 0x00007ffac217c000 	C:\Windows\SYSTEM32\dbgcore.DLL
0x00007ffad8aa0000 - 0x00007ffad8b22000 	C:\Windows\System32\bcryptPrimitives.dll
0x00007ffad21f0000 - 0x00007ffad2219000 	C:\Program Files\Android\Android Studio\jre\bin\java.dll
0x00007ffad4fe0000 - 0x00007ffad4feb000 	C:\Program Files\Android\Android Studio\jre\bin\jimage.dll
0x00007ffad1e90000 - 0x00007ffad1ea8000 	C:\Program Files\Android\Android Studio\jre\bin\zip.dll
0x00007ffad9560000 - 0x00007ffad9ca4000 	C:\Windows\System32\SHELL32.dll
0x00007ffad6300000 - 0x00007ffad6a94000 	C:\Windows\SYSTEM32\windows.storage.dll
0x00007ffada050000 - 0x00007ffada3a4000 	C:\Windows\System32\combase.dll
0x00007ffad7c50000 - 0x00007ffad7c7c000 	C:\Windows\SYSTEM32\Wldp.dll
0x00007ffada6d0000 - 0x00007ffada77d000 	C:\Windows\System32\SHCORE.dll
0x00007ffad9ef0000 - 0x00007ffad9f45000 	C:\Windows\System32\shlwapi.dll
0x00007ffad8130000 - 0x00007ffad814f000 	C:\Windows\SYSTEM32\profapi.dll
0x00007ffac2b50000 - 0x00007ffac2b6a000 	C:\Program Files\Android\Android Studio\jre\bin\net.dll
0x00007ffacb270000 - 0x00007ffacb379000 	C:\Windows\SYSTEM32\WINHTTP.dll
0x00007ffad79b0000 - 0x00007ffad7a1a000 	C:\Windows\system32\mswsock.dll
0x00007ffac2b30000 - 0x00007ffac2b44000 	C:\Program Files\Android\Android Studio\jre\bin\nio.dll
0x00007ffab5ca0000 - 0x00007ffab5cc7000 	C:\Users\zeroOne\.gradle\native\8bec1ad78214c89d9ad589b4d07fe93259594b29d510b10fafb7a158f7737e5d\windows-amd64\native-platform.dll
0x00007ffa9f610000 - 0x00007ffa9f74d000 	C:\Users\zeroOne\.gradle\native\53dbd7edfb1c66fb8903c78663c9afc45aea4f116125fa6feffd364cf09443e8\windows-amd64\native-platform-file-events.dll
0x00007ffad32b0000 - 0x00007ffad32ba000 	C:\Program Files\Android\Android Studio\jre\bin\management.dll
0x00007ffad24e0000 - 0x00007ffad24ec000 	C:\Program Files\Android\Android Studio\jre\bin\management_ext.dll
0x00007ffad7bb0000 - 0x00007ffad7bc8000 	C:\Windows\SYSTEM32\CRYPTSP.dll
0x00007ffad72c0000 - 0x00007ffad72f4000 	C:\Windows\system32\rsaenh.dll
0x00007ffad8720000 - 0x00007ffad8747000 	C:\Windows\System32\bcrypt.dll
0x00007ffad80f0000 - 0x00007ffad811e000 	C:\Windows\SYSTEM32\USERENV.dll
0x00007ffad7ba0000 - 0x00007ffad7bac000 	C:\Windows\SYSTEM32\CRYPTBASE.dll
0x00007ffad7650000 - 0x00007ffad768b000 	C:\Windows\SYSTEM32\IPHLPAPI.DLL
0x00007ffad9e70000 - 0x00007ffad9e78000 	C:\Windows\System32\NSI.dll
0x00007ffacebf0000 - 0x00007ffacec07000 	C:\Windows\SYSTEM32\dhcpcsvc6.DLL
0x00007ffacf160000 - 0x00007ffacf17d000 	C:\Windows\SYSTEM32\dhcpcsvc.DLL
0x00007ffad7690000 - 0x00007ffad775a000 	C:\Windows\SYSTEM32\DNSAPI.dll
0x00007ffaaabe0000 - 0x00007ffaaabfe000 	C:\Users\zeroOne\AppData\Local\Temp\native-platform5235552966129878644dir\native-platform.dll

dbghelp: loaded successfully - version: 4.0.5 - missing functions: none
symbol engine: initialized successfully - sym options: 0x614 - pdb path: .;C:\Program Files\Android\Android Studio\jre\bin;C:\Windows\SYSTEM32;C:\Windows\WinSxS\amd64_microsoft.windows.common-controls_6595b64144ccf1df_6.0.19041.1110_none_60b5254171f9507e;C:\Program Files\Android\Android Studio\jre\bin\server;C:\Users\zeroOne\.gradle\native\8bec1ad78214c89d9ad589b4d07fe93259594b29d510b10fafb7a158f7737e5d\windows-amd64;C:\Users\zeroOne\.gradle\native\53dbd7edfb1c66fb8903c78663c9afc45aea4f116125fa6feffd364cf09443e8\windows-amd64;C:\Users\zeroOne\AppData\Local\Temp\native-platform5235552966129878644dir

VM Arguments:
jvm_args: --add-opens=java.base/java.util=ALL-UNNAMED --add-opens=java.base/java.lang=ALL-UNNAMED --add-opens=java.base/java.lang.invoke=ALL-UNNAMED --add-opens=java.base/java.util=ALL-UNNAMED --add-opens=java.prefs/java.util.prefs=ALL-UNNAMED --add-opens=java.prefs/java.util.prefs=ALL-UNNAMED --add-opens=java.base/java.nio.charset=ALL-UNNAMED --add-opens=java.base/java.net=ALL-UNNAMED --add-opens=java.base/java.util.concurrent.atomic=ALL-UNNAMED -Xmx2048m -Dfile.encoding=UTF-8 -Duser.country=SA -Duser.language=ar -Duser.variant 
java_command: org.gradle.launcher.daemon.bootstrap.GradleDaemon 7.0.2
java_class_path (initial): C:\Users\zeroOne\.gradle\wrapper\dists\gradle-7.0.2-bin\857tjihv64xamwrf0h14cai3r\gradle-7.0.2\lib\gradle-launcher-7.0.2.jar
Launcher Type: SUN_STANDARD

[Global flags]
     intx CICompilerCount                          = 3                                         {product} {ergonomic}
     uint ConcGCThreads                            = 1                                         {product} {ergonomic}
     uint G1ConcRefinementThreads                  = 4                                         {product} {ergonomic}
   size_t G1HeapRegionSize                         = 1048576                                   {product} {ergonomic}
    uintx GCDrainStackTargetSize                   = 64                                        {product} {ergonomic}
   size_t InitialHeapSize                          = 134217728                                 {product} {ergonomic}
   size_t MarkStackSize                            = 4194304                                   {product} {ergonomic}
   size_t MaxHeapSize                              = 2147483648                                {product} {command line}
   size_t MaxNewSize                               = 1287651328                                {product} {ergonomic}
   size_t MinHeapDeltaBytes                        = 1048576                                   {product} {ergonomic}
    uintx NonNMethodCodeHeapSize                   = 5830732                                {pd product} {ergonomic}
    uintx NonProfiledCodeHeapSize                  = 122913754                              {pd product} {ergonomic}
    uintx ProfiledCodeHeapSize                     = 122913754                              {pd product} {ergonomic}
    uintx ReservedCodeCacheSize                    = 251658240                              {pd product} {ergonomic}
     bool SegmentedCodeCache                       = true                                      {product} {ergonomic}
     bool UseCompressedClassPointers               = true                                 {lp64_product} {ergonomic}
     bool UseCompressedOops                        = true                                 {lp64_product} {ergonomic}
     bool UseG1GC                                  = true                                      {product} {ergonomic}
     bool UseLargePagesIndividualAllocation        = false                                  {pd product} {ergonomic}

Logging:
Log output configuration:
 #0: stdout all=warning uptime,level,tags
 #1: stderr all=off uptime,level,tags

Environment Variables:
PATH=C:\oraclexe\app\oracle\product\11.2.0\server\bin;;C:\Program Files\Java\jdk-15\bin;C:\Program Files\Common Files\Oracle\Java\javapath;C:\Windows\system32;C:\Windows;C:\Windows\System32\Wbem;C:\Windows\System32\WindowsPowerShell\v1.0\;C:\Windows\System32\OpenSSH\;C:\Program Files (x86)\NVIDIA Corporation\PhysX\Common;C:\Users\zeroOne\AppData\Local\Microsoft\WindowsApps;;C:\Program Files\JetBrains\IntelliJ IDEA Community Edition 2021.2.2\bin;;C:\Users\zeroOne\AppData\Local\Programs\Microsoft VS Code\bin
USERNAME=zeroOne
OS=Windows_NT
PROCESSOR_IDENTIFIER=Intel64 Family 6 Model 142 Stepping 9, GenuineIntel



---------------  S Y S T E M  ---------------

OS: Windows 10 , 64 bit Build 19041 (10.0.19041.1566)
OS uptime: 1 days 22:49 hours

CPU:total 4 (initial active 4) (2 cores per cpu, 2 threads per core) family 6 model 142 stepping 9 microcode 0xb4, cmov, cx8, fxsr, mmx, sse, sse2, sse3, ssse3, sse4.1, sse4.2, popcnt, avx, avx2, aes, clmul, erms, 3dnowpref, lzcnt, ht, tsc, tscinvbit, bmi1, bmi2, adx, fma

Memory: 4k page, system-wide physical 8092M (337M free)
TotalPageFile size 27612M (AvailPageFile size 4M)
current process WorkingSet (physical memory assigned to process): 424M, peak: 457M
current process commit charge ("private bytes"): 468M, peak: 486M

vm_info: OpenJDK 64-Bit Server VM (11.0.10+0-b96-7249189) for windows-amd64 JRE (11.0.10+0-b96-7249189), built on Mar 31 2021 21:44:00 by "builder" with MS VC++ 14.0 (VS2015)

END.
