#
# There is insufficient memory for the Java Runtime Environment to continue.
# Native memory allocation (malloc) failed to allocate 1104976 bytes for Chunk::new
# Possible reasons:
#   The system is out of physical RAM or swap space
#   The process is running with CompressedOops enabled, and the Java Heap may be blocking the growth of the native heap
# Possible solutions:
#   Reduce memory load on the system
#   Increase physical memory or swap space
#   Check if swap backing store is full
#   Decrease Java heap size (-Xmx/-Xms)
#   Decrease number of Java threads
#   Decrease Java thread stack sizes (-Xss)
#   Set larger code cache with -XX:ReservedCodeCacheSize=
#   JVM is running with Unscaled Compressed Oops mode in which the Java heap is
#     placed in the first 4GB address space. The Java Heap base address is the
#     maximum limit for the native heap growth. Please use -XX:HeapBaseMinAddress
#     to set the Java Heap base and to place the Java Heap above 4GB virtual address.
# This output file may be truncated or incomplete.
#
#  Out of Memory Error (./src/hotspot/share/memory/arena.cpp:197), pid=12032, tid=9356
#
# JRE version: OpenJDK Runtime Environment (11.0.10) (build 11.0.10+0-b96-7249189)
# Java VM: OpenJDK 64-Bit Server VM (11.0.10+0-b96-7249189, mixed mode, tiered, compressed oops, g1 gc, windows-amd64)
# No core dump will be written. Minidumps are not enabled by default on client versions of Windows
#

---------------  S U M M A R Y ------------

Command Line: --add-opens=java.base/java.util=ALL-UNNAMED --add-opens=java.base/java.lang=ALL-UNNAMED --add-opens=java.base/java.lang.invoke=ALL-UNNAMED --add-opens=java.base/java.util=ALL-UNNAMED --add-opens=java.prefs/java.util.prefs=ALL-UNNAMED --add-opens=java.prefs/java.util.prefs=ALL-UNNAMED --add-opens=java.base/java.nio.charset=ALL-UNNAMED --add-opens=java.base/java.net=ALL-UNNAMED --add-opens=java.base/java.util.concurrent.atomic=ALL-UNNAMED -Xmx2048m -Dfile.encoding=UTF-8 -Duser.country=SA -Duser.language=ar -Duser.variant org.gradle.launcher.daemon.bootstrap.GradleDaemon 7.0.2

Host: Intel(R) Core(TM) i5-7200U CPU @ 2.50GHz, 4 cores, 7G,  Windows 10 , 64 bit Build 19041 (10.0.19041.1566)
Time: Tue Mar 15 22:04:35 2022 ÊæÞíÊ ÑÓãí ááÖÝÉ ÇáÛÑÈíÉ æÛÒÉ elapsed time: 2726.228734 seconds (0d 0h 45m 26s)

---------------  T H R E A D  ---------------

Current thread (0x0000019e6e888800):  JavaThread "C2 CompilerThread0" daemon [_thread_in_native, id=9356, stack(0x00000032a5c00000,0x00000032a5d00000)]


Current CompileTask:
C2:2726228 20047   !   4       java.net.URLClassLoader$1::run (63 bytes)

Stack: [0x00000032a5c00000,0x00000032a5d00000]
Native frames: (J=compiled Java code, j=interpreted, Vv=VM code, C=native code)
V  [jvm.dll+0x5ecfaa]
V  [jvm.dll+0x722bd5]
V  [jvm.dll+0x72412d]
V  [jvm.dll+0x7247e3]
V  [jvm.dll+0x242928]
V  [jvm.dll+0xbc4fc]
V  [jvm.dll+0xbca0c]
V  [jvm.dll+0x2b4fd4]
V  [jvm.dll+0x506028]
V  [jvm.dll+0x203253]
V  [jvm.dll+0x1fd07c]
V  [jvm.dll+0x1fa77f]
V  [jvm.dll+0x18354c]
V  [jvm.dll+0x208ee7]
V  [jvm.dll+0x207731]
V  [jvm.dll+0x6eb1cf]
V  [jvm.dll+0x6e3d45]
V  [jvm.dll+0x5ebe96]
C  [ucrtbase.dll+0x21bb2]
C  [KERNEL32.DLL+0x17034]
C  [ntdll.dll+0x52651]


---------------  P R O C E S S  ---------------

Threads class SMR info:
_java_thread_list=0x0000019e730b08f0, length=55, elements={
0x0000019e52d3d000, 0x0000019e6e85e800, 0x0000019e6e862800, 0x0000019e6e880800,
0x0000019e6e881800, 0x0000019e6e883000, 0x0000019e6e888800, 0x0000019e6e88d800,
0x0000019e6e892000, 0x0000019e6f35c800, 0x0000019e704fc000, 0x0000019e713e6000,
0x0000019e70c2c800, 0x0000019e71699000, 0x0000019e7169a000, 0x0000019e71694000,
0x0000019e71695800, 0x0000019e71696800, 0x0000019e6f6f3000, 0x0000019e6f6f1000,
0x0000019e6f6f3800, 0x0000019e6f6f4800, 0x0000019e6f6f0800, 0x0000019e6f6fb000,
0x0000019e6f6fc000, 0x0000019e6f5da000, 0x0000019e76937000, 0x0000019e7693b000,
0x0000019e7693c000, 0x0000019e76936000, 0x0000019e7693c800, 0x0000019e7693d800,
0x0000019e76937800, 0x0000019e76943000, 0x0000019e76944000, 0x0000019e76940000,
0x0000019e7693e000, 0x0000019e76940800, 0x0000019e76941800, 0x0000019e76944800,
0x0000019e76942800, 0x0000019e7693f000, 0x0000019e6f6ef800, 0x0000019e6f6f7800,
0x0000019e6f6f2000, 0x0000019e6f6fa000, 0x0000019e6f6f8800, 0x0000019e6f6f9800,
0x0000019e6f5db800, 0x0000019e6f5d8800, 0x0000019e6f5dd000, 0x0000019e6f5de000,
0x0000019e71698000, 0x0000019e71693800, 0x0000019e71695000
}

Java Threads: ( => current thread )
  0x0000019e52d3d000 JavaThread "main" [_thread_blocked, id=14384, stack(0x00000032a5000000,0x00000032a5100000)]
  0x0000019e6e85e800 JavaThread "Reference Handler" daemon [_thread_blocked, id=16940, stack(0x00000032a5700000,0x00000032a5800000)]
  0x0000019e6e862800 JavaThread "Finalizer" daemon [_thread_blocked, id=10740, stack(0x00000032a5800000,0x00000032a5900000)]
  0x0000019e6e880800 JavaThread "Signal Dispatcher" daemon [_thread_blocked, id=10344, stack(0x00000032a5900000,0x00000032a5a00000)]
  0x0000019e6e881800 JavaThread "Attach Listener" daemon [_thread_blocked, id=17196, stack(0x00000032a5a00000,0x00000032a5b00000)]
  0x0000019e6e883000 JavaThread "Service Thread" daemon [_thread_blocked, id=12772, stack(0x00000032a5b00000,0x00000032a5c00000)]
=>0x0000019e6e888800 JavaThread "C2 CompilerThread0" daemon [_thread_in_native, id=9356, stack(0x00000032a5c00000,0x00000032a5d00000)]
  0x0000019e6e88d800 JavaThread "C1 CompilerThread0" daemon [_thread_blocked, id=13116, stack(0x00000032a5d00000,0x00000032a5e00000)]
  0x0000019e6e892000 JavaThread "Sweeper thread" daemon [_thread_blocked, id=2448, stack(0x00000032a5e00000,0x00000032a5f00000)]
  0x0000019e6f35c800 JavaThread "Common-Cleaner" daemon [_thread_blocked, id=1464, stack(0x00000032a5f00000,0x00000032a6000000)]
  0x0000019e704fc000 JavaThread "Daemon health stats" [_thread_blocked, id=16856, stack(0x00000032a6100000,0x00000032a6200000)]
  0x0000019e713e6000 JavaThread "Incoming local TCP Connector on port 53550" [_thread_in_native, id=18224, stack(0x00000032a6400000,0x00000032a6500000)]
  0x0000019e70c2c800 JavaThread "Daemon periodic checks" [_thread_blocked, id=344, stack(0x00000032a6500000,0x00000032a6600000)]
  0x0000019e71699000 JavaThread "Cache worker for file hash cache (C:\Users\zeroOne\.gradle\caches\7.0.2\fileHashes)" [_thread_blocked, id=17788, stack(0x00000032a6e00000,0x00000032a6f00000)]
  0x0000019e7169a000 JavaThread "File lock request listener" [_thread_in_native, id=18024, stack(0x00000032a6f00000,0x00000032a7000000)]
  0x0000019e71694000 JavaThread "Cache worker for journal cache (C:\Users\zeroOne\.gradle\caches\journal-1)" [_thread_blocked, id=2028, stack(0x00000032a7000000,0x00000032a7100000)]
  0x0000019e71695800 JavaThread "File watcher server" daemon [_thread_in_native, id=4508, stack(0x00000032a7300000,0x00000032a7400000)]
  0x0000019e71696800 JavaThread "File watcher consumer" daemon [_thread_blocked, id=6536, stack(0x00000032a7400000,0x00000032a7500000)]
  0x0000019e6f6f3000 JavaThread "Cache worker for execution history cache (C:\Users\zeroOne\.gradle\caches\7.0.2\executionHistory)" [_thread_blocked, id=3692, stack(0x00000032a7800000,0x00000032a7900000)]
  0x0000019e6f6f1000 JavaThread "jar transforms" [_thread_blocked, id=4404, stack(0x00000032a7900000,0x00000032a7a00000)]
  0x0000019e6f6f3800 JavaThread "jar transforms Thread 2" [_thread_blocked, id=10792, stack(0x00000032a7a00000,0x00000032a7b00000)]
  0x0000019e6f6f4800 JavaThread "Cache worker for file content cache (C:\Users\zeroOne\.gradle\caches\7.0.2\fileContent)" [_thread_blocked, id=844, stack(0x00000032a7b00000,0x00000032a7c00000)]
  0x0000019e6f6f0800 JavaThread "jar transforms Thread 3" [_thread_blocked, id=11716, stack(0x00000032a7d00000,0x00000032a7e00000)]
  0x0000019e6f6fb000 JavaThread "jar transforms Thread 4" [_thread_blocked, id=9936, stack(0x00000032a8300000,0x00000032a8400000)]
  0x0000019e6f6fc000 JavaThread "Memory manager" [_thread_blocked, id=11940, stack(0x00000032a8400000,0x00000032a8500000)]
  0x0000019e6f5da000 JavaThread "ForkJoinPool.commonPool-worker-1" daemon [_thread_blocked, id=17880, stack(0x00000032a8d00000,0x00000032a8e00000)]
  0x0000019e76937000 JavaThread "Daemon Thread 4" [_thread_blocked, id=16164, stack(0x00000032a4d00000,0x00000032a4e00000)]
  0x0000019e7693b000 JavaThread "Handler for socket connection from /127.0.0.1:53550 to /127.0.0.1:52618" [_thread_in_native, id=16268, stack(0x00000032a4e00000,0x00000032a4f00000)]
  0x0000019e7693c000 JavaThread "Cancel handler" [_thread_blocked, id=14572, stack(0x00000032a4f00000,0x00000032a5000000)]
  0x0000019e76936000 JavaThread "Daemon worker Thread 4" [_thread_blocked, id=12536, stack(0x00000032a6600000,0x00000032a6700000)]
  0x0000019e7693c800 JavaThread "Asynchronous log dispatcher for DefaultDaemonConnection: socket connection from /127.0.0.1:53550 to /127.0.0.1:52618" [_thread_blocked, id=8244, stack(0x00000032a6700000,0x00000032a6800000)]
  0x0000019e7693d800 JavaThread "Stdin handler" [_thread_blocked, id=16988, stack(0x00000032a6800000,0x00000032a6900000)]
  0x0000019e76937800 JavaThread "Daemon client event forwarder" [_thread_blocked, id=4228, stack(0x00000032a6900000,0x00000032a6a00000)]
  0x0000019e76943000 JavaThread "Cache worker for file hash cache (C:\Users\zeroOne\AndroidStudioProjects\navigitionAssiment\.gradle\7.0.2\fileHashes)" [_thread_blocked, id=11820, stack(0x00000032a6a00000,0x00000032a6b00000)]
  0x0000019e76944000 JavaThread "Cache worker for checksums cache (C:\Users\zeroOne\AndroidStudioProjects\navigitionAssiment\.gradle\checksums)" [_thread_blocked, id=16020, stack(0x00000032a6b00000,0x00000032a6c00000)]
  0x0000019e76940000 JavaThread "Cache worker for cache directory md-supplier (C:\Users\zeroOne\.gradle\caches\7.0.2\md-supplier)" [_thread_blocked, id=16288, stack(0x00000032a6c00000,0x00000032a6d00000)]
  0x0000019e7693e000 JavaThread "Cache worker for cache directory md-rule (C:\Users\zeroOne\.gradle\caches\7.0.2\md-rule)" [_thread_blocked, id=16248, stack(0x00000032a7100000,0x00000032a7200000)]
  0x0000019e76940800 JavaThread "Cache worker for dependencies-accessors (C:\Users\zeroOne\AndroidStudioProjects\navigitionAssiment\.gradle\7.0.2\dependencies-accessors)" [_thread_blocked, id=1584, stack(0x00000032a7200000,0x00000032a7300000)]
  0x0000019e76941800 JavaThread "Cache worker for Build Output Cleanup Cache (C:\Users\zeroOne\AndroidStudioProjects\navigitionAssiment\.gradle\buildOutputCleanup)" [_thread_blocked, id=15736, stack(0x00000032a7500000,0x00000032a7600000)]
  0x0000019e76944800 JavaThread "Build operations" [_thread_blocked, id=18112, stack(0x00000032a7600000,0x00000032a7700000)]
  0x0000019e76942800 JavaThread "Build operations Thread 2" [_thread_blocked, id=11860, stack(0x00000032a7700000,0x00000032a7800000)]
  0x0000019e7693f000 JavaThread "Build operations Thread 3" [_thread_blocked, id=1248, stack(0x00000032a7c00000,0x00000032a7d00000)]
  0x0000019e6f6ef800 JavaThread "Build operations Thread 4" [_thread_blocked, id=18028, stack(0x00000032a7e00000,0x00000032a7f00000)]
  0x0000019e6f6f7800 JavaThread "build event listener" [_thread_blocked, id=9404, stack(0x00000032a7f00000,0x00000032a8000000)]
  0x0000019e6f6f2000 JavaThread "Execution worker for ':'" [_thread_blocked, id=14696, stack(0x00000032a8000000,0x00000032a8100000)]
  0x0000019e6f6fa000 JavaThread "Execution worker for ':' Thread 2" [_thread_in_native, id=1712, stack(0x00000032a8100000,0x00000032a8200000)]
  0x0000019e6f6f8800 JavaThread "Execution worker for ':' Thread 3" [_thread_blocked, id=3132, stack(0x00000032a8200000,0x00000032a8300000)]
  0x0000019e6f6f9800 JavaThread "Cache worker for execution history cache (C:\Users\zeroOne\AndroidStudioProjects\navigitionAssiment\.gradle\7.0.2\executionHistory)" [_thread_blocked, id=3884, stack(0x00000032a8500000,0x00000032a8600000)]
  0x0000019e6f5db800 JavaThread "WorkerExecutor Queue" [_thread_blocked, id=18208, stack(0x00000032a8700000,0x00000032a8800000)]
  0x0000019e6f5d8800 JavaThread "WorkerExecutor Queue Thread 2" [_thread_blocked, id=2532, stack(0x00000032a8800000,0x00000032a8900000)]
  0x0000019e6f5dd000 JavaThread "pool-27-thread-1" [_thread_blocked, id=17508, stack(0x00000032a8900000,0x00000032a8a00000)]
  0x0000019e6f5de000 JavaThread "stderr" [_thread_in_native, id=4628, stack(0x00000032a8a00000,0x00000032a8b00000)]
  0x0000019e71698000 JavaThread "stdout" [_thread_in_native, id=2148, stack(0x00000032a8b00000,0x00000032a8c00000)]
  0x0000019e71693800 JavaThread "C2 CompilerThread1" daemon [_thread_blocked, id=6020, stack(0x00000032a8600000,0x00000032a8700000)]
  0x0000019e71695000 JavaThread "Thread-180" [_thread_in_native, id=15528, stack(0x00000032a8c00000,0x00000032a8d00000)]

Other Threads:
  0x0000019e6e85a800 VMThread "VM Thread" [stack: 0x00000032a5600000,0x00000032a5700000] [id=10464]
  0x0000019e6f392800 WatcherThread [stack: 0x00000032a6000000,0x00000032a6100000] [id=18120]
  0x0000019e52d56800 GCTaskThread "GC Thread#0" [stack: 0x00000032a5100000,0x00000032a5200000] [id=12464]
  0x0000019e6feea800 GCTaskThread "GC Thread#1" [stack: 0x00000032a6200000,0x00000032a6300000] [id=15964]
  0x0000019e6ff33800 GCTaskThread "GC Thread#2" [stack: 0x00000032a6300000,0x00000032a6400000] [id=15096]
  0x0000019e71a38000 GCTaskThread "GC Thread#3" [stack: 0x00000032a6d00000,0x00000032a6e00000] [id=8128]
  0x0000019e52d86800 ConcurrentGCThread "G1 Main Marker" [stack: 0x00000032a5200000,0x00000032a5300000] [id=6172]
  0x0000019e52d89800 ConcurrentGCThread "G1 Conc#0" [stack: 0x00000032a5300000,0x00000032a5400000] [id=12956]
  0x0000019e52e18800 ConcurrentGCThread "G1 Refine#0" [stack: 0x00000032a5400000,0x00000032a5500000] [id=12724]
  0x0000019e52e19800 ConcurrentGCThread "G1 Young RemSet Sampling" [stack: 0x00000032a5500000,0x00000032a5600000] [id=18100]

Threads with active compile tasks:
C2 CompilerThread02726258 20047   !   4       java.net.URLClassLoader$1::run (63 bytes)

VM state:not at safepoint (normal execution)

VM Mutex/Monitor currently owned by a thread: None

Heap address: 0x0000000080000000, size: 2048 MB, Compressed Oops mode: 32-bit
Narrow klass base: 0x0000000000000000, Narrow klass shift: 3
Compressed class space size: 1073741824 Address: 0x0000000100000000

Heap:
 garbage-first heap   total 241664K, used 130048K [0x0000000080000000, 0x0000000100000000)
  region size 1024K, 41 young (41984K), 1 survivors (1024K)
 Metaspace       used 107847K, capacity 110171K, committed 110720K, reserved 1146880K
  class space    used 13153K, capacity 14013K, committed 14208K, reserved 1048576K
Heap Regions: E=young(eden), S=young(survivor), O=old, HS=humongous(starts), HC=humongous(continues), CS=collection set, F=free, A=archive, TAMS=top-at-mark-start (previous, next)
|   0|0x0000000080000000, 0x0000000080100000, 0x0000000080100000|100%| O|  |TAMS 0x0000000080100000, 0x0000000080000000| Untracked 
|   1|0x0000000080100000, 0x0000000080200000, 0x0000000080200000|100%| O|  |TAMS 0x0000000080200000, 0x0000000080100000| Untracked 
|   2|0x0000000080200000, 0x0000000080300000, 0x0000000080300000|100%| O|  |TAMS 0x0000000080300000, 0x0000000080200000| Untracked 
|   3|0x0000000080300000, 0x0000000080400000, 0x0000000080400000|100%|HS|  |TAMS 0x0000000080400000, 0x0000000080300000| Complete 
|   4|0x0000000080400000, 0x0000000080500000, 0x0000000080500000|100%|HC|  |TAMS 0x0000000080500000, 0x0000000080400000| Complete 
|   5|0x0000000080500000, 0x0000000080600000, 0x0000000080600000|100%|HC|  |TAMS 0x0000000080600000, 0x0000000080500000| Complete 
|   6|0x0000000080600000, 0x0000000080600000, 0x0000000080700000|  0%| F|  |TAMS 0x0000000080600000, 0x0000000080600000| Untracked 
|   7|0x0000000080700000, 0x0000000080800000, 0x0000000080800000|100%| O|  |TAMS 0x0000000080800000, 0x0000000080700000| Untracked 
|   8|0x0000000080800000, 0x0000000080900000, 0x0000000080900000|100%| O|  |TAMS 0x0000000080900000, 0x0000000080800000| Untracked 
|   9|0x0000000080900000, 0x0000000080a00000, 0x0000000080a00000|100%| O|  |TAMS 0x0000000080a00000, 0x0000000080900000| Untracked 
|  10|0x0000000080a00000, 0x0000000080b00000, 0x0000000080b00000|100%| O|  |TAMS 0x0000000080b00000, 0x0000000080a00000| Untracked 
|  11|0x0000000080b00000, 0x0000000080c00000, 0x0000000080c00000|100%| O|  |TAMS 0x0000000080c00000, 0x0000000080b00000| Untracked 
|  12|0x0000000080c00000, 0x0000000080d00000, 0x0000000080d00000|100%| O|  |TAMS 0x0000000080d00000, 0x0000000080c00000| Untracked 
|  13|0x0000000080d00000, 0x0000000080e00000, 0x0000000080e00000|100%| O|  |TAMS 0x0000000080e00000, 0x0000000080d00000| Untracked 
|  14|0x0000000080e00000, 0x0000000080f00000, 0x0000000080f00000|100%| O|  |TAMS 0x0000000080f00000, 0x0000000080e00000| Untracked 
|  15|0x0000000080f00000, 0x0000000081000000, 0x0000000081000000|100%| O|  |TAMS 0x0000000081000000, 0x0000000080f00000| Untracked 
|  16|0x0000000081000000, 0x0000000081100000, 0x0000000081100000|100%| O|  |TAMS 0x0000000081100000, 0x0000000081000000| Untracked 
|  17|0x0000000081100000, 0x0000000081200000, 0x0000000081200000|100%|HS|  |TAMS 0x0000000081200000, 0x0000000081100000| Complete 
|  18|0x0000000081200000, 0x0000000081300000, 0x0000000081300000|100%| O|  |TAMS 0x0000000081300000, 0x0000000081200000| Untracked 
|  19|0x0000000081300000, 0x0000000081400000, 0x0000000081400000|100%| O|  |TAMS 0x0000000081400000, 0x0000000081300000| Untracked 
|  20|0x0000000081400000, 0x0000000081500000, 0x0000000081500000|100%| O|  |TAMS 0x0000000081500000, 0x0000000081400000| Untracked 
|  21|0x0000000081500000, 0x0000000081600000, 0x0000000081600000|100%| O|  |TAMS 0x0000000081600000, 0x0000000081500000| Untracked 
|  22|0x0000000081600000, 0x0000000081700000, 0x0000000081700000|100%| O|  |TAMS 0x0000000081700000, 0x0000000081600000| Untracked 
|  23|0x0000000081700000, 0x0000000081800000, 0x0000000081800000|100%|HS|  |TAMS 0x0000000081800000, 0x0000000081700000| Complete 
|  24|0x0000000081800000, 0x0000000081900000, 0x0000000081900000|100%|HS|  |TAMS 0x0000000081900000, 0x0000000081800000| Complete 
|  25|0x0000000081900000, 0x0000000081a00000, 0x0000000081a00000|100%|HS|  |TAMS 0x0000000081a00000, 0x0000000081900000| Complete 
|  26|0x0000000081a00000, 0x0000000081b00000, 0x0000000081b00000|100%|HC|  |TAMS 0x0000000081b00000, 0x0000000081a00000| Complete 
|  27|0x0000000081b00000, 0x0000000081c00000, 0x0000000081c00000|100%|HC|  |TAMS 0x0000000081c00000, 0x0000000081b00000| Complete 
|  28|0x0000000081c00000, 0x0000000081d00000, 0x0000000081d00000|100%|HS|  |TAMS 0x0000000081d00000, 0x0000000081c00000| Complete 
|  29|0x0000000081d00000, 0x0000000081e00000, 0x0000000081e00000|100%|HC|  |TAMS 0x0000000081e00000, 0x0000000081d00000| Complete 
|  30|0x0000000081e00000, 0x0000000081f00000, 0x0000000081f00000|100%| O|  |TAMS 0x0000000081f00000, 0x0000000081e00000| Untracked 
|  31|0x0000000081f00000, 0x0000000082000000, 0x0000000082000000|100%| O|  |TAMS 0x0000000082000000, 0x0000000081f00000| Untracked 
|  32|0x0000000082000000, 0x0000000082100000, 0x0000000082100000|100%| O|  |TAMS 0x0000000082100000, 0x0000000082000000| Untracked 
|  33|0x0000000082100000, 0x0000000082200000, 0x0000000082200000|100%| O|  |TAMS 0x0000000082200000, 0x0000000082100000| Untracked 
|  34|0x0000000082200000, 0x0000000082200000, 0x0000000082300000|  0%| F|  |TAMS 0x0000000082200000, 0x0000000082200000| Untracked 
|  35|0x0000000082300000, 0x0000000082400000, 0x0000000082400000|100%| O|  |TAMS 0x0000000082400000, 0x0000000082300000| Untracked 
|  36|0x0000000082400000, 0x0000000082500000, 0x0000000082500000|100%| O|  |TAMS 0x0000000082500000, 0x0000000082400000| Untracked 
|  37|0x0000000082500000, 0x0000000082600000, 0x0000000082600000|100%| O|  |TAMS 0x0000000082600000, 0x0000000082500000| Untracked 
|  38|0x0000000082600000, 0x0000000082700000, 0x0000000082700000|100%| O|  |TAMS 0x0000000082700000, 0x0000000082600000| Untracked 
|  39|0x0000000082700000, 0x0000000082800000, 0x0000000082800000|100%| O|  |TAMS 0x0000000082800000, 0x0000000082700000| Untracked 
|  40|0x0000000082800000, 0x0000000082900000, 0x0000000082900000|100%| O|  |TAMS 0x0000000082900000, 0x0000000082800000| Untracked 
|  41|0x0000000082900000, 0x0000000082a00000, 0x0000000082a00000|100%| O|  |TAMS 0x0000000082a00000, 0x0000000082900000| Untracked 
|  42|0x0000000082a00000, 0x0000000082b00000, 0x0000000082b00000|100%| O|  |TAMS 0x0000000082b00000, 0x0000000082a00000| Untracked 
|  43|0x0000000082b00000, 0x0000000082c00000, 0x0000000082c00000|100%| O|  |TAMS 0x0000000082c00000, 0x0000000082b00000| Untracked 
|  44|0x0000000082c00000, 0x0000000082d00000, 0x0000000082d00000|100%| O|  |TAMS 0x0000000082d00000, 0x0000000082c00000| Untracked 
|  45|0x0000000082d00000, 0x0000000082e00000, 0x0000000082e00000|100%| O|  |TAMS 0x0000000082d00000, 0x0000000082d00000| Untracked 
|  46|0x0000000082e00000, 0x0000000082f00000, 0x0000000082f00000|100%| O|  |TAMS 0x0000000082f00000, 0x0000000082e00000| Untracked 
|  47|0x0000000082f00000, 0x0000000083000000, 0x0000000083000000|100%| O|  |TAMS 0x0000000083000000, 0x0000000082f00000| Untracked 
|  48|0x0000000083000000, 0x0000000083100000, 0x0000000083100000|100%| O|  |TAMS 0x0000000083100000, 0x0000000083000000| Untracked 
|  49|0x0000000083100000, 0x0000000083200000, 0x0000000083200000|100%| O|  |TAMS 0x0000000083200000, 0x0000000083100000| Untracked 
|  50|0x0000000083200000, 0x0000000083300000, 0x0000000083300000|100%| O|  |TAMS 0x0000000083300000, 0x0000000083200000| Untracked 
|  51|0x0000000083300000, 0x0000000083400000, 0x0000000083400000|100%| O|  |TAMS 0x0000000083400000, 0x0000000083300000| Untracked 
|  52|0x0000000083400000, 0x0000000083500000, 0x0000000083500000|100%| O|  |TAMS 0x0000000083400000, 0x0000000083400000| Untracked 
|  53|0x0000000083500000, 0x0000000083600000, 0x0000000083600000|100%| O|  |TAMS 0x0000000083600000, 0x0000000083500000| Untracked 
|  54|0x0000000083600000, 0x0000000083700000, 0x0000000083700000|100%| O|  |TAMS 0x0000000083700000, 0x0000000083600000| Untracked 
|  55|0x0000000083700000, 0x0000000083800000, 0x0000000083800000|100%| O|  |TAMS 0x0000000083800000, 0x0000000083700000| Untracked 
|  56|0x0000000083800000, 0x0000000083900000, 0x0000000083900000|100%| O|  |TAMS 0x0000000083800000, 0x0000000083800000| Untracked 
|  57|0x0000000083900000, 0x0000000083a00000, 0x0000000083a00000|100%| O|  |TAMS 0x0000000083a00000, 0x0000000083900000| Untracked 
|  58|0x0000000083a00000, 0x0000000083a00000, 0x0000000083b00000|  0%| F|  |TAMS 0x0000000083a00000, 0x0000000083a00000| Untracked 
|  59|0x0000000083b00000, 0x0000000083b00000, 0x0000000083c00000|  0%| F|  |TAMS 0x0000000083b00000, 0x0000000083b00000| Untracked 
|  60|0x0000000083c00000, 0x0000000083d00000, 0x0000000083d00000|100%| O|  |TAMS 0x0000000083d00000, 0x0000000083c00000| Untracked 
|  61|0x0000000083d00000, 0x0000000083d00000, 0x0000000083e00000|  0%| F|  |TAMS 0x0000000083d00000, 0x0000000083d00000| Untracked 
|  62|0x0000000083e00000, 0x0000000083f00000, 0x0000000083f00000|100%| O|  |TAMS 0x0000000083f00000, 0x0000000083e00000| Untracked 
|  63|0x0000000083f00000, 0x0000000083f00000, 0x0000000084000000|  0%| F|  |TAMS 0x0000000083f00000, 0x0000000083f00000| Untracked 
|  64|0x0000000084000000, 0x0000000084000000, 0x0000000084100000|  0%| F|  |TAMS 0x0000000084000000, 0x0000000084000000| Untracked 
|  65|0x0000000084100000, 0x0000000084100000, 0x0000000084200000|  0%| F|  |TAMS 0x0000000084100000, 0x0000000084100000| Untracked 
|  66|0x0000000084200000, 0x0000000084300000, 0x0000000084300000|100%| O|  |TAMS 0x0000000084200000, 0x0000000084200000| Untracked 
|  67|0x0000000084300000, 0x0000000084300000, 0x0000000084400000|  0%| F|  |TAMS 0x0000000084300000, 0x0000000084300000| Untracked 
|  68|0x0000000084400000, 0x0000000084400000, 0x0000000084500000|  0%| F|  |TAMS 0x0000000084400000, 0x0000000084400000| Untracked 
|  69|0x0000000084500000, 0x0000000084500000, 0x0000000084600000|  0%| F|  |TAMS 0x0000000084500000, 0x0000000084500000| Untracked 
|  70|0x0000000084600000, 0x0000000084600000, 0x0000000084700000|  0%| F|  |TAMS 0x0000000084600000, 0x0000000084600000| Untracked 
|  71|0x0000000084700000, 0x0000000084700000, 0x0000000084800000|  0%| F|  |TAMS 0x0000000084700000, 0x0000000084700000| Untracked 
|  72|0x0000000084800000, 0x0000000084800000, 0x0000000084900000|  0%| F|  |TAMS 0x0000000084800000, 0x0000000084800000| Untracked 
|  73|0x0000000084900000, 0x0000000084900000, 0x0000000084a00000|  0%| F|  |TAMS 0x0000000084900000, 0x0000000084900000| Untracked 
|  74|0x0000000084a00000, 0x0000000084a00000, 0x0000000084b00000|  0%| F|  |TAMS 0x0000000084a00000, 0x0000000084a00000| Untracked 
|  75|0x0000000084b00000, 0x0000000084c00000, 0x0000000084c00000|100%| O|  |TAMS 0x0000000084c00000, 0x0000000084b00000| Untracked 
|  76|0x0000000084c00000, 0x0000000084d00000, 0x0000000084d00000|100%| O|  |TAMS 0x0000000084d00000, 0x0000000084c00000| Untracked 
|  77|0x0000000084d00000, 0x0000000084e00000, 0x0000000084e00000|100%| O|  |TAMS 0x0000000084e00000, 0x0000000084d00000| Untracked 
|  78|0x0000000084e00000, 0x0000000084e00000, 0x0000000084f00000|  0%| F|  |TAMS 0x0000000084e00000, 0x0000000084e00000| Untracked 
|  79|0x0000000084f00000, 0x0000000085000000, 0x0000000085000000|100%| O|  |TAMS 0x0000000085000000, 0x0000000084f00000| Untracked 
|  80|0x0000000085000000, 0x0000000085100000, 0x0000000085100000|100%| O|  |TAMS 0x0000000085022600, 0x0000000085000000| Untracked 
|  81|0x0000000085100000, 0x0000000085200000, 0x0000000085200000|100%| O|  |TAMS 0x0000000085100000, 0x0000000085100000| Untracked 
|  82|0x0000000085200000, 0x0000000085300000, 0x0000000085300000|100%| O|  |TAMS 0x0000000085200000, 0x0000000085200000| Untracked 
|  83|0x0000000085300000, 0x0000000085400000, 0x0000000085400000|100%| O|  |TAMS 0x0000000085400000, 0x0000000085300000| Untracked 
|  84|0x0000000085400000, 0x0000000085500000, 0x0000000085500000|100%| O|  |TAMS 0x0000000085400000, 0x0000000085400000| Untracked 
|  85|0x0000000085500000, 0x0000000085500000, 0x0000000085600000|  0%| F|  |TAMS 0x0000000085500000, 0x0000000085500000| Untracked 
|  86|0x0000000085600000, 0x0000000085600000, 0x0000000085700000|  0%| F|  |TAMS 0x0000000085600000, 0x0000000085600000| Untracked 
|  87|0x0000000085700000, 0x0000000085700000, 0x0000000085800000|  0%| F|  |TAMS 0x0000000085700000, 0x0000000085700000| Untracked 
|  88|0x0000000085800000, 0x0000000085900000, 0x0000000085900000|100%| O|  |TAMS 0x0000000085800000, 0x0000000085800000| Untracked 
|  89|0x0000000085900000, 0x0000000085a00000, 0x0000000085a00000|100%| O|  |TAMS 0x0000000085900000, 0x0000000085900000| Untracked 
|  90|0x0000000085a00000, 0x0000000085b00000, 0x0000000085b00000|100%| O|  |TAMS 0x0000000085a00000, 0x0000000085a00000| Untracked 
|  91|0x0000000085b00000, 0x0000000085c00000, 0x0000000085c00000|100%| O|  |TAMS 0x0000000085c00000, 0x0000000085b00000| Untracked 
|  92|0x0000000085c00000, 0x0000000085c00000, 0x0000000085d00000|  0%| F|  |TAMS 0x0000000085c00000, 0x0000000085c00000| Untracked 
|  93|0x0000000085d00000, 0x0000000085e00000, 0x0000000085e00000|100%| O|  |TAMS 0x0000000085e00000, 0x0000000085d00000| Untracked 
|  94|0x0000000085e00000, 0x0000000085f00000, 0x0000000085f00000|100%| O|  |TAMS 0x0000000085f00000, 0x0000000085e00000| Untracked 
|  95|0x0000000085f00000, 0x0000000085f00000, 0x0000000086000000|  0%| F|  |TAMS 0x0000000085f00000, 0x0000000085f00000| Untracked 
|  96|0x0000000086000000, 0x0000000086000000, 0x0000000086100000|  0%| F|  |TAMS 0x0000000086000000, 0x0000000086000000| Untracked 
|  97|0x0000000086100000, 0x0000000086200000, 0x0000000086200000|100%| O|  |TAMS 0x0000000086100000, 0x0000000086100000| Untracked 
|  98|0x0000000086200000, 0x0000000086300000, 0x0000000086300000|100%| O|  |TAMS 0x0000000086300000, 0x0000000086200000| Untracked 
|  99|0x0000000086300000, 0x0000000086400000, 0x0000000086400000|100%| O|  |TAMS 0x0000000086400000, 0x0000000086300000| Untracked 
| 100|0x0000000086400000, 0x0000000086500000, 0x0000000086500000|100%| O|  |TAMS 0x0000000086400000, 0x0000000086400000| Untracked 
| 101|0x0000000086500000, 0x0000000086600000, 0x0000000086600000|100%| O|  |TAMS 0x0000000086500000, 0x0000000086500000| Untracked 
| 102|0x0000000086600000, 0x0000000086600000, 0x0000000086700000|  0%| F|  |TAMS 0x0000000086600000, 0x0000000086600000| Untracked 
| 103|0x0000000086700000, 0x0000000086800000, 0x0000000086800000|100%| O|  |TAMS 0x0000000086700000, 0x0000000086700000| Untracked 
| 104|0x0000000086800000, 0x0000000086900000, 0x0000000086900000|100%| O|  |TAMS 0x0000000086800000, 0x0000000086800000| Untracked 
| 105|0x0000000086900000, 0x0000000086a00000, 0x0000000086a00000|100%| O|  |TAMS 0x0000000086900000, 0x0000000086900000| Untracked 
| 106|0x0000000086a00000, 0x0000000086b00000, 0x0000000086b00000|100%| O|  |TAMS 0x0000000086a00000, 0x0000000086a00000| Untracked 
| 107|0x0000000086b00000, 0x0000000086c00000, 0x0000000086c00000|100%| O|  |TAMS 0x0000000086b00000, 0x0000000086b00000| Untracked 
| 108|0x0000000086c00000, 0x0000000086d00000, 0x0000000086d00000|100%| O|  |TAMS 0x0000000086c00000, 0x0000000086c00000| Untracked 
| 109|0x0000000086d00000, 0x0000000086d00000, 0x0000000086e00000|  0%| F|  |TAMS 0x0000000086d00000, 0x0000000086d00000| Untracked 
| 110|0x0000000086e00000, 0x0000000086f00000, 0x0000000086f00000|100%| O|  |TAMS 0x0000000086f00000, 0x0000000086e00000| Untracked 
| 111|0x0000000086f00000, 0x0000000086f00000, 0x0000000087000000|  0%| F|  |TAMS 0x0000000086f00000, 0x0000000086f00000| Untracked 
| 112|0x0000000087000000, 0x0000000087000000, 0x0000000087100000|  0%| F|  |TAMS 0x0000000087000000, 0x0000000087000000| Untracked 
| 113|0x0000000087100000, 0x0000000087100000, 0x0000000087200000|  0%| F|  |TAMS 0x0000000087100000, 0x0000000087100000| Untracked 
| 114|0x0000000087200000, 0x0000000087200000, 0x0000000087300000|  0%| F|  |TAMS 0x0000000087200000, 0x0000000087200000| Untracked 
| 115|0x0000000087300000, 0x0000000087300000, 0x0000000087400000|  0%| F|  |TAMS 0x0000000087300000, 0x0000000087300000| Untracked 
| 116|0x0000000087400000, 0x0000000087500000, 0x0000000087500000|100%| O|  |TAMS 0x0000000087500000, 0x0000000087400000| Untracked 
| 117|0x0000000087500000, 0x0000000087500000, 0x0000000087600000|  0%| F|  |TAMS 0x0000000087500000, 0x0000000087500000| Untracked 
| 118|0x0000000087600000, 0x0000000087600000, 0x0000000087700000|  0%| F|  |TAMS 0x0000000087600000, 0x0000000087600000| Untracked 
| 119|0x0000000087700000, 0x0000000087700000, 0x0000000087800000|  0%| F|  |TAMS 0x0000000087700000, 0x0000000087700000| Untracked 
| 120|0x0000000087800000, 0x0000000087800000, 0x0000000087900000|  0%| F|  |TAMS 0x0000000087800000, 0x0000000087800000| Untracked 
| 121|0x0000000087900000, 0x0000000087900000, 0x0000000087a00000|  0%| F|  |TAMS 0x0000000087900000, 0x0000000087900000| Untracked 
| 122|0x0000000087a00000, 0x0000000087a00000, 0x0000000087b00000|  0%| F|  |TAMS 0x0000000087a00000, 0x0000000087a00000| Untracked 
| 123|0x0000000087b00000, 0x0000000087b00000, 0x0000000087c00000|  0%| F|  |TAMS 0x0000000087b00000, 0x0000000087b00000| Untracked 
| 124|0x0000000087c00000, 0x0000000087c00000, 0x0000000087d00000|  0%| F|  |TAMS 0x0000000087c00000, 0x0000000087c00000| Untracked 
| 125|0x0000000087d00000, 0x0000000087d00000, 0x0000000087e00000|  0%| F|  |TAMS 0x0000000087d00000, 0x0000000087d00000| Untracked 
| 126|0x0000000087e00000, 0x0000000087e00000, 0x0000000087f00000|  0%| F|  |TAMS 0x0000000087e00000, 0x0000000087e00000| Untracked 
| 127|0x0000000087f00000, 0x0000000087f00000, 0x0000000088000000|  0%| F|  |TAMS 0x0000000087f00000, 0x0000000087f00000| Untracked 
| 128|0x0000000088000000, 0x0000000088000000, 0x0000000088100000|  0%| F|  |TAMS 0x0000000088000000, 0x0000000088000000| Untracked 
| 129|0x0000000088100000, 0x0000000088100000, 0x0000000088200000|  0%| F|  |TAMS 0x0000000088100000, 0x0000000088100000| Untracked 
| 130|0x0000000088200000, 0x0000000088200000, 0x0000000088300000|  0%| F|  |TAMS 0x0000000088200000, 0x0000000088200000| Untracked 
| 131|0x0000000088300000, 0x0000000088300000, 0x0000000088400000|  0%| F|  |TAMS 0x0000000088300000, 0x0000000088300000| Untracked 
| 132|0x0000000088400000, 0x0000000088400000, 0x0000000088500000|  0%| F|  |TAMS 0x0000000088400000, 0x0000000088400000| Untracked 
| 133|0x0000000088500000, 0x0000000088500000, 0x0000000088600000|  0%| F|  |TAMS 0x0000000088500000, 0x0000000088500000| Untracked 
| 134|0x0000000088600000, 0x0000000088600000, 0x0000000088700000|  0%| F|  |TAMS 0x0000000088600000, 0x0000000088600000| Untracked 
| 135|0x0000000088700000, 0x0000000088700000, 0x0000000088800000|  0%| F|  |TAMS 0x0000000088700000, 0x0000000088700000| Untracked 
| 136|0x0000000088800000, 0x0000000088800000, 0x0000000088900000|  0%| F|  |TAMS 0x0000000088800000, 0x0000000088800000| Untracked 
| 137|0x0000000088900000, 0x0000000088900000, 0x0000000088a00000|  0%| F|  |TAMS 0x0000000088900000, 0x0000000088900000| Untracked 
| 138|0x0000000088a00000, 0x0000000088a00000, 0x0000000088b00000|  0%| F|  |TAMS 0x0000000088a00000, 0x0000000088a00000| Untracked 
| 139|0x0000000088b00000, 0x0000000088b00000, 0x0000000088c00000|  0%| F|  |TAMS 0x0000000088b00000, 0x0000000088b00000| Untracked 
| 140|0x0000000088c00000, 0x0000000088c00000, 0x0000000088d00000|  0%| F|  |TAMS 0x0000000088c00000, 0x0000000088c00000| Untracked 
| 141|0x0000000088d00000, 0x0000000088d00000, 0x0000000088e00000|  0%| F|  |TAMS 0x0000000088d00000, 0x0000000088d00000| Untracked 
| 142|0x0000000088e00000, 0x0000000088e00000, 0x0000000088f00000|  0%| F|  |TAMS 0x0000000088e00000, 0x0000000088e00000| Untracked 
| 143|0x0000000088f00000, 0x0000000088f00000, 0x0000000089000000|  0%| F|  |TAMS 0x0000000088f00000, 0x0000000088f00000| Untracked 
| 144|0x0000000089000000, 0x0000000089000000, 0x0000000089100000|  0%| F|  |TAMS 0x0000000089000000, 0x0000000089000000| Untracked 
| 145|0x0000000089100000, 0x0000000089100000, 0x0000000089200000|  0%| F|  |TAMS 0x0000000089100000, 0x0000000089100000| Untracked 
| 146|0x0000000089200000, 0x0000000089200000, 0x0000000089300000|  0%| F|  |TAMS 0x0000000089200000, 0x0000000089200000| Untracked 
| 147|0x0000000089300000, 0x0000000089300000, 0x0000000089400000|  0%| F|  |TAMS 0x0000000089300000, 0x0000000089300000| Untracked 
| 148|0x0000000089400000, 0x0000000089400000, 0x0000000089500000|  0%| F|  |TAMS 0x0000000089400000, 0x0000000089400000| Untracked 
| 149|0x0000000089500000, 0x0000000089500000, 0x0000000089600000|  0%| F|  |TAMS 0x0000000089500000, 0x0000000089500000| Untracked 
| 150|0x0000000089600000, 0x0000000089600000, 0x0000000089700000|  0%| F|  |TAMS 0x0000000089600000, 0x0000000089600000| Untracked 
| 151|0x0000000089700000, 0x0000000089700000, 0x0000000089800000|  0%| F|  |TAMS 0x0000000089700000, 0x0000000089700000| Untracked 
| 152|0x0000000089800000, 0x0000000089800000, 0x0000000089900000|  0%| F|  |TAMS 0x0000000089800000, 0x0000000089800000| Untracked 
| 153|0x0000000089900000, 0x0000000089900000, 0x0000000089a00000|  0%| F|  |TAMS 0x0000000089900000, 0x0000000089900000| Untracked 
| 154|0x0000000089a00000, 0x0000000089a00000, 0x0000000089b00000|  0%| F|  |TAMS 0x0000000089a00000, 0x0000000089a00000| Untracked 
| 155|0x0000000089b00000, 0x0000000089b00000, 0x0000000089c00000|  0%| F|  |TAMS 0x0000000089b00000, 0x0000000089b00000| Untracked 
| 156|0x0000000089c00000, 0x0000000089c00000, 0x0000000089d00000|  0%| F|  |TAMS 0x0000000089c00000, 0x0000000089c00000| Untracked 
| 157|0x0000000089d00000, 0x0000000089d00000, 0x0000000089e00000|  0%| F|  |TAMS 0x0000000089d00000, 0x0000000089d00000| Untracked 
| 158|0x0000000089e00000, 0x0000000089e00000, 0x0000000089f00000|  0%| F|  |TAMS 0x0000000089e00000, 0x0000000089e00000| Untracked 
| 159|0x0000000089f00000, 0x0000000089f00000, 0x000000008a000000|  0%| F|  |TAMS 0x0000000089f00000, 0x0000000089f00000| Untracked 
| 160|0x000000008a000000, 0x000000008a000000, 0x000000008a100000|  0%| F|  |TAMS 0x000000008a000000, 0x000000008a000000| Untracked 
| 161|0x000000008a100000, 0x000000008a100000, 0x000000008a200000|  0%| F|  |TAMS 0x000000008a100000, 0x000000008a100000| Untracked 
| 162|0x000000008a200000, 0x000000008a200000, 0x000000008a300000|  0%| F|  |TAMS 0x000000008a200000, 0x000000008a200000| Untracked 
| 163|0x000000008a300000, 0x000000008a300000, 0x000000008a400000|  0%| F|  |TAMS 0x000000008a300000, 0x000000008a300000| Untracked 
| 164|0x000000008a400000, 0x000000008a400000, 0x000000008a500000|  0%| F|  |TAMS 0x000000008a400000, 0x000000008a400000| Untracked 
| 165|0x000000008a500000, 0x000000008a500000, 0x000000008a600000|  0%| F|  |TAMS 0x000000008a500000, 0x000000008a500000| Untracked 
| 166|0x000000008a600000, 0x000000008a600000, 0x000000008a700000|  0%| F|  |TAMS 0x000000008a600000, 0x000000008a600000| Untracked 
| 167|0x000000008a700000, 0x000000008a700000, 0x000000008a800000|  0%| F|  |TAMS 0x000000008a700000, 0x000000008a700000| Untracked 
| 168|0x000000008a800000, 0x000000008a800000, 0x000000008a900000|  0%| F|  |TAMS 0x000000008a800000, 0x000000008a800000| Untracked 
| 169|0x000000008a900000, 0x000000008a900000, 0x000000008aa00000|  0%| F|  |TAMS 0x000000008a900000, 0x000000008a900000| Untracked 
| 170|0x000000008aa00000, 0x000000008aa00000, 0x000000008ab00000|  0%| F|  |TAMS 0x000000008aa00000, 0x000000008aa00000| Untracked 
| 171|0x000000008ab00000, 0x000000008ab00000, 0x000000008ac00000|  0%| F|  |TAMS 0x000000008ab00000, 0x000000008ab00000| Untracked 
| 172|0x000000008ac00000, 0x000000008ac00000, 0x000000008ad00000|  0%| F|  |TAMS 0x000000008ac00000, 0x000000008ac00000| Untracked 
| 173|0x000000008ad00000, 0x000000008ad00000, 0x000000008ae00000|  0%| F|  |TAMS 0x000000008ad00000, 0x000000008ad00000| Untracked 
| 174|0x000000008ae00000, 0x000000008ae00000, 0x000000008af00000|  0%| F|  |TAMS 0x000000008ae00000, 0x000000008ae00000| Untracked 
| 175|0x000000008af00000, 0x000000008af00000, 0x000000008b000000|  0%| F|  |TAMS 0x000000008af00000, 0x000000008af00000| Untracked 
| 176|0x000000008b000000, 0x000000008b000000, 0x000000008b100000|  0%| F|  |TAMS 0x000000008b000000, 0x000000008b000000| Untracked 
| 177|0x000000008b100000, 0x000000008b100000, 0x000000008b200000|  0%| F|  |TAMS 0x000000008b100000, 0x000000008b100000| Untracked 
| 178|0x000000008b200000, 0x000000008b200000, 0x000000008b300000|  0%| F|  |TAMS 0x000000008b200000, 0x000000008b200000| Untracked 
| 179|0x000000008b300000, 0x000000008b300000, 0x000000008b400000|  0%| F|  |TAMS 0x000000008b300000, 0x000000008b300000| Untracked 
| 180|0x000000008b400000, 0x000000008b400000, 0x000000008b500000|  0%| F|  |TAMS 0x000000008b400000, 0x000000008b400000| Untracked 
| 181|0x000000008b500000, 0x000000008b500000, 0x000000008b600000|  0%| F|  |TAMS 0x000000008b500000, 0x000000008b500000| Untracked 
| 182|0x000000008b600000, 0x000000008b600000, 0x000000008b700000|  0%| F|  |TAMS 0x000000008b600000, 0x000000008b600000| Untracked 
| 183|0x000000008b700000, 0x000000008b700000, 0x000000008b800000|  0%| F|  |TAMS 0x000000008b700000, 0x000000008b700000| Untracked 
| 184|0x000000008b800000, 0x000000008b800000, 0x000000008b900000|  0%| F|  |TAMS 0x000000008b800000, 0x000000008b800000| Untracked 
| 185|0x000000008b900000, 0x000000008b900000, 0x000000008ba00000|  0%| F|  |TAMS 0x000000008b900000, 0x000000008b900000| Untracked 
| 186|0x000000008ba00000, 0x000000008ba00000, 0x000000008bb00000|  0%| F|  |TAMS 0x000000008ba00000, 0x000000008ba00000| Untracked 
| 187|0x000000008bb00000, 0x000000008bb00000, 0x000000008bc00000|  0%| F|  |TAMS 0x000000008bb00000, 0x000000008bb00000| Untracked 
| 188|0x000000008bc00000, 0x000000008bc00000, 0x000000008bd00000|  0%| F|  |TAMS 0x000000008bc00000, 0x000000008bc00000| Untracked 
| 189|0x000000008bd00000, 0x000000008bd00000, 0x000000008be00000|  0%| F|  |TAMS 0x000000008bd00000, 0x000000008bd00000| Untracked 
| 190|0x000000008be00000, 0x000000008be00000, 0x000000008bf00000|  0%| F|  |TAMS 0x000000008be00000, 0x000000008be00000| Untracked 
| 191|0x000000008bf00000, 0x000000008bf00000, 0x000000008c000000|  0%| F|  |TAMS 0x000000008bf00000, 0x000000008bf00000| Untracked 
| 192|0x000000008c000000, 0x000000008c000000, 0x000000008c100000|  0%| F|  |TAMS 0x000000008c000000, 0x000000008c000000| Untracked 
| 193|0x000000008c100000, 0x000000008c100000, 0x000000008c200000|  0%| F|  |TAMS 0x000000008c100000, 0x000000008c100000| Untracked 
| 194|0x000000008c200000, 0x000000008c258720, 0x000000008c300000| 34%| E|  |TAMS 0x000000008c200000, 0x000000008c200000| Complete 
| 195|0x000000008c300000, 0x000000008c400000, 0x000000008c400000|100%| E|CS|TAMS 0x000000008c300000, 0x000000008c300000| Complete 
| 196|0x000000008c400000, 0x000000008c500000, 0x000000008c500000|100%| E|CS|TAMS 0x000000008c400000, 0x000000008c400000| Complete 
| 197|0x000000008c500000, 0x000000008c600000, 0x000000008c600000|100%| E|CS|TAMS 0x000000008c500000, 0x000000008c500000| Complete 
| 198|0x000000008c600000, 0x000000008c700000, 0x000000008c700000|100%| E|CS|TAMS 0x000000008c600000, 0x000000008c600000| Complete 
| 199|0x000000008c700000, 0x000000008c800000, 0x000000008c800000|100%| E|CS|TAMS 0x000000008c700000, 0x000000008c700000| Complete 
| 200|0x000000008c800000, 0x000000008c900000, 0x000000008c900000|100%| E|CS|TAMS 0x000000008c800000, 0x000000008c800000| Complete 
| 201|0x000000008c900000, 0x000000008ca00000, 0x000000008ca00000|100%| E|  |TAMS 0x000000008c900000, 0x000000008c900000| Complete 
| 202|0x000000008ca00000, 0x000000008cb00000, 0x000000008cb00000|100%| E|CS|TAMS 0x000000008ca00000, 0x000000008ca00000| Complete 
| 203|0x000000008cb00000, 0x000000008cc00000, 0x000000008cc00000|100%| E|CS|TAMS 0x000000008cb00000, 0x000000008cb00000| Complete 
| 204|0x000000008cc00000, 0x000000008cd00000, 0x000000008cd00000|100%| E|CS|TAMS 0x000000008cc00000, 0x000000008cc00000| Complete 
| 205|0x000000008cd00000, 0x000000008ce00000, 0x000000008ce00000|100%| E|CS|TAMS 0x000000008cd00000, 0x000000008cd00000| Complete 
| 206|0x000000008ce00000, 0x000000008cf00000, 0x000000008cf00000|100%| E|CS|TAMS 0x000000008ce00000, 0x000000008ce00000| Complete 
| 207|0x000000008cf00000, 0x000000008d000000, 0x000000008d000000|100%| E|CS|TAMS 0x000000008cf00000, 0x000000008cf00000| Complete 
| 208|0x000000008d000000, 0x000000008d100000, 0x000000008d100000|100%| E|CS|TAMS 0x000000008d000000, 0x000000008d000000| Complete 
| 209|0x000000008d100000, 0x000000008d200000, 0x000000008d200000|100%| E|CS|TAMS 0x000000008d100000, 0x000000008d100000| Complete 
| 210|0x000000008d200000, 0x000000008d300000, 0x000000008d300000|100%| E|CS|TAMS 0x000000008d200000, 0x000000008d200000| Complete 
| 211|0x000000008d300000, 0x000000008d400000, 0x000000008d400000|100%| E|CS|TAMS 0x000000008d300000, 0x000000008d300000| Complete 
| 212|0x000000008d400000, 0x000000008d500000, 0x000000008d500000|100%| E|CS|TAMS 0x000000008d400000, 0x000000008d400000| Complete 
| 213|0x000000008d500000, 0x000000008d600000, 0x000000008d600000|100%| E|CS|TAMS 0x000000008d500000, 0x000000008d500000| Complete 
| 214|0x000000008d600000, 0x000000008d700000, 0x000000008d700000|100%| E|CS|TAMS 0x000000008d600000, 0x000000008d600000| Complete 
| 215|0x000000008d700000, 0x000000008d800000, 0x000000008d800000|100%| E|CS|TAMS 0x000000008d700000, 0x000000008d700000| Complete 
| 216|0x000000008d800000, 0x000000008d900000, 0x000000008d900000|100%| E|CS|TAMS 0x000000008d800000, 0x000000008d800000| Complete 
| 217|0x000000008d900000, 0x000000008da00000, 0x000000008da00000|100%| E|CS|TAMS 0x000000008d900000, 0x000000008d900000| Complete 
| 218|0x000000008da00000, 0x000000008db00000, 0x000000008db00000|100%| E|CS|TAMS 0x000000008da00000, 0x000000008da00000| Complete 
| 219|0x000000008db00000, 0x000000008dc00000, 0x000000008dc00000|100%| E|CS|TAMS 0x000000008db00000, 0x000000008db00000| Complete 
| 220|0x000000008dc00000, 0x000000008dd00000, 0x000000008dd00000|100%| E|CS|TAMS 0x000000008dc00000, 0x000000008dc00000| Complete 
| 221|0x000000008dd00000, 0x000000008de00000, 0x000000008de00000|100%| E|CS|TAMS 0x000000008dd00000, 0x000000008dd00000| Complete 
| 222|0x000000008de00000, 0x000000008df00000, 0x000000008df00000|100%| O|  |TAMS 0x000000008df00000, 0x000000008de00000| Untracked 
| 223|0x000000008df00000, 0x000000008e000000, 0x000000008e000000|100%| E|CS|TAMS 0x000000008df00000, 0x000000008df00000| Complete 
| 224|0x000000008e000000, 0x000000008e100000, 0x000000008e100000|100%| S|CS|TAMS 0x000000008e000000, 0x000000008e000000| Complete 
| 225|0x000000008e100000, 0x000000008e200000, 0x000000008e200000|100%| E|CS|TAMS 0x000000008e100000, 0x000000008e100000| Complete 
| 226|0x000000008e200000, 0x000000008e300000, 0x000000008e300000|100%| E|CS|TAMS 0x000000008e200000, 0x000000008e200000| Complete 
| 227|0x000000008e300000, 0x000000008e400000, 0x000000008e400000|100%| E|CS|TAMS 0x000000008e300000, 0x000000008e300000| Complete 
| 228|0x000000008e400000, 0x000000008e500000, 0x000000008e500000|100%| E|CS|TAMS 0x000000008e400000, 0x000000008e400000| Complete 
| 229|0x000000008e500000, 0x000000008e600000, 0x000000008e600000|100%| E|CS|TAMS 0x000000008e500000, 0x000000008e500000| Complete 
| 230|0x000000008e600000, 0x000000008e700000, 0x000000008e700000|100%| E|CS|TAMS 0x000000008e600000, 0x000000008e600000| Complete 
| 231|0x000000008e700000, 0x000000008e800000, 0x000000008e800000|100%| E|CS|TAMS 0x000000008e700000, 0x000000008e700000| Complete 
| 232|0x000000008e800000, 0x000000008e900000, 0x000000008e900000|100%| E|CS|TAMS 0x000000008e800000, 0x000000008e800000| Complete 
| 233|0x000000008e900000, 0x000000008ea00000, 0x000000008ea00000|100%| E|CS|TAMS 0x000000008e900000, 0x000000008e900000| Complete 
| 234|0x000000008ea00000, 0x000000008eb00000, 0x000000008eb00000|100%| E|CS|TAMS 0x000000008ea00000, 0x000000008ea00000| Complete 
| 235|0x000000008eb00000, 0x000000008ec00000, 0x000000008ec00000|100%| E|CS|TAMS 0x000000008eb00000, 0x000000008eb00000| Complete 

Card table byte_map: [0x0000019e67a10000,0x0000019e67e10000] _byte_map_base: 0x0000019e67610000

Marking Bits (Prev, Next): (CMBitMap*) 0x0000019e52d7d7e0, (CMBitMap*) 0x0000019e52d7d7a8
 Prev Bits: [0x0000019e6a210000, 0x0000019e6c210000)
 Next Bits: [0x0000019e68210000, 0x0000019e6a210000)

Polling page: 0x0000019e52b20000

Metaspace:

Usage:
  Non-class:     93.90 MB capacity,    92.48 MB ( 98%) used,     1.14 MB (  1%) free+waste,   291.19 KB ( <1%) overhead. 
      Class:     13.68 MB capacity,    12.84 MB ( 94%) used,   737.49 KB (  5%) free+waste,   122.50 KB ( <1%) overhead. 
       Both:    107.59 MB capacity,   105.32 MB ( 98%) used,     1.86 MB (  2%) free+waste,   413.69 KB ( <1%) overhead. 

Virtual space:
  Non-class space:       96.00 MB reserved,      94.25 MB ( 98%) committed 
      Class space:        1.00 GB reserved,      13.88 MB (  1%) committed 
             Both:        1.09 GB reserved,     108.13 MB ( 10%) committed 

Chunk freelists:
   Non-Class:  354.00 KB
       Class:  163.00 KB
        Both:  517.00 KB

MaxMetaspaceSize: 17179869184.00 GB
CompressedClassSpaceSize: 1.00 GB

CodeHeap 'non-profiled nmethods': size=120064Kb used=13783Kb max_used=13912Kb free=106280Kb
 bounds [0x0000019e5fab0000, 0x0000019e60860000, 0x0000019e66ff0000]
CodeHeap 'profiled nmethods': size=120000Kb used=40256Kb max_used=40943Kb free=79743Kb
 bounds [0x0000019e58580000, 0x0000019e5adb0000, 0x0000019e5fab0000]
CodeHeap 'non-nmethods': size=5696Kb used=2334Kb max_used=2386Kb free=3361Kb
 bounds [0x0000019e57ff0000, 0x0000019e58260000, 0x0000019e58580000]
 total_blobs=19131 nmethods=18181 adapters=860
 compilation: enabled
              stopped_count=0, restarted_count=0
 full_count=0

Compilation events (20 events):
Event: 2726.051 Thread 0x0000019e6e888800 nmethod 20044 0x0000019e5fe3c910 code [0x0000019e5fe3cb20, 0x0000019e5fe3d218]
Event: 2726.051 Thread 0x0000019e6e888800 20047   !   4       java.net.URLClassLoader$1::run (63 bytes)
Event: 2726.086 Thread 0x0000019e6e88d800 20050       3       kotlin.collections.AbstractIterator::hasNext (101 bytes)
Event: 2726.087 Thread 0x0000019e6e88d800 nmethod 20050 0x0000019e58f63e90 code [0x0000019e58f640a0, 0x0000019e58f64658]
Event: 2726.098 Thread 0x0000019e6e88d800 20051  s    3       java.io.ExpiringCache::clear (10 bytes)
Event: 2726.099 Thread 0x0000019e6e88d800 nmethod 20051 0x0000019e58e8ff90 code [0x0000019e58e90160, 0x0000019e58e90488]
Event: 2726.133 Thread 0x0000019e6e88d800 20052   !   3       java.io.Writer::write (52 bytes)
Event: 2726.133 Thread 0x0000019e6e88d800 nmethod 20052 0x0000019e5900e710 code [0x0000019e5900e8e0, 0x0000019e5900edc8]
Event: 2726.133 Thread 0x0000019e6e88d800 20053       3       org.apache.groovy.io.StringBuilderWriter::write (16 bytes)
Event: 2726.133 Thread 0x0000019e6e88d800 nmethod 20053 0x0000019e58ea5d90 code [0x0000019e58ea5f60, 0x0000019e58ea6128]
Event: 2726.134 Thread 0x0000019e6e88d800 20056   !   3       kotlin.io.CloseableKt::closeFinally (38 bytes)
Event: 2726.135 Thread 0x0000019e6e88d800 nmethod 20056 0x0000019e58f75d90 code [0x0000019e58f75f80, 0x0000019e58f76308]
Event: 2726.135 Thread 0x0000019e71693800 20049       4       sun.nio.fs.WindowsPathParser::nextNonSlash (24 bytes)
Event: 2726.139 Thread 0x0000019e71693800 nmethod 20049 0x0000019e5fdf2210 code [0x0000019e5fdf23a0, 0x0000019e5fdf24d8]
Event: 2726.139 Thread 0x0000019e71693800 20055       4       java.lang.AbstractStringBuilder::append (33 bytes)
Event: 2726.158 Thread 0x0000019e71693800 nmethod 20055 0x0000019e5fe62010 code [0x0000019e5fe621e0, 0x0000019e5fe62a10]
Event: 2726.158 Thread 0x0000019e71693800 20054       4       java.lang.StringBuilder::append (10 bytes)
Event: 2726.178 Thread 0x0000019e71693800 nmethod 20054 0x0000019e5fe91310 code [0x0000019e5fe914e0, 0x0000019e5fe91d70]
Event: 2726.178 Thread 0x0000019e71693800 20048       4       java.util.concurrent.ArrayBlockingQueue::enqueue (53 bytes)
Event: 2726.183 Thread 0x0000019e71693800 nmethod 20048 0x0000019e5fe22490 code [0x0000019e5fe22640, 0x0000019e5fe228e8]

GC Heap History (20 events):
Event: 355.829 GC heap before
{Heap before GC invocations=69 (full 0):
 garbage-first heap   total 241664K, used 120239K [0x0000000080000000, 0x0000000100000000)
  region size 1024K, 9 young (9216K), 1 survivors (1024K)
 Metaspace       used 106155K, capacity 108732K, committed 109056K, reserved 1144832K
  class space    used 13045K, capacity 14008K, committed 14080K, reserved 1048576K
}
Event: 355.846 GC heap after
{Heap after GC invocations=70 (full 0):
 garbage-first heap   total 241664K, used 117813K [0x0000000080000000, 0x0000000100000000)
  region size 1024K, 6 young (6144K), 6 survivors (6144K)
 Metaspace       used 106155K, capacity 108732K, committed 109056K, reserved 1144832K
  class space    used 13045K, capacity 14008K, committed 14080K, reserved 1048576K
}
Event: 358.290 GC heap before
{Heap before GC invocations=71 (full 0):
 garbage-first heap   total 241664K, used 192565K [0x0000000080000000, 0x0000000100000000)
  region size 1024K, 65 young (66560K), 6 survivors (6144K)
 Metaspace       used 106201K, capacity 108747K, committed 109056K, reserved 1144832K
  class space    used 13046K, capacity 14010K, committed 14080K, reserved 1048576K
}
Event: 358.298 GC heap after
{Heap after GC invocations=72 (full 0):
 garbage-first heap   total 241664K, used 117048K [0x0000000080000000, 0x0000000100000000)
  region size 1024K, 4 young (4096K), 4 survivors (4096K)
 Metaspace       used 106201K, capacity 108747K, committed 109056K, reserved 1144832K
  class space    used 13046K, capacity 14010K, committed 14080K, reserved 1048576K
}
Event: 358.321 GC heap before
{Heap before GC invocations=72 (full 0):
 garbage-first heap   total 241664K, used 123192K [0x0000000080000000, 0x0000000100000000)
  region size 1024K, 11 young (11264K), 4 survivors (4096K)
 Metaspace       used 106202K, capacity 108748K, committed 109056K, reserved 1144832K
  class space    used 13046K, capacity 14010K, committed 14080K, reserved 1048576K
}
Event: 358.329 GC heap after
{Heap after GC invocations=73 (full 0):
 garbage-first heap   total 241664K, used 116674K [0x0000000080000000, 0x0000000100000000)
  region size 1024K, 2 young (2048K), 2 survivors (2048K)
 Metaspace       used 106202K, capacity 108748K, committed 109056K, reserved 1144832K
  class space    used 13046K, capacity 14010K, committed 14080K, reserved 1048576K
}
Event: 358.801 GC heap before
{Heap before GC invocations=73 (full 0):
 garbage-first heap   total 241664K, used 168898K [0x0000000080000000, 0x0000000100000000)
  region size 1024K, 54 young (55296K), 2 survivors (2048K)
 Metaspace       used 106267K, capacity 108764K, committed 109056K, reserved 1144832K
  class space    used 13047K, capacity 14012K, committed 14080K, reserved 1048576K
}
Event: 358.808 GC heap after
{Heap after GC invocations=74 (full 0):
 garbage-first heap   total 241664K, used 118546K [0x0000000080000000, 0x0000000100000000)
  region size 1024K, 4 young (4096K), 4 survivors (4096K)
 Metaspace       used 106267K, capacity 108764K, committed 109056K, reserved 1144832K
  class space    used 13047K, capacity 14012K, committed 14080K, reserved 1048576K
}
Event: 2720.193 GC heap before
{Heap before GC invocations=75 (full 0):
 garbage-first heap   total 241664K, used 215826K [0x0000000080000000, 0x0000000100000000)
  region size 1024K, 66 young (67584K), 4 survivors (4096K)
 Metaspace       used 106487K, capacity 109094K, committed 109312K, reserved 1144832K
  class space    used 13048K, capacity 14013K, committed 14080K, reserved 1048576K
}
Event: 2720.272 GC heap after
{Heap after GC invocations=76 (full 0):
 garbage-first heap   total 241664K, used 106434K [0x0000000080000000, 0x0000000100000000)
  region size 1024K, 3 young (3072K), 3 survivors (3072K)
 Metaspace       used 106487K, capacity 109094K, committed 109312K, reserved 1144832K
  class space    used 13048K, capacity 14013K, committed 14080K, reserved 1048576K
}
Event: 2720.432 GC heap before
{Heap before GC invocations=76 (full 0):
 garbage-first heap   total 241664K, used 113602K [0x0000000080000000, 0x0000000100000000)
  region size 1024K, 11 young (11264K), 3 survivors (3072K)
 Metaspace       used 106489K, capacity 109094K, committed 109312K, reserved 1144832K
  class space    used 13048K, capacity 14013K, committed 14080K, reserved 1048576K
}
Event: 2720.502 GC heap after
{Heap after GC invocations=77 (full 0):
 garbage-first heap   total 241664K, used 99330K [0x0000000080000000, 0x0000000100000000)
  region size 1024K, 1 young (1024K), 1 survivors (1024K)
 Metaspace       used 106489K, capacity 109094K, committed 109312K, reserved 1144832K
  class space    used 13048K, capacity 14013K, committed 14080K, reserved 1048576K
}
Event: 2721.687 GC heap before
{Heap before GC invocations=77 (full 0):
 garbage-first heap   total 241664K, used 129026K [0x0000000080000000, 0x0000000100000000)
  region size 1024K, 31 young (31744K), 1 survivors (1024K)
 Metaspace       used 106638K, capacity 109232K, committed 109312K, reserved 1144832K
  class space    used 13054K, capacity 14015K, committed 14080K, reserved 1048576K
}
Event: 2721.727 GC heap after
{Heap after GC invocations=78 (full 0):
 garbage-first heap   total 241664K, used 102921K [0x0000000080000000, 0x0000000100000000)
  region size 1024K, 5 young (5120K), 5 survivors (5120K)
 Metaspace       used 106638K, capacity 109232K, committed 109312K, reserved 1144832K
  class space    used 13054K, capacity 14015K, committed 14080K, reserved 1048576K
}
Event: 2724.794 GC heap before
{Heap before GC invocations=79 (full 0):
 garbage-first heap   total 241664K, used 188937K [0x0000000080000000, 0x0000000100000000)
  region size 1024K, 73 young (74752K), 5 survivors (5120K)
 Metaspace       used 106379K, capacity 108715K, committed 109568K, reserved 1144832K
  class space    used 12959K, capacity 13832K, committed 14080K, reserved 1048576K
}
Event: 2724.832 GC heap after
{Heap after GC invocations=80 (full 0):
 garbage-first heap   total 241664K, used 108726K [0x0000000080000000, 0x0000000100000000)
  region size 1024K, 10 young (10240K), 10 survivors (10240K)
 Metaspace       used 106379K, capacity 108715K, committed 109568K, reserved 1144832K
  class space    used 12959K, capacity 13832K, committed 14080K, reserved 1048576K
}
Event: 2724.837 GC heap before
{Heap before GC invocations=80 (full 0):
 garbage-first heap   total 241664K, used 109750K [0x0000000080000000, 0x0000000100000000)
  region size 1024K, 11 young (11264K), 10 survivors (10240K)
 Metaspace       used 106379K, capacity 108715K, committed 109568K, reserved 1144832K
  class space    used 12959K, capacity 13832K, committed 14080K, reserved 1048576K
}
Event: 2724.928 GC heap after
{Heap after GC invocations=81 (full 0):
 garbage-first heap   total 241664K, used 91272K [0x0000000080000000, 0x0000000100000000)
  region size 1024K, 1 young (1024K), 1 survivors (1024K)
 Metaspace       used 106379K, capacity 108715K, committed 109568K, reserved 1144832K
  class space    used 12959K, capacity 13832K, committed 14080K, reserved 1048576K
}
Event: 2725.007 GC heap before
{Heap before GC invocations=81 (full 0):
 garbage-first heap   total 241664K, used 100488K [0x0000000080000000, 0x0000000100000000)
  region size 1024K, 11 young (11264K), 1 survivors (1024K)
 Metaspace       used 106379K, capacity 108715K, committed 109568K, reserved 1144832K
  class space    used 12959K, capacity 13832K, committed 14080K, reserved 1048576K
}
Event: 2725.021 GC heap after
{Heap after GC invocations=82 (full 0):
 garbage-first heap   total 241664K, used 91136K [0x0000000080000000, 0x0000000100000000)
  region size 1024K, 1 young (1024K), 1 survivors (1024K)
 Metaspace       used 106379K, capacity 108715K, committed 109568K, reserved 1144832K
  class space    used 12959K, capacity 13832K, committed 14080K, reserved 1048576K
}

Deoptimization events (20 events):
Event: 2726.100 Thread 0x0000019e71696800 DEOPT PACKING pc=0x0000019e5993b6ea sp=0x00000032a74ff130
Event: 2726.100 Thread 0x0000019e71696800 DEOPT UNPACKING pc=0x0000019e580176ce sp=0x00000032a74fe6b0 mode 0
Event: 2726.124 Thread 0x0000019e71696800 DEOPT PACKING pc=0x0000019e5993b6ea sp=0x00000032a74ff130
Event: 2726.124 Thread 0x0000019e71696800 DEOPT UNPACKING pc=0x0000019e580176ce sp=0x00000032a74fe6b0 mode 0
Event: 2726.128 Thread 0x0000019e6f6fa000 Uncommon trap: trap_request=0xffffffc6 fr.pc=0x0000019e5fe9c120 relative=0x0000000000001dc0
Event: 2726.128 Thread 0x0000019e6f6fa000 Uncommon trap: reason=bimorphic_or_optimized_type_check action=maybe_recompile pc=0x0000019e5fe9c120 method=kotlin.text.StringsKt__AppendableKt.appendElement(Ljava/lang/Appendable;Ljava/lang/Object;Lkotlin/jvm/functions/Function1;)V @ 14 c2
Event: 2726.128 Thread 0x0000019e6f6fa000 DEOPT PACKING pc=0x0000019e5fe9c120 sp=0x00000032a81fa1c0
Event: 2726.128 Thread 0x0000019e6f6fa000 DEOPT UNPACKING pc=0x0000019e580178af sp=0x00000032a81fa1b8 mode 2
Event: 2726.128 Thread 0x0000019e6f6fa000 Uncommon trap: trap_request=0xffffffc6 fr.pc=0x0000019e5fe9c120 relative=0x0000000000001dc0
Event: 2726.128 Thread 0x0000019e6f6fa000 Uncommon trap: reason=bimorphic_or_optimized_type_check action=maybe_recompile pc=0x0000019e5fe9c120 method=kotlin.text.StringsKt__AppendableKt.appendElement(Ljava/lang/Appendable;Ljava/lang/Object;Lkotlin/jvm/functions/Function1;)V @ 14 c2
Event: 2726.128 Thread 0x0000019e6f6fa000 DEOPT PACKING pc=0x0000019e5fe9c120 sp=0x00000032a81fa1c0
Event: 2726.128 Thread 0x0000019e6f6fa000 DEOPT UNPACKING pc=0x0000019e580178af sp=0x00000032a81fa1b8 mode 2
Event: 2726.128 Thread 0x0000019e6f6fa000 Uncommon trap: trap_request=0xffffffc6 fr.pc=0x0000019e5fe9c120 relative=0x0000000000001dc0
Event: 2726.128 Thread 0x0000019e6f6fa000 Uncommon trap: reason=bimorphic_or_optimized_type_check action=maybe_recompile pc=0x0000019e5fe9c120 method=kotlin.text.StringsKt__AppendableKt.appendElement(Ljava/lang/Appendable;Ljava/lang/Object;Lkotlin/jvm/functions/Function1;)V @ 14 c2
Event: 2726.129 Thread 0x0000019e6f6fa000 DEOPT PACKING pc=0x0000019e5fe9c120 sp=0x00000032a81fa1c0
Event: 2726.129 Thread 0x0000019e6f6fa000 DEOPT UNPACKING pc=0x0000019e580178af sp=0x00000032a81fa1b8 mode 2
Event: 2726.129 Thread 0x0000019e6f6fa000 Uncommon trap: trap_request=0xffffffc6 fr.pc=0x0000019e5fe9c120 relative=0x0000000000001dc0
Event: 2726.129 Thread 0x0000019e6f6fa000 Uncommon trap: reason=bimorphic_or_optimized_type_check action=maybe_recompile pc=0x0000019e5fe9c120 method=kotlin.text.StringsKt__AppendableKt.appendElement(Ljava/lang/Appendable;Ljava/lang/Object;Lkotlin/jvm/functions/Function1;)V @ 14 c2
Event: 2726.129 Thread 0x0000019e6f6fa000 DEOPT PACKING pc=0x0000019e5fe9c120 sp=0x00000032a81fa1c0
Event: 2726.129 Thread 0x0000019e6f6fa000 DEOPT UNPACKING pc=0x0000019e580178af sp=0x00000032a81fa1b8 mode 2

Classes redefined (0 events):
No events

Internal exceptions (20 events):
Event: 2722.273 Thread 0x0000019e6f6f2000 Implicit null exception at 0x0000019e5fc3ce27 to 0x0000019e5fc3cfa8
Event: 2722.464 Thread 0x0000019e6f6f2000 Implicit null exception at 0x0000019e6026daeb to 0x0000019e6026fac0
Event: 2722.471 Thread 0x0000019e6f6f2000 Implicit null exception at 0x0000019e5fdb04ef to 0x0000019e5fdb0920
Event: 2722.471 Thread 0x0000019e6f6f2000 Exception <a 'java/lang/NoSuchMethodError'{0x000000008c49eb18}: <clinit>> (0x000000008c49eb18) thrown at [./src/hotspot/share/prims/jni.cpp, line 1362]
Event: 2722.479 Thread 0x0000019e6f6f2000 Exception <a 'java/lang/NoSuchMethodError'{0x000000008c4bfd00}: <clinit>> (0x000000008c4bfd00) thrown at [./src/hotspot/share/prims/jni.cpp, line 1362]
Event: 2722.774 Thread 0x0000019e6f6f2000 Exception <a 'java/lang/NoSuchMethodError'{0x000000008ba51ee0}: <clinit>> (0x000000008ba51ee0) thrown at [./src/hotspot/share/prims/jni.cpp, line 1362]
Event: 2722.774 Thread 0x0000019e6f6f2000 Exception <a 'java/lang/NoSuchMethodError'{0x000000008ba531a0}: <clinit>> (0x000000008ba531a0) thrown at [./src/hotspot/share/prims/jni.cpp, line 1362]
Event: 2722.774 Thread 0x0000019e6f6f2000 Exception <a 'java/lang/NoSuchMethodError'{0x000000008ba55900}: <clinit>> (0x000000008ba55900) thrown at [./src/hotspot/share/prims/jni.cpp, line 1362]
Event: 2722.776 Thread 0x0000019e6f6f2000 Exception <a 'java/lang/NoSuchMethodError'{0x000000008ba6e3a0}: <clinit>> (0x000000008ba6e3a0) thrown at [./src/hotspot/share/prims/jni.cpp, line 1362]
Event: 2722.776 Thread 0x0000019e6f6f2000 Exception <a 'java/lang/NoSuchMethodError'{0x000000008ba6f880}: <clinit>> (0x000000008ba6f880) thrown at [./src/hotspot/share/prims/jni.cpp, line 1362]
Event: 2722.786 Thread 0x0000019e6f6f2000 Exception <a 'java/lang/NoSuchMethodError'{0x000000008bae2f18}: <clinit>> (0x000000008bae2f18) thrown at [./src/hotspot/share/prims/jni.cpp, line 1362]
Event: 2722.789 Thread 0x0000019e6f6f2000 Exception <a 'java/lang/NoSuchMethodError'{0x000000008b916258}: <clinit>> (0x000000008b916258) thrown at [./src/hotspot/share/prims/jni.cpp, line 1362]
Event: 2722.790 Thread 0x0000019e6f6f2000 Exception <a 'java/lang/NoSuchMethodError'{0x000000008b928fe0}: <clinit>> (0x000000008b928fe0) thrown at [./src/hotspot/share/prims/jni.cpp, line 1362]
Event: 2724.949 Thread 0x0000019e6f5db800 Exception <a 'sun/nio/fs/WindowsException'{0x000000008e9dccc0}> (0x000000008e9dccc0) thrown at [./src/hotspot/share/prims/jni.cpp, line 615]
Event: 2724.949 Thread 0x0000019e6f5db800 Exception <a 'sun/nio/fs/WindowsException'{0x000000008e9dcda8}> (0x000000008e9dcda8) thrown at [./src/hotspot/share/prims/jni.cpp, line 615]
Event: 2725.329 Thread 0x0000019e6f6fa000 Implicit null exception at 0x0000019e5fc718d3 to 0x0000019e5fc71c8c
Event: 2725.387 Thread 0x0000019e6f6fa000 Implicit null exception at 0x0000019e5fe893e0 to 0x0000019e5fe8bc94
Event: 2725.396 Thread 0x0000019e6f6fa000 Implicit null exception at 0x0000019e5fe83ce0 to 0x0000019e5fe86594
Event: 2725.432 Thread 0x0000019e6f6fa000 Implicit null exception at 0x0000019e5fef2533 to 0x0000019e5fef8264
Event: 2725.548 Thread 0x0000019e6f6fa000 Implicit null exception at 0x0000019e5fbc9acb to 0x0000019e5fbce7b8

Events (20 events):
Event: 2726.135 loading class org/jetbrains/kotlin/cli/common/messages/XmlMessageRenderer done
Event: 2726.136 loading class org/jetbrains/kotlin/cli/common/messages/MessageRenderer$1
Event: 2726.136 loading class org/jetbrains/kotlin/cli/common/messages/MessageRenderer$1 done
Event: 2726.136 loading class org/jetbrains/kotlin/cli/common/messages/PlainTextMessageRenderer
Event: 2726.136 loading class org/jetbrains/kotlin/cli/common/messages/PlainTextMessageRenderer done
Event: 2726.137 loading class org/jetbrains/kotlin/cli/common/PropertiesKt
Event: 2726.137 loading class org/jetbrains/kotlin/cli/common/PropertiesKt done
Event: 2726.138 loading class org/jetbrains/kotlin/cli/common/messages/MessageRenderer$2
Event: 2726.138 loading class org/jetbrains/kotlin/cli/common/messages/MessageRenderer$2 done
Event: 2726.138 loading class org/jetbrains/kotlin/cli/common/messages/MessageRenderer$3
Event: 2726.138 loading class org/jetbrains/kotlin/cli/common/messages/MessageRenderer$3 done
Event: 2726.139 loading class org/jetbrains/kotlin/cli/common/messages/MessageRenderer$4
Event: 2726.139 loading class org/jetbrains/kotlin/cli/common/messages/MessageRenderer$4 done
Event: 2726.141 loading class org/jetbrains/kotlin/compilerRunner/ReportUtilsKt$runToolInSeparateProcess$readErrThread$1
Event: 2726.141 loading class org/jetbrains/kotlin/compilerRunner/ReportUtilsKt$runToolInSeparateProcess$readErrThread$1 done
Event: 2726.141 Thread 0x0000019e71695000 Thread added: 0x0000019e71695000
Event: 2726.142 loading class org/jetbrains/kotlin/compilerRunner/ReportUtilsKt$runToolInSeparateProcess$1
Event: 2726.142 loading class org/jetbrains/kotlin/compilerRunner/ReportUtilsKt$runToolInSeparateProcess$1 done
Event: 2726.142 loading class org/jetbrains/kotlin/compilerRunner/ReportUtilsKt$runToolInSeparateProcess$readErrThread$1$1
Event: 2726.142 loading class org/jetbrains/kotlin/compilerRunner/ReportUtilsKt$runToolInSeparateProcess$readErrThread$1$1 done


Dynamic libraries:
0x00007ff7fbc20000 - 0x00007ff7fbc2a000 	C:\Program Files\Android\Android Studio\jre\bin\java.exe
0x00007ffadaad0000 - 0x00007ffadacc5000 	C:\Windows\SYSTEM32\ntdll.dll
0x00007ffad94a0000 - 0x00007ffad955e000 	C:\Windows\System32\KERNEL32.DLL
0x00007ffad8450000 - 0x00007ffad8718000 	C:\Windows\System32\KERNELBASE.dll
0x00007ffad8970000 - 0x00007ffad8a70000 	C:\Windows\System32\ucrtbase.dll
0x00007ffac2c70000 - 0x00007ffac2c87000 	C:\Program Files\Android\Android Studio\jre\bin\VCRUNTIME140.dll
0x00007ffab8d40000 - 0x00007ffab8d59000 	C:\Program Files\Android\Android Studio\jre\bin\jli.dll
0x00007ffad8fa0000 - 0x00007ffad9140000 	C:\Windows\System32\USER32.dll
0x00007ffad8a70000 - 0x00007ffad8a92000 	C:\Windows\System32\win32u.dll
0x00007ffac5ca0000 - 0x00007ffac5f3a000 	C:\Windows\WinSxS\amd64_microsoft.windows.common-controls_6595b64144ccf1df_6.0.19041.1110_none_60b5254171f9507e\COMCTL32.dll
0x00007ffada3b0000 - 0x00007ffada3db000 	C:\Windows\System32\GDI32.dll
0x00007ffad8750000 - 0x00007ffad885b000 	C:\Windows\System32\gdi32full.dll
0x00007ffad9140000 - 0x00007ffad91de000 	C:\Windows\System32\msvcrt.dll
0x00007ffad8860000 - 0x00007ffad88fd000 	C:\Windows\System32\msvcp_win.dll
0x00007ffada930000 - 0x00007ffada960000 	C:\Windows\System32\IMM32.DLL
0x00007ffaa8d00000 - 0x00007ffaa8d9d000 	C:\Program Files\Android\Android Studio\jre\bin\msvcp140.dll
0x00007ffaa01f0000 - 0x00007ffaa0cbf000 	C:\Program Files\Android\Android Studio\jre\bin\server\jvm.dll
0x00007ffada780000 - 0x00007ffada82e000 	C:\Windows\System32\ADVAPI32.dll
0x00007ffada890000 - 0x00007ffada92c000 	C:\Windows\System32\sechost.dll
0x00007ffada960000 - 0x00007ffadaa85000 	C:\Windows\System32\RPCRT4.dll
0x00007ffad9ee0000 - 0x00007ffad9ee8000 	C:\Windows\System32\PSAPI.DLL
0x00007ffac06e0000 - 0x00007ffac06e9000 	C:\Windows\SYSTEM32\WSOCK32.dll
0x00007ffad9f50000 - 0x00007ffad9fbb000 	C:\Windows\System32\WS2_32.dll
0x00007ffac60f0000 - 0x00007ffac6117000 	C:\Windows\SYSTEM32\WINMM.dll
0x00007ffad18e0000 - 0x00007ffad18ea000 	C:\Windows\SYSTEM32\VERSION.dll
0x00007ffad6100000 - 0x00007ffad6112000 	C:\Windows\SYSTEM32\kernel.appcore.dll
0x00007ffad4f60000 - 0x00007ffad4f71000 	C:\Program Files\Android\Android Studio\jre\bin\verify.dll
0x00007ffac0010000 - 0x00007ffac01f4000 	C:\Windows\SYSTEM32\DBGHELP.DLL
0x00007ffac2150000 - 0x00007ffac217c000 	C:\Windows\SYSTEM32\dbgcore.DLL
0x00007ffad8aa0000 - 0x00007ffad8b22000 	C:\Windows\System32\bcryptPrimitives.dll
0x00007ffad21f0000 - 0x00007ffad2219000 	C:\Program Files\Android\Android Studio\jre\bin\java.dll
0x00007ffad4fe0000 - 0x00007ffad4feb000 	C:\Program Files\Android\Android Studio\jre\bin\jimage.dll
0x00007ffad1e90000 - 0x00007ffad1ea8000 	C:\Program Files\Android\Android Studio\jre\bin\zip.dll
0x00007ffad9560000 - 0x00007ffad9ca4000 	C:\Windows\System32\SHELL32.dll
0x00007ffad6300000 - 0x00007ffad6a94000 	C:\Windows\SYSTEM32\windows.storage.dll
0x00007ffada050000 - 0x00007ffada3a4000 	C:\Windows\System32\combase.dll
0x00007ffad7c50000 - 0x00007ffad7c7c000 	C:\Windows\SYSTEM32\Wldp.dll
0x00007ffada6d0000 - 0x00007ffada77d000 	C:\Windows\System32\SHCORE.dll
0x00007ffad9ef0000 - 0x00007ffad9f45000 	C:\Windows\System32\shlwapi.dll
0x00007ffad8130000 - 0x00007ffad814f000 	C:\Windows\SYSTEM32\profapi.dll
0x00007ffac2b50000 - 0x00007ffac2b6a000 	C:\Program Files\Android\Android Studio\jre\bin\net.dll
0x00007ffacb270000 - 0x00007ffacb379000 	C:\Windows\SYSTEM32\WINHTTP.dll
0x00007ffad79b0000 - 0x00007ffad7a1a000 	C:\Windows\system32\mswsock.dll
0x00007ffac2b30000 - 0x00007ffac2b44000 	C:\Program Files\Android\Android Studio\jre\bin\nio.dll
0x00007ffab5ca0000 - 0x00007ffab5cc7000 	C:\Users\zeroOne\.gradle\native\8bec1ad78214c89d9ad589b4d07fe93259594b29d510b10fafb7a158f7737e5d\windows-amd64\native-platform.dll
0x00007ffa9f610000 - 0x00007ffa9f74d000 	C:\Users\zeroOne\.gradle\native\53dbd7edfb1c66fb8903c78663c9afc45aea4f116125fa6feffd364cf09443e8\windows-amd64\native-platform-file-events.dll
0x00007ffad32b0000 - 0x00007ffad32ba000 	C:\Program Files\Android\Android Studio\jre\bin\management.dll
0x00007ffad24e0000 - 0x00007ffad24ec000 	C:\Program Files\Android\Android Studio\jre\bin\management_ext.dll
0x00007ffad7bb0000 - 0x00007ffad7bc8000 	C:\Windows\SYSTEM32\CRYPTSP.dll
0x00007ffad72c0000 - 0x00007ffad72f4000 	C:\Windows\system32\rsaenh.dll
0x00007ffad8720000 - 0x00007ffad8747000 	C:\Windows\System32\bcrypt.dll
0x00007ffad80f0000 - 0x00007ffad811e000 	C:\Windows\SYSTEM32\USERENV.dll
0x00007ffad7ba0000 - 0x00007ffad7bac000 	C:\Windows\SYSTEM32\CRYPTBASE.dll
0x00007ffad7650000 - 0x00007ffad768b000 	C:\Windows\SYSTEM32\IPHLPAPI.DLL
0x00007ffad9e70000 - 0x00007ffad9e78000 	C:\Windows\System32\NSI.dll
0x00007ffacebf0000 - 0x00007ffacec07000 	C:\Windows\SYSTEM32\dhcpcsvc6.DLL
0x00007ffacf160000 - 0x00007ffacf17d000 	C:\Windows\SYSTEM32\dhcpcsvc.DLL
0x00007ffad7690000 - 0x00007ffad775a000 	C:\Windows\SYSTEM32\DNSAPI.dll
0x00007ffab5e10000 - 0x00007ffab5e37000 	C:\Program Files\Android\Android Studio\jre\bin\sunec.dll
0x00007ffaaabe0000 - 0x00007ffaaabfe000 	C:\Users\zeroOne\AppData\Local\Temp\native-platform6512373119785249703dir\native-platform.dll

dbghelp: loaded successfully - version: 4.0.5 - missing functions: none
symbol engine: initialized successfully - sym options: 0x614 - pdb path: .;C:\Program Files\Android\Android Studio\jre\bin;C:\Windows\SYSTEM32;C:\Windows\WinSxS\amd64_microsoft.windows.common-controls_6595b64144ccf1df_6.0.19041.1110_none_60b5254171f9507e;C:\Program Files\Android\Android Studio\jre\bin\server;C:\Users\zeroOne\.gradle\native\8bec1ad78214c89d9ad589b4d07fe93259594b29d510b10fafb7a158f7737e5d\windows-amd64;C:\Users\zeroOne\.gradle\native\53dbd7edfb1c66fb8903c78663c9afc45aea4f116125fa6feffd364cf09443e8\windows-amd64;C:\Users\zeroOne\AppData\Local\Temp\native-platform6512373119785249703dir

VM Arguments:
jvm_args: --add-opens=java.base/java.util=ALL-UNNAMED --add-opens=java.base/java.lang=ALL-UNNAMED --add-opens=java.base/java.lang.invoke=ALL-UNNAMED --add-opens=java.base/java.util=ALL-UNNAMED --add-opens=java.prefs/java.util.prefs=ALL-UNNAMED --add-opens=java.prefs/java.util.prefs=ALL-UNNAMED --add-opens=java.base/java.nio.charset=ALL-UNNAMED --add-opens=java.base/java.net=ALL-UNNAMED --add-opens=java.base/java.util.concurrent.atomic=ALL-UNNAMED -Xmx2048m -Dfile.encoding=UTF-8 -Duser.country=SA -Duser.language=ar -Duser.variant 
java_command: org.gradle.launcher.daemon.bootstrap.GradleDaemon 7.0.2
java_class_path (initial): C:\Users\zeroOne\.gradle\wrapper\dists\gradle-7.0.2-bin\857tjihv64xamwrf0h14cai3r\gradle-7.0.2\lib\gradle-launcher-7.0.2.jar
Launcher Type: SUN_STANDARD

[Global flags]
     intx CICompilerCount                          = 3                                         {product} {ergonomic}
     uint ConcGCThreads                            = 1                                         {product} {ergonomic}
     uint G1ConcRefinementThreads                  = 4                                         {product} {ergonomic}
   size_t G1HeapRegionSize                         = 1048576                                   {product} {ergonomic}
    uintx GCDrainStackTargetSize                   = 64                                        {product} {ergonomic}
   size_t InitialHeapSize                          = 134217728                                 {product} {ergonomic}
   size_t MarkStackSize                            = 4194304                                   {product} {ergonomic}
   size_t MaxHeapSize                              = 2147483648                                {product} {command line}
   size_t MaxNewSize                               = 1287651328                                {product} {ergonomic}
   size_t MinHeapDeltaBytes                        = 1048576                                   {product} {ergonomic}
    uintx NonNMethodCodeHeapSize                   = 5830732                                {pd product} {ergonomic}
    uintx NonProfiledCodeHeapSize                  = 122913754                              {pd product} {ergonomic}
    uintx ProfiledCodeHeapSize                     = 122913754                              {pd product} {ergonomic}
    uintx ReservedCodeCacheSize                    = 251658240                              {pd product} {ergonomic}
     bool SegmentedCodeCache                       = true                                      {product} {ergonomic}
     bool UseCompressedClassPointers               = true                                 {lp64_product} {ergonomic}
     bool UseCompressedOops                        = true                                 {lp64_product} {ergonomic}
     bool UseG1GC                                  = true                                      {product} {ergonomic}
     bool UseLargePagesIndividualAllocation        = false                                  {pd product} {ergonomic}

Logging:
Log output configuration:
 #0: stdout all=warning uptime,level,tags
 #1: stderr all=off uptime,level,tags

Environment Variables:
PATH=C:\oraclexe\app\oracle\product\11.2.0\server\bin;;C:\Program Files\Java\jdk-15\bin;C:\Program Files\Common Files\Oracle\Java\javapath;C:\Windows\system32;C:\Windows;C:\Windows\System32\Wbem;C:\Windows\System32\WindowsPowerShell\v1.0\;C:\Windows\System32\OpenSSH\;C:\Program Files (x86)\NVIDIA Corporation\PhysX\Common;C:\Users\zeroOne\AppData\Local\Microsoft\WindowsApps;;C:\Program Files\JetBrains\IntelliJ IDEA Community Edition 2021.2.2\bin;;C:\Users\zeroOne\AppData\Local\Programs\Microsoft VS Code\bin
USERNAME=zeroOne
OS=Windows_NT
PROCESSOR_IDENTIFIER=Intel64 Family 6 Model 142 Stepping 9, GenuineIntel



---------------  S Y S T E M  ---------------

OS: Windows 10 , 64 bit Build 19041 (10.0.19041.1566)
OS uptime: 1 days 22:46 hours

CPU:total 4 (initial active 4) (2 cores per cpu, 2 threads per core) family 6 model 142 stepping 9 microcode 0xb4, cmov, cx8, fxsr, mmx, sse, sse2, sse3, ssse3, sse4.1, sse4.2, popcnt, avx, avx2, aes, clmul, erms, 3dnowpref, lzcnt, ht, tsc, tscinvbit, bmi1, bmi2, adx, fma

Memory: 4k page, system-wide physical 8092M (447M free)
TotalPageFile size 27612M (AvailPageFile size 3M)
current process WorkingSet (physical memory assigned to process): 407M, peak: 509M
current process commit charge ("private bytes"): 553M, peak: 577M

vm_info: OpenJDK 64-Bit Server VM (11.0.10+0-b96-7249189) for windows-amd64 JRE (11.0.10+0-b96-7249189), built on Mar 31 2021 21:44:00 by "builder" with MS VC++ 14.0 (VS2015)

END.
