#
# There is insufficient memory for the Java Runtime Environment to continue.
# Native memory allocation (malloc) failed to allocate 1836496 bytes for Chunk::new
# Possible reasons:
#   The system is out of physical RAM or swap space
#   The process is running with CompressedOops enabled, and the Java Heap may be blocking the growth of the native heap
# Possible solutions:
#   Reduce memory load on the system
#   Increase physical memory or swap space
#   Check if swap backing store is full
#   Decrease Java heap size (-Xmx/-Xms)
#   Decrease number of Java threads
#   Decrease Java thread stack sizes (-Xss)
#   Set larger code cache with -XX:ReservedCodeCacheSize=
#   JVM is running with Unscaled Compressed Oops mode in which the Java heap is
#     placed in the first 4GB address space. The Java Heap base address is the
#     maximum limit for the native heap growth. Please use -XX:HeapBaseMinAddress
#     to set the Java Heap base and to place the Java Heap above 4GB virtual address.
# This output file may be truncated or incomplete.
#
#  Out of Memory Error (./src/hotspot/share/memory/arena.cpp:197), pid=13588, tid=18328
#
# JRE version: OpenJDK Runtime Environment (11.0.10) (build 11.0.10+0-b96-7249189)
# Java VM: OpenJDK 64-Bit Server VM (11.0.10+0-b96-7249189, mixed mode, tiered, compressed oops, g1 gc, windows-amd64)
# No core dump will be written. Minidumps are not enabled by default on client versions of Windows
#

---------------  S U M M A R Y ------------

Command Line: --add-opens=java.base/java.util=ALL-UNNAMED --add-opens=java.base/java.lang=ALL-UNNAMED --add-opens=java.base/java.lang.invoke=ALL-UNNAMED --add-opens=java.base/java.util=ALL-UNNAMED --add-opens=java.prefs/java.util.prefs=ALL-UNNAMED --add-opens=java.prefs/java.util.prefs=ALL-UNNAMED --add-opens=java.base/java.nio.charset=ALL-UNNAMED --add-opens=java.base/java.net=ALL-UNNAMED --add-opens=java.base/java.util.concurrent.atomic=ALL-UNNAMED -Xmx2048m -Dfile.encoding=UTF-8 -Duser.country=SA -Duser.language=ar -Duser.variant org.gradle.launcher.daemon.bootstrap.GradleDaemon 7.0.2

Host: Intel(R) Core(TM) i5-7200U CPU @ 2.50GHz, 4 cores, 7G,  Windows 10 , 64 bit Build 19041 (10.0.19041.1566)
Time: Tue Mar 15 22:08:34 2022 ÊæÞíÊ ÑÓãí ááÖÝÉ ÇáÛÑÈíÉ æÛÒÉ elapsed time: 7.550011 seconds (0d 0h 0m 7s)

---------------  T H R E A D  ---------------

Current thread (0x0000028b54830000):  JavaThread "C2 CompilerThread1" daemon [_thread_in_native, id=18328, stack(0x000000e0d4c00000,0x000000e0d4d00000)]


Current CompileTask:
C2:   7550 3696   !   4       java.net.URLClassLoader$1::run (63 bytes)

Stack: [0x000000e0d4c00000,0x000000e0d4d00000]
Native frames: (J=compiled Java code, j=interpreted, Vv=VM code, C=native code)
V  [jvm.dll+0x5ecfaa]
V  [jvm.dll+0x722bd5]
V  [jvm.dll+0x72412d]
V  [jvm.dll+0x7247e3]
V  [jvm.dll+0x242928]
V  [jvm.dll+0xbc4fc]
V  [jvm.dll+0xbca0c]
V  [jvm.dll+0x352d7d]
V  [jvm.dll+0x320ad3]
V  [jvm.dll+0x31ffca]
V  [jvm.dll+0x1fb602]
V  [jvm.dll+0x1fa7f4]
V  [jvm.dll+0x18354c]
V  [jvm.dll+0x208ee7]
V  [jvm.dll+0x207731]
V  [jvm.dll+0x6eb1cf]
V  [jvm.dll+0x6e3d45]
V  [jvm.dll+0x5ebe96]
C  [ucrtbase.dll+0x21bb2]
C  [KERNEL32.DLL+0x17034]
C  [ntdll.dll+0x52651]


---------------  P R O C E S S  ---------------

Threads class SMR info:
_java_thread_list=0x0000028b599a5920, length=35, elements={
0x0000028b3927e000, 0x0000028b52e4d000, 0x0000028b52e50000, 0x0000028b52e6f800,
0x0000028b52e70800, 0x0000028b52e72000, 0x0000028b52e75800, 0x0000028b52e84000,
0x0000028b52e9d800, 0x0000028b5393c000, 0x0000028b54d4c000, 0x0000028b56108800,
0x0000028b5397f800, 0x0000028b56002800, 0x0000028b55791800, 0x0000028b56489800,
0x0000028b564f1800, 0x0000028b56389000, 0x0000028b55880800, 0x0000028b55b0a000,
0x0000028b55b0c000, 0x0000028b55b0b000, 0x0000028b55b08800, 0x0000028b54830000,
0x0000028b55b0c800, 0x0000028b55b0d800, 0x0000028b55b0e800, 0x0000028b55b09800,
0x0000028b55b0f000, 0x0000028b55e14000, 0x0000028b55e14800, 0x0000028b55e17000,
0x0000028b55e15800, 0x0000028b55e18000, 0x0000028b55e13000
}

Java Threads: ( => current thread )
  0x0000028b3927e000 JavaThread "main" [_thread_blocked, id=11548, stack(0x000000e0d2b00000,0x000000e0d2c00000)]
  0x0000028b52e4d000 JavaThread "Reference Handler" daemon [_thread_blocked, id=10372, stack(0x000000e0d3200000,0x000000e0d3300000)]
  0x0000028b52e50000 JavaThread "Finalizer" daemon [_thread_blocked, id=14792, stack(0x000000e0d3300000,0x000000e0d3400000)]
  0x0000028b52e6f800 JavaThread "Signal Dispatcher" daemon [_thread_blocked, id=4560, stack(0x000000e0d3400000,0x000000e0d3500000)]
  0x0000028b52e70800 JavaThread "Attach Listener" daemon [_thread_blocked, id=11756, stack(0x000000e0d3500000,0x000000e0d3600000)]
  0x0000028b52e72000 JavaThread "Service Thread" daemon [_thread_blocked, id=13028, stack(0x000000e0d3600000,0x000000e0d3700000)]
  0x0000028b52e75800 JavaThread "C2 CompilerThread0" daemon [_thread_in_native, id=11728, stack(0x000000e0d3700000,0x000000e0d3800000)]
  0x0000028b52e84000 JavaThread "C1 CompilerThread0" daemon [_thread_in_native, id=7960, stack(0x000000e0d3800000,0x000000e0d3900000)]
  0x0000028b52e9d800 JavaThread "Sweeper thread" daemon [_thread_blocked, id=1336, stack(0x000000e0d3900000,0x000000e0d3a00000)]
  0x0000028b5393c000 JavaThread "Common-Cleaner" daemon [_thread_blocked, id=14140, stack(0x000000e0d3a00000,0x000000e0d3b00000)]
  0x0000028b54d4c000 JavaThread "Daemon health stats" [_thread_blocked, id=4432, stack(0x000000e0d3f00000,0x000000e0d4000000)]
  0x0000028b56108800 JavaThread "Incoming local TCP Connector on port 51183" [_thread_in_native, id=10512, stack(0x000000e0d3c00000,0x000000e0d3d00000)]
  0x0000028b5397f800 JavaThread "Daemon" [_thread_blocked, id=16916, stack(0x000000e0d4000000,0x000000e0d4100000)]
  0x0000028b56002800 JavaThread "Daemon periodic checks" [_thread_blocked, id=4820, stack(0x000000e0d4100000,0x000000e0d4200000)]
  0x0000028b55791800 JavaThread "Handler for socket connection from /127.0.0.1:51183 to /127.0.0.1:51184" [_thread_in_native, id=6380, stack(0x000000e0d4200000,0x000000e0d4300000)]
  0x0000028b56489800 JavaThread "Cancel handler" [_thread_blocked, id=1404, stack(0x000000e0d4300000,0x000000e0d4400000)]
  0x0000028b564f1800 JavaThread "Daemon worker" [_thread_in_vm, id=5688, stack(0x000000e0d4500000,0x000000e0d4600000)]
  0x0000028b56389000 JavaThread "Asynchronous log dispatcher for DefaultDaemonConnection: socket connection from /127.0.0.1:51183 to /127.0.0.1:51184" [_thread_blocked, id=17044, stack(0x000000e0d4600000,0x000000e0d4700000)]
  0x0000028b55880800 JavaThread "Stdin handler" [_thread_blocked, id=16524, stack(0x000000e0d4700000,0x000000e0d4800000)]
  0x0000028b55b0a000 JavaThread "Daemon client event forwarder" [_thread_blocked, id=16804, stack(0x000000e0d4800000,0x000000e0d4900000)]
  0x0000028b55b0c000 JavaThread "Cache worker for file hash cache (C:\Users\zeroOne\.gradle\caches\7.0.2\fileHashes)" [_thread_blocked, id=1728, stack(0x000000e0d4900000,0x000000e0d4a00000)]
  0x0000028b55b0b000 JavaThread "File lock request listener" [_thread_in_native, id=15248, stack(0x000000e0d4a00000,0x000000e0d4b00000)]
  0x0000028b55b08800 JavaThread "Cache worker for journal cache (C:\Users\zeroOne\.gradle\caches\journal-1)" [_thread_blocked, id=14024, stack(0x000000e0d4b00000,0x000000e0d4c00000)]
=>0x0000028b54830000 JavaThread "C2 CompilerThread1" daemon [_thread_in_native, id=18328, stack(0x000000e0d4c00000,0x000000e0d4d00000)]
  0x0000028b55b0c800 JavaThread "Cache worker for file hash cache (C:\Users\zeroOne\AndroidStudioProjects\navigitionAssiment\.gradle\7.0.2\fileHashes)" [_thread_blocked, id=2492, stack(0x000000e0d4d00000,0x000000e0d4e00000)]
  0x0000028b55b0d800 JavaThread "File watcher server" daemon [_thread_in_native, id=18404, stack(0x000000e0d4e00000,0x000000e0d4f00000)]
  0x0000028b55b0e800 JavaThread "File watcher consumer" daemon [_thread_blocked, id=6956, stack(0x000000e0d4f00000,0x000000e0d5000000)]
  0x0000028b55b09800 JavaThread "Cache worker for checksums cache (C:\Users\zeroOne\AndroidStudioProjects\navigitionAssiment\.gradle\checksums)" [_thread_blocked, id=14408, stack(0x000000e0d5000000,0x000000e0d5100000)]
  0x0000028b55b0f000 JavaThread "Cache worker for cache directory md-supplier (C:\Users\zeroOne\.gradle\caches\7.0.2\md-supplier)" [_thread_blocked, id=12848, stack(0x000000e0d5100000,0x000000e0d5200000)]
  0x0000028b55e14000 JavaThread "Cache worker for cache directory md-rule (C:\Users\zeroOne\.gradle\caches\7.0.2\md-rule)" [_thread_blocked, id=13448, stack(0x000000e0d5200000,0x000000e0d5300000)]
  0x0000028b55e14800 JavaThread "Cache worker for execution history cache (C:\Users\zeroOne\.gradle\caches\7.0.2\executionHistory)" [_thread_blocked, id=18056, stack(0x000000e0d5300000,0x000000e0d5400000)]
  0x0000028b55e17000 JavaThread "jar transforms" [_thread_blocked, id=17896, stack(0x000000e0d5400000,0x000000e0d5500000)]
  0x0000028b55e15800 JavaThread "jar transforms Thread 2" [_thread_blocked, id=1128, stack(0x000000e0d5500000,0x000000e0d5600000)]
  0x0000028b55e18000 JavaThread "Cache worker for file content cache (C:\Users\zeroOne\.gradle\caches\7.0.2\fileContent)" [_thread_blocked, id=18284, stack(0x000000e0d5600000,0x000000e0d5700000)]
  0x0000028b55e13000 JavaThread "Cache worker for dependencies-accessors (C:\Users\zeroOne\AndroidStudioProjects\navigitionAssiment\.gradle\7.0.2\dependencies-accessors)" [_thread_blocked, id=18220, stack(0x000000e0d5700000,0x000000e0d5800000)]

Other Threads:
  0x0000028b52e47000 VMThread "VM Thread" [stack: 0x000000e0d3100000,0x000000e0d3200000] [id=15664]
  0x0000028b53981000 WatcherThread [stack: 0x000000e0d3b00000,0x000000e0d3c00000] [id=9632]
  0x0000028b39296800 GCTaskThread "GC Thread#0" [stack: 0x000000e0d2c00000,0x000000e0d2d00000] [id=10192]
  0x0000028b53b9e800 GCTaskThread "GC Thread#1" [stack: 0x000000e0d3d00000,0x000000e0d3e00000] [id=17948]
  0x0000028b53ca9000 GCTaskThread "GC Thread#2" [stack: 0x000000e0d3e00000,0x000000e0d3f00000] [id=11812]
  0x0000028b55af0000 GCTaskThread "GC Thread#3" [stack: 0x000000e0d4400000,0x000000e0d4500000] [id=18264]
  0x0000028b392c7800 ConcurrentGCThread "G1 Main Marker" [stack: 0x000000e0d2d00000,0x000000e0d2e00000] [id=5264]
  0x0000028b392ca000 ConcurrentGCThread "G1 Conc#0" [stack: 0x000000e0d2e00000,0x000000e0d2f00000] [id=11292]
  0x0000028b39354000 ConcurrentGCThread "G1 Refine#0" [stack: 0x000000e0d2f00000,0x000000e0d3000000] [id=17584]
  0x0000028b39355000 ConcurrentGCThread "G1 Young RemSet Sampling" [stack: 0x000000e0d3000000,0x000000e0d3100000] [id=12700]

Threads with active compile tasks:
C2 CompilerThread0   7574 3695       4       java.net.URLClassLoader$1::run (5 bytes)
C1 CompilerThread0   7574 3760       3       org.gradle.internal.instantiation.generator.AsmBackedClassGenerator::access$500 (4 bytes)
C2 CompilerThread1   7574 3696   !   4       java.net.URLClassLoader$1::run (63 bytes)

VM state:not at safepoint (normal execution)

VM Mutex/Monitor currently owned by a thread: None

Heap address: 0x0000000080000000, size: 2048 MB, Compressed Oops mode: 32-bit
Narrow klass base: 0x0000000000000000, Narrow klass shift: 3
Compressed class space size: 1073741824 Address: 0x0000000100000000

Heap:
 garbage-first heap   total 157696K, used 42496K [0x0000000080000000, 0x0000000100000000)
  region size 1024K, 24 young (24576K), 9 survivors (9216K)
 Metaspace       used 42522K, capacity 43486K, committed 43724K, reserved 1087488K
  class space    used 5382K, capacity 5739K, committed 5836K, reserved 1048576K
Heap Regions: E=young(eden), S=young(survivor), O=old, HS=humongous(starts), HC=humongous(continues), CS=collection set, F=free, A=archive, TAMS=top-at-mark-start (previous, next)
|   0|0x0000000080000000, 0x0000000080100000, 0x0000000080100000|100%| O|  |TAMS 0x0000000080100000, 0x0000000080000000| Untracked 
|   1|0x0000000080100000, 0x0000000080200000, 0x0000000080200000|100%| O|  |TAMS 0x0000000080200000, 0x0000000080100000| Untracked 
|   2|0x0000000080200000, 0x0000000080300000, 0x0000000080300000|100%| O|  |TAMS 0x0000000080300000, 0x0000000080200000| Untracked 
|   3|0x0000000080300000, 0x0000000080400000, 0x0000000080400000|100%|HS|  |TAMS 0x0000000080400000, 0x0000000080300000| Complete 
|   4|0x0000000080400000, 0x0000000080500000, 0x0000000080500000|100%|HC|  |TAMS 0x0000000080500000, 0x0000000080400000| Complete 
|   5|0x0000000080500000, 0x0000000080600000, 0x0000000080600000|100%|HC|  |TAMS 0x0000000080600000, 0x0000000080500000| Complete 
|   6|0x0000000080600000, 0x0000000080700000, 0x0000000080700000|100%| O|  |TAMS 0x0000000080700000, 0x0000000080600000| Untracked 
|   7|0x0000000080700000, 0x0000000080800000, 0x0000000080800000|100%| O|  |TAMS 0x0000000080800000, 0x0000000080700000| Untracked 
|   8|0x0000000080800000, 0x0000000080900000, 0x0000000080900000|100%| O|  |TAMS 0x0000000080900000, 0x0000000080800000| Untracked 
|   9|0x0000000080900000, 0x0000000080a00000, 0x0000000080a00000|100%| O|  |TAMS 0x0000000080a00000, 0x0000000080900000| Untracked 
|  10|0x0000000080a00000, 0x0000000080b00000, 0x0000000080b00000|100%| O|  |TAMS 0x0000000080b00000, 0x0000000080a00000| Untracked 
|  11|0x0000000080b00000, 0x0000000080c00000, 0x0000000080c00000|100%| O|  |TAMS 0x0000000080c00000, 0x0000000080b00000| Untracked 
|  12|0x0000000080c00000, 0x0000000080d00000, 0x0000000080d00000|100%| O|  |TAMS 0x0000000080d00000, 0x0000000080c00000| Untracked 
|  13|0x0000000080d00000, 0x0000000080e00000, 0x0000000080e00000|100%| O|  |TAMS 0x0000000080e00000, 0x0000000080d00000| Untracked 
|  14|0x0000000080e00000, 0x0000000080f00000, 0x0000000080f00000|100%| O|  |TAMS 0x0000000080f00000, 0x0000000080e00000| Untracked 
|  15|0x0000000080f00000, 0x0000000081000000, 0x0000000081000000|100%| O|  |TAMS 0x0000000081000000, 0x0000000080f00000| Untracked 
|  16|0x0000000081000000, 0x0000000081100000, 0x0000000081100000|100%| O|  |TAMS 0x0000000081100000, 0x0000000081000000| Untracked 
|  17|0x0000000081100000, 0x00000000811adc00, 0x0000000081200000| 67%| O|  |TAMS 0x00000000811adc00, 0x0000000081100000| Untracked 
|  18|0x0000000081200000, 0x0000000081300000, 0x0000000081300000|100%|HS|  |TAMS 0x0000000081200000, 0x0000000081200000| Complete 
|  19|0x0000000081300000, 0x0000000081300000, 0x0000000081400000|  0%| F|  |TAMS 0x0000000081300000, 0x0000000081300000| Untracked 
|  20|0x0000000081400000, 0x0000000081400000, 0x0000000081500000|  0%| F|  |TAMS 0x0000000081400000, 0x0000000081400000| Untracked 
|  21|0x0000000081500000, 0x0000000081500000, 0x0000000081600000|  0%| F|  |TAMS 0x0000000081500000, 0x0000000081500000| Untracked 
|  22|0x0000000081600000, 0x0000000081600000, 0x0000000081700000|  0%| F|  |TAMS 0x0000000081600000, 0x0000000081600000| Untracked 
|  23|0x0000000081700000, 0x0000000081700000, 0x0000000081800000|  0%| F|  |TAMS 0x0000000081700000, 0x0000000081700000| Untracked 
|  24|0x0000000081800000, 0x0000000081800000, 0x0000000081900000|  0%| F|  |TAMS 0x0000000081800000, 0x0000000081800000| Untracked 
|  25|0x0000000081900000, 0x0000000081900000, 0x0000000081a00000|  0%| F|  |TAMS 0x0000000081900000, 0x0000000081900000| Untracked 
|  26|0x0000000081a00000, 0x0000000081a00000, 0x0000000081b00000|  0%| F|  |TAMS 0x0000000081a00000, 0x0000000081a00000| Untracked 
|  27|0x0000000081b00000, 0x0000000081b00000, 0x0000000081c00000|  0%| F|  |TAMS 0x0000000081b00000, 0x0000000081b00000| Untracked 
|  28|0x0000000081c00000, 0x0000000081c00000, 0x0000000081d00000|  0%| F|  |TAMS 0x0000000081c00000, 0x0000000081c00000| Untracked 
|  29|0x0000000081d00000, 0x0000000081d00000, 0x0000000081e00000|  0%| F|  |TAMS 0x0000000081d00000, 0x0000000081d00000| Untracked 
|  30|0x0000000081e00000, 0x0000000081e00000, 0x0000000081f00000|  0%| F|  |TAMS 0x0000000081e00000, 0x0000000081e00000| Untracked 
|  31|0x0000000081f00000, 0x0000000081f00000, 0x0000000082000000|  0%| F|  |TAMS 0x0000000081f00000, 0x0000000081f00000| Untracked 
|  32|0x0000000082000000, 0x0000000082000000, 0x0000000082100000|  0%| F|  |TAMS 0x0000000082000000, 0x0000000082000000| Untracked 
|  33|0x0000000082100000, 0x0000000082100000, 0x0000000082200000|  0%| F|  |TAMS 0x0000000082100000, 0x0000000082100000| Untracked 
|  34|0x0000000082200000, 0x0000000082200000, 0x0000000082300000|  0%| F|  |TAMS 0x0000000082200000, 0x0000000082200000| Untracked 
|  35|0x0000000082300000, 0x0000000082300000, 0x0000000082400000|  0%| F|  |TAMS 0x0000000082300000, 0x0000000082300000| Untracked 
|  36|0x0000000082400000, 0x0000000082400000, 0x0000000082500000|  0%| F|  |TAMS 0x0000000082400000, 0x0000000082400000| Untracked 
|  37|0x0000000082500000, 0x0000000082500000, 0x0000000082600000|  0%| F|  |TAMS 0x0000000082500000, 0x0000000082500000| Untracked 
|  38|0x0000000082600000, 0x0000000082600000, 0x0000000082700000|  0%| F|  |TAMS 0x0000000082600000, 0x0000000082600000| Untracked 
|  39|0x0000000082700000, 0x0000000082700000, 0x0000000082800000|  0%| F|  |TAMS 0x0000000082700000, 0x0000000082700000| Untracked 
|  40|0x0000000082800000, 0x0000000082800000, 0x0000000082900000|  0%| F|  |TAMS 0x0000000082800000, 0x0000000082800000| Untracked 
|  41|0x0000000082900000, 0x0000000082900000, 0x0000000082a00000|  0%| F|  |TAMS 0x0000000082900000, 0x0000000082900000| Untracked 
|  42|0x0000000082a00000, 0x0000000082a00000, 0x0000000082b00000|  0%| F|  |TAMS 0x0000000082a00000, 0x0000000082a00000| Untracked 
|  43|0x0000000082b00000, 0x0000000082b00000, 0x0000000082c00000|  0%| F|  |TAMS 0x0000000082b00000, 0x0000000082b00000| Untracked 
|  44|0x0000000082c00000, 0x0000000082c00000, 0x0000000082d00000|  0%| F|  |TAMS 0x0000000082c00000, 0x0000000082c00000| Untracked 
|  45|0x0000000082d00000, 0x0000000082d00000, 0x0000000082e00000|  0%| F|  |TAMS 0x0000000082d00000, 0x0000000082d00000| Untracked 
|  46|0x0000000082e00000, 0x0000000082e00000, 0x0000000082f00000|  0%| F|  |TAMS 0x0000000082e00000, 0x0000000082e00000| Untracked 
|  47|0x0000000082f00000, 0x0000000082f00000, 0x0000000083000000|  0%| F|  |TAMS 0x0000000082f00000, 0x0000000082f00000| Untracked 
|  48|0x0000000083000000, 0x0000000083000000, 0x0000000083100000|  0%| F|  |TAMS 0x0000000083000000, 0x0000000083000000| Untracked 
|  49|0x0000000083100000, 0x0000000083100000, 0x0000000083200000|  0%| F|  |TAMS 0x0000000083100000, 0x0000000083100000| Untracked 
|  50|0x0000000083200000, 0x0000000083200000, 0x0000000083300000|  0%| F|  |TAMS 0x0000000083200000, 0x0000000083200000| Untracked 
|  51|0x0000000083300000, 0x0000000083300000, 0x0000000083400000|  0%| F|  |TAMS 0x0000000083300000, 0x0000000083300000| Untracked 
|  52|0x0000000083400000, 0x0000000083400000, 0x0000000083500000|  0%| F|  |TAMS 0x0000000083400000, 0x0000000083400000| Untracked 
|  53|0x0000000083500000, 0x0000000083500000, 0x0000000083600000|  0%| F|  |TAMS 0x0000000083500000, 0x0000000083500000| Untracked 
|  54|0x0000000083600000, 0x0000000083600000, 0x0000000083700000|  0%| F|  |TAMS 0x0000000083600000, 0x0000000083600000| Untracked 
|  55|0x0000000083700000, 0x0000000083700000, 0x0000000083800000|  0%| F|  |TAMS 0x0000000083700000, 0x0000000083700000| Untracked 
|  56|0x0000000083800000, 0x0000000083800000, 0x0000000083900000|  0%| F|  |TAMS 0x0000000083800000, 0x0000000083800000| Untracked 
|  57|0x0000000083900000, 0x0000000083900000, 0x0000000083a00000|  0%| F|  |TAMS 0x0000000083900000, 0x0000000083900000| Untracked 
|  58|0x0000000083a00000, 0x0000000083a00000, 0x0000000083b00000|  0%| F|  |TAMS 0x0000000083a00000, 0x0000000083a00000| Untracked 
|  59|0x0000000083b00000, 0x0000000083b00000, 0x0000000083c00000|  0%| F|  |TAMS 0x0000000083b00000, 0x0000000083b00000| Untracked 
|  60|0x0000000083c00000, 0x0000000083c00000, 0x0000000083d00000|  0%| F|  |TAMS 0x0000000083c00000, 0x0000000083c00000| Untracked 
|  61|0x0000000083d00000, 0x0000000083d00000, 0x0000000083e00000|  0%| F|  |TAMS 0x0000000083d00000, 0x0000000083d00000| Untracked 
|  62|0x0000000083e00000, 0x0000000083e00000, 0x0000000083f00000|  0%| F|  |TAMS 0x0000000083e00000, 0x0000000083e00000| Untracked 
|  63|0x0000000083f00000, 0x0000000083f00000, 0x0000000084000000|  0%| F|  |TAMS 0x0000000083f00000, 0x0000000083f00000| Untracked 
|  64|0x0000000084000000, 0x0000000084000000, 0x0000000084100000|  0%| F|  |TAMS 0x0000000084000000, 0x0000000084000000| Untracked 
|  65|0x0000000084100000, 0x0000000084100000, 0x0000000084200000|  0%| F|  |TAMS 0x0000000084100000, 0x0000000084100000| Untracked 
|  66|0x0000000084200000, 0x0000000084200000, 0x0000000084300000|  0%| F|  |TAMS 0x0000000084200000, 0x0000000084200000| Untracked 
|  67|0x0000000084300000, 0x0000000084300000, 0x0000000084400000|  0%| F|  |TAMS 0x0000000084300000, 0x0000000084300000| Untracked 
|  68|0x0000000084400000, 0x0000000084400000, 0x0000000084500000|  0%| F|  |TAMS 0x0000000084400000, 0x0000000084400000| Untracked 
|  69|0x0000000084500000, 0x0000000084500000, 0x0000000084600000|  0%| F|  |TAMS 0x0000000084500000, 0x0000000084500000| Untracked 
|  70|0x0000000084600000, 0x00000000846d25c8, 0x0000000084700000| 82%| S|CS|TAMS 0x0000000084600000, 0x0000000084600000| Complete 
|  71|0x0000000084700000, 0x0000000084800000, 0x0000000084800000|100%| S|CS|TAMS 0x0000000084700000, 0x0000000084700000| Complete 
|  72|0x0000000084800000, 0x0000000084900000, 0x0000000084900000|100%| S|CS|TAMS 0x0000000084800000, 0x0000000084800000| Complete 
|  73|0x0000000084900000, 0x0000000084a00000, 0x0000000084a00000|100%| S|CS|TAMS 0x0000000084900000, 0x0000000084900000| Complete 
|  74|0x0000000084a00000, 0x0000000084b00000, 0x0000000084b00000|100%| S|CS|TAMS 0x0000000084a00000, 0x0000000084a00000| Complete 
|  75|0x0000000084b00000, 0x0000000084c00000, 0x0000000084c00000|100%| S|CS|TAMS 0x0000000084b00000, 0x0000000084b00000| Complete 
|  76|0x0000000084c00000, 0x0000000084d00000, 0x0000000084d00000|100%| S|CS|TAMS 0x0000000084c00000, 0x0000000084c00000| Complete 
|  77|0x0000000084d00000, 0x0000000084e00000, 0x0000000084e00000|100%| S|CS|TAMS 0x0000000084d00000, 0x0000000084d00000| Complete 
|  78|0x0000000084e00000, 0x0000000084f00000, 0x0000000084f00000|100%| S|CS|TAMS 0x0000000084e00000, 0x0000000084e00000| Complete 
|  79|0x0000000084f00000, 0x0000000084f00000, 0x0000000085000000|  0%| F|  |TAMS 0x0000000084f00000, 0x0000000084f00000| Untracked 
|  80|0x0000000085000000, 0x0000000085000000, 0x0000000085100000|  0%| F|  |TAMS 0x0000000085000000, 0x0000000085000000| Untracked 
|  81|0x0000000085100000, 0x0000000085100000, 0x0000000085200000|  0%| F|  |TAMS 0x0000000085100000, 0x0000000085100000| Untracked 
|  82|0x0000000085200000, 0x0000000085200000, 0x0000000085300000|  0%| F|  |TAMS 0x0000000085200000, 0x0000000085200000| Untracked 
|  83|0x0000000085300000, 0x0000000085300000, 0x0000000085400000|  0%| F|  |TAMS 0x0000000085300000, 0x0000000085300000| Untracked 
|  84|0x0000000085400000, 0x0000000085400000, 0x0000000085500000|  0%| F|  |TAMS 0x0000000085400000, 0x0000000085400000| Untracked 
|  85|0x0000000085500000, 0x0000000085500000, 0x0000000085600000|  0%| F|  |TAMS 0x0000000085500000, 0x0000000085500000| Untracked 
|  86|0x0000000085600000, 0x0000000085600000, 0x0000000085700000|  0%| F|  |TAMS 0x0000000085600000, 0x0000000085600000| Untracked 
|  87|0x0000000085700000, 0x0000000085700000, 0x0000000085800000|  0%| F|  |TAMS 0x0000000085700000, 0x0000000085700000| Untracked 
|  88|0x0000000085800000, 0x0000000085800000, 0x0000000085900000|  0%| F|  |TAMS 0x0000000085800000, 0x0000000085800000| Untracked 
|  89|0x0000000085900000, 0x0000000085900000, 0x0000000085a00000|  0%| F|  |TAMS 0x0000000085900000, 0x0000000085900000| Untracked 
|  90|0x0000000085a00000, 0x0000000085a00000, 0x0000000085b00000|  0%| F|  |TAMS 0x0000000085a00000, 0x0000000085a00000| Untracked 
|  91|0x0000000085b00000, 0x0000000085b00000, 0x0000000085c00000|  0%| F|  |TAMS 0x0000000085b00000, 0x0000000085b00000| Untracked 
|  92|0x0000000085c00000, 0x0000000085c00000, 0x0000000085d00000|  0%| F|  |TAMS 0x0000000085c00000, 0x0000000085c00000| Untracked 
|  93|0x0000000085d00000, 0x0000000085d00000, 0x0000000085e00000|  0%| F|  |TAMS 0x0000000085d00000, 0x0000000085d00000| Untracked 
|  94|0x0000000085e00000, 0x0000000085e00000, 0x0000000085f00000|  0%| F|  |TAMS 0x0000000085e00000, 0x0000000085e00000| Untracked 
|  95|0x0000000085f00000, 0x0000000085f00000, 0x0000000086000000|  0%| F|  |TAMS 0x0000000085f00000, 0x0000000085f00000| Untracked 
|  96|0x0000000086000000, 0x0000000086000000, 0x0000000086100000|  0%| F|  |TAMS 0x0000000086000000, 0x0000000086000000| Untracked 
|  97|0x0000000086100000, 0x0000000086100000, 0x0000000086200000|  0%| F|  |TAMS 0x0000000086100000, 0x0000000086100000| Untracked 
|  98|0x0000000086200000, 0x0000000086200000, 0x0000000086300000|  0%| F|  |TAMS 0x0000000086200000, 0x0000000086200000| Untracked 
|  99|0x0000000086300000, 0x0000000086300000, 0x0000000086400000|  0%| F|  |TAMS 0x0000000086300000, 0x0000000086300000| Untracked 
| 100|0x0000000086400000, 0x0000000086400000, 0x0000000086500000|  0%| F|  |TAMS 0x0000000086400000, 0x0000000086400000| Untracked 
| 101|0x0000000086500000, 0x0000000086500000, 0x0000000086600000|  0%| F|  |TAMS 0x0000000086500000, 0x0000000086500000| Untracked 
| 102|0x0000000086600000, 0x0000000086600000, 0x0000000086700000|  0%| F|  |TAMS 0x0000000086600000, 0x0000000086600000| Untracked 
| 103|0x0000000086700000, 0x0000000086700000, 0x0000000086800000|  0%| F|  |TAMS 0x0000000086700000, 0x0000000086700000| Untracked 
| 104|0x0000000086800000, 0x0000000086800000, 0x0000000086900000|  0%| F|  |TAMS 0x0000000086800000, 0x0000000086800000| Untracked 
| 105|0x0000000086900000, 0x0000000086900000, 0x0000000086a00000|  0%| F|  |TAMS 0x0000000086900000, 0x0000000086900000| Untracked 
| 106|0x0000000086a00000, 0x0000000086a00000, 0x0000000086b00000|  0%| F|  |TAMS 0x0000000086a00000, 0x0000000086a00000| Untracked 
| 107|0x0000000086b00000, 0x0000000086b00000, 0x0000000086c00000|  0%| F|  |TAMS 0x0000000086b00000, 0x0000000086b00000| Untracked 
| 108|0x0000000086c00000, 0x0000000086c00000, 0x0000000086d00000|  0%| F|  |TAMS 0x0000000086c00000, 0x0000000086c00000| Untracked 
| 109|0x0000000086d00000, 0x0000000086d00000, 0x0000000086e00000|  0%| F|  |TAMS 0x0000000086d00000, 0x0000000086d00000| Untracked 
| 110|0x0000000086e00000, 0x0000000086e00000, 0x0000000086f00000|  0%| F|  |TAMS 0x0000000086e00000, 0x0000000086e00000| Untracked 
| 111|0x0000000086f00000, 0x0000000086f00000, 0x0000000087000000|  0%| F|  |TAMS 0x0000000086f00000, 0x0000000086f00000| Untracked 
| 112|0x0000000087000000, 0x0000000087000000, 0x0000000087100000|  0%| F|  |TAMS 0x0000000087000000, 0x0000000087000000| Untracked 
| 113|0x0000000087100000, 0x0000000087100000, 0x0000000087200000|  0%| F|  |TAMS 0x0000000087100000, 0x0000000087100000| Untracked 
| 114|0x0000000087200000, 0x0000000087200000, 0x0000000087300000|  0%| F|  |TAMS 0x0000000087200000, 0x0000000087200000| Untracked 
| 115|0x0000000087300000, 0x0000000087300000, 0x0000000087400000|  0%| F|  |TAMS 0x0000000087300000, 0x0000000087300000| Untracked 
| 116|0x0000000087400000, 0x0000000087400000, 0x0000000087500000|  0%| F|  |TAMS 0x0000000087400000, 0x0000000087400000| Untracked 
| 117|0x0000000087500000, 0x0000000087500000, 0x0000000087600000|  0%| F|  |TAMS 0x0000000087500000, 0x0000000087500000| Untracked 
| 118|0x0000000087600000, 0x0000000087600000, 0x0000000087700000|  0%| F|  |TAMS 0x0000000087600000, 0x0000000087600000| Untracked 
| 119|0x0000000087700000, 0x0000000087700000, 0x0000000087800000|  0%| F|  |TAMS 0x0000000087700000, 0x0000000087700000| Untracked 
| 120|0x0000000087800000, 0x0000000087800000, 0x0000000087900000|  0%| F|  |TAMS 0x0000000087800000, 0x0000000087800000| Untracked 
| 121|0x0000000087900000, 0x0000000087900000, 0x0000000087a00000|  0%| F|  |TAMS 0x0000000087900000, 0x0000000087900000| Untracked 
| 122|0x0000000087a00000, 0x0000000087a00000, 0x0000000087b00000|  0%| F|  |TAMS 0x0000000087a00000, 0x0000000087a00000| Untracked 
| 123|0x0000000087b00000, 0x0000000087b00000, 0x0000000087c00000|  0%| F|  |TAMS 0x0000000087b00000, 0x0000000087b00000| Untracked 
| 124|0x0000000087c00000, 0x0000000087c00000, 0x0000000087d00000|  0%| F|  |TAMS 0x0000000087c00000, 0x0000000087c00000| Untracked 
| 125|0x0000000087d00000, 0x0000000087d00000, 0x0000000087e00000|  0%| F|  |TAMS 0x0000000087d00000, 0x0000000087d00000| Untracked 
| 126|0x0000000087e00000, 0x0000000087e00000, 0x0000000087f00000|  0%| F|  |TAMS 0x0000000087e00000, 0x0000000087e00000| Untracked 
| 127|0x0000000087f00000, 0x0000000087f00000, 0x0000000088000000|  0%| F|  |TAMS 0x0000000087f00000, 0x0000000087f00000| Untracked 
| 128|0x0000000088000000, 0x0000000088000000, 0x0000000088100000|  0%| F|  |TAMS 0x0000000088000000, 0x0000000088000000| Untracked 
| 129|0x0000000088100000, 0x0000000088100000, 0x0000000088200000|  0%| F|  |TAMS 0x0000000088100000, 0x0000000088100000| Untracked 
| 130|0x0000000088200000, 0x0000000088200000, 0x0000000088300000|  0%| F|  |TAMS 0x0000000088200000, 0x0000000088200000| Untracked 
| 131|0x0000000088300000, 0x0000000088300000, 0x0000000088400000|  0%| F|  |TAMS 0x0000000088300000, 0x0000000088300000| Untracked 
| 132|0x0000000088400000, 0x0000000088400000, 0x0000000088500000|  0%| F|  |TAMS 0x0000000088400000, 0x0000000088400000| Untracked 
| 133|0x0000000088500000, 0x0000000088500000, 0x0000000088600000|  0%| F|  |TAMS 0x0000000088500000, 0x0000000088500000| Untracked 
| 134|0x0000000088600000, 0x0000000088600000, 0x0000000088700000|  0%| F|  |TAMS 0x0000000088600000, 0x0000000088600000| Untracked 
| 135|0x0000000088700000, 0x0000000088700000, 0x0000000088800000|  0%| F|  |TAMS 0x0000000088700000, 0x0000000088700000| Untracked 
| 136|0x0000000088800000, 0x0000000088800000, 0x0000000088900000|  0%| F|  |TAMS 0x0000000088800000, 0x0000000088800000| Untracked 
| 137|0x0000000088900000, 0x0000000088900000, 0x0000000088a00000|  0%| F|  |TAMS 0x0000000088900000, 0x0000000088900000| Untracked 
| 138|0x0000000088a00000, 0x0000000088a00000, 0x0000000088b00000|  0%| F|  |TAMS 0x0000000088a00000, 0x0000000088a00000| Untracked 
| 139|0x0000000088b00000, 0x0000000088c00000, 0x0000000088c00000|100%| E|  |TAMS 0x0000000088b00000, 0x0000000088b00000| Complete 
| 140|0x0000000088c00000, 0x0000000088d00000, 0x0000000088d00000|100%| E|CS|TAMS 0x0000000088c00000, 0x0000000088c00000| Complete 
| 141|0x0000000088d00000, 0x0000000088e00000, 0x0000000088e00000|100%| E|CS|TAMS 0x0000000088d00000, 0x0000000088d00000| Complete 
| 142|0x0000000088e00000, 0x0000000088f00000, 0x0000000088f00000|100%| E|CS|TAMS 0x0000000088e00000, 0x0000000088e00000| Complete 
| 143|0x0000000088f00000, 0x0000000089000000, 0x0000000089000000|100%| E|CS|TAMS 0x0000000088f00000, 0x0000000088f00000| Complete 
| 144|0x0000000089000000, 0x0000000089100000, 0x0000000089100000|100%| E|CS|TAMS 0x0000000089000000, 0x0000000089000000| Complete 
| 145|0x0000000089100000, 0x0000000089200000, 0x0000000089200000|100%| E|CS|TAMS 0x0000000089100000, 0x0000000089100000| Complete 
| 146|0x0000000089200000, 0x0000000089300000, 0x0000000089300000|100%| E|CS|TAMS 0x0000000089200000, 0x0000000089200000| Complete 
| 147|0x0000000089300000, 0x0000000089400000, 0x0000000089400000|100%| E|CS|TAMS 0x0000000089300000, 0x0000000089300000| Complete 
| 148|0x0000000089400000, 0x0000000089500000, 0x0000000089500000|100%| E|CS|TAMS 0x0000000089400000, 0x0000000089400000| Complete 
| 149|0x0000000089500000, 0x0000000089600000, 0x0000000089600000|100%| E|CS|TAMS 0x0000000089500000, 0x0000000089500000| Complete 
| 150|0x0000000089600000, 0x0000000089700000, 0x0000000089700000|100%| E|CS|TAMS 0x0000000089600000, 0x0000000089600000| Complete 
| 151|0x0000000089700000, 0x0000000089800000, 0x0000000089800000|100%| E|CS|TAMS 0x0000000089700000, 0x0000000089700000| Complete 
| 152|0x0000000089800000, 0x0000000089900000, 0x0000000089900000|100%| E|CS|TAMS 0x0000000089800000, 0x0000000089800000| Complete 
| 153|0x0000000089900000, 0x0000000089a00000, 0x0000000089a00000|100%| E|CS|TAMS 0x0000000089900000, 0x0000000089900000| Complete 

Card table byte_map: [0x0000028b4c170000,0x0000028b4c570000] _byte_map_base: 0x0000028b4bd70000

Marking Bits (Prev, Next): (CMBitMap*) 0x0000028b392bee98, (CMBitMap*) 0x0000028b392beed0
 Prev Bits: [0x0000028b4c970000, 0x0000028b4e970000)
 Next Bits: [0x0000028b4e970000, 0x0000028b50970000)

Polling page: 0x0000028b37060000

Metaspace:

Usage:
  Non-class:     36.86 MB capacity,    36.28 MB ( 98%) used,   502.50 KB (  1%) free+waste,    97.50 KB ( <1%) overhead. 
      Class:      5.61 MB capacity,     5.26 MB ( 94%) used,   307.77 KB (  5%) free+waste,    46.31 KB ( <1%) overhead. 
       Both:     42.47 MB capacity,    41.54 MB ( 98%) used,   810.27 KB (  2%) free+waste,   143.81 KB ( <1%) overhead. 

Virtual space:
  Non-class space:       38.00 MB reserved,      37.00 MB ( 97%) committed 
      Class space:        1.00 GB reserved,       5.70 MB ( <1%) committed 
             Both:        1.04 GB reserved,      42.70 MB (  4%) committed 

Chunk freelists:
   Non-Class:  11.00 KB
       Class:  20.00 KB
        Both:  31.00 KB

MaxMetaspaceSize: 17179869184.00 GB
CompressedClassSpaceSize: 1.00 GB

CodeHeap 'non-profiled nmethods': size=120064Kb used=1962Kb max_used=1962Kb free=118101Kb
 bounds [0x0000028b44830000, 0x0000028b44aa0000, 0x0000028b4bd70000]
CodeHeap 'profiled nmethods': size=120000Kb used=7903Kb max_used=7903Kb free=112096Kb
 bounds [0x0000028b3d300000, 0x0000028b3dac0000, 0x0000028b44830000]
CodeHeap 'non-nmethods': size=5696Kb used=2204Kb max_used=2248Kb free=3491Kb
 bounds [0x0000028b3cd70000, 0x0000028b3cfe0000, 0x0000028b3d300000]
 total_blobs=4507 nmethods=3738 adapters=680
 compilation: enabled
              stopped_count=0, restarted_count=0
 full_count=0

Compilation events (20 events):
Event: 7.481 Thread 0x0000028b52e84000 3735       3       java.util.concurrent.locks.AbstractQueuedSynchronizer$ConditionObject::unlinkCancelledWaiters (67 bytes)
Event: 7.482 Thread 0x0000028b52e84000 nmethod 3735 0x0000028b3da99090 code [0x0000028b3da99260, 0x0000028b3da99658]
Event: 7.483 Thread 0x0000028b52e84000 3736   !   3       java.lang.invoke.BootstrapMethodInvoker::invoke (688 bytes)
Event: 7.490 Thread 0x0000028b52e84000 nmethod 3736 0x0000028b3da99790 code [0x0000028b3da9a020, 0x0000028b3daa0e88]
Event: 7.490 Thread 0x0000028b52e84000 3738       3       org.gradle.internal.service.DefaultServiceRegistry$OwnServices::getAll (46 bytes)
Event: 7.490 Thread 0x0000028b52e84000 nmethod 3738 0x0000028b3daa3e10 code [0x0000028b3daa4040, 0x0000028b3daa48e8]
Event: 7.490 Thread 0x0000028b52e84000 3737       3       jdk.internal.org.objectweb.asm.MethodVisitor::visitInsn (16 bytes)
Event: 7.490 Thread 0x0000028b52e84000 nmethod 3737 0x0000028b3daa4b90 code [0x0000028b3daa4d40, 0x0000028b3daa4f28]
Event: 7.505 Thread 0x0000028b52e84000 3739       3       org.objectweb.asm.ClassReader::readInt (52 bytes)
Event: 7.505 Thread 0x0000028b52e84000 nmethod 3739 0x0000028b3daa5010 code [0x0000028b3daa51c0, 0x0000028b3daa5398]
Event: 7.505 Thread 0x0000028b52e84000 3740       3       org.objectweb.asm.ClassReader::createDebugLabel (23 bytes)
Event: 7.506 Thread 0x0000028b52e84000 nmethod 3740 0x0000028b3daa5510 code [0x0000028b3daa5700, 0x0000028b3daa5bd8]
Event: 7.506 Thread 0x0000028b52e84000 3741       3       org.objectweb.asm.ClassReader::readClass (7 bytes)
Event: 7.506 Thread 0x0000028b52e84000 nmethod 3741 0x0000028b3daa5e10 code [0x0000028b3daa6000, 0x0000028b3daa6448]
Event: 7.506 Thread 0x0000028b52e84000 3742       3       org.objectweb.asm.ClassReader::readStringish (16 bytes)
Event: 7.506 Thread 0x0000028b52e84000 nmethod 3742 0x0000028b3daa6690 code [0x0000028b3daa6880, 0x0000028b3daa6c68]
Event: 7.507 Thread 0x0000028b52e84000 3743       3       org.objectweb.asm.SymbolTable::addConstant (330 bytes)
Event: 7.509 Thread 0x0000028b52e84000 nmethod 3743 0x0000028b3daa6e90 code [0x0000028b3daa7420, 0x0000028b3daaa708]
Event: 7.516 Thread 0x0000028b52e84000 3745       3       java.util.concurrent.locks.AbstractQueuedSynchronizer::enq (37 bytes)
Event: 7.518 Thread 0x0000028b52e84000 nmethod 3745 0x0000028b3daab210 code [0x0000028b3daab640, 0x0000028b3daad308]

GC Heap History (18 events):
Event: 0.796 GC heap before
{Heap before GC invocations=0 (full 0):
 garbage-first heap   total 131072K, used 19456K [0x0000000080000000, 0x0000000100000000)
  region size 1024K, 14 young (14336K), 0 survivors (0K)
 Metaspace       used 6750K, capacity 6937K, committed 7168K, reserved 1056768K
  class space    used 584K, capacity 650K, committed 768K, reserved 1048576K
}
Event: 0.801 GC heap after
{Heap after GC invocations=1 (full 0):
 garbage-first heap   total 131072K, used 7886K [0x0000000080000000, 0x0000000100000000)
  region size 1024K, 2 young (2048K), 2 survivors (2048K)
 Metaspace       used 6750K, capacity 6937K, committed 7168K, reserved 1056768K
  class space    used 584K, capacity 650K, committed 768K, reserved 1048576K
}
Event: 1.193 GC heap before
{Heap before GC invocations=1 (full 0):
 garbage-first heap   total 131072K, used 18126K [0x0000000080000000, 0x0000000100000000)
  region size 1024K, 12 young (12288K), 2 survivors (2048K)
 Metaspace       used 10212K, capacity 10439K, committed 10624K, reserved 1058816K
  class space    used 1063K, capacity 1141K, committed 1152K, reserved 1048576K
}
Event: 1.197 GC heap after
{Heap after GC invocations=2 (full 0):
 garbage-first heap   total 131072K, used 9180K [0x0000000080000000, 0x0000000100000000)
  region size 1024K, 2 young (2048K), 2 survivors (2048K)
 Metaspace       used 10212K, capacity 10439K, committed 10624K, reserved 1058816K
  class space    used 1063K, capacity 1141K, committed 1152K, reserved 1048576K
}
Event: 1.715 GC heap before
{Heap before GC invocations=2 (full 0):
 garbage-first heap   total 131072K, used 38876K [0x0000000080000000, 0x0000000100000000)
  region size 1024K, 31 young (31744K), 2 survivors (2048K)
 Metaspace       used 11168K, capacity 11456K, committed 11520K, reserved 1058816K
  class space    used 1167K, capacity 1245K, committed 1280K, reserved 1048576K
}
Event: 1.719 GC heap after
{Heap after GC invocations=3 (full 0):
 garbage-first heap   total 131072K, used 12633K [0x0000000080000000, 0x0000000100000000)
  region size 1024K, 4 young (4096K), 4 survivors (4096K)
 Metaspace       used 11168K, capacity 11456K, committed 11520K, reserved 1058816K
  class space    used 1167K, capacity 1245K, committed 1280K, reserved 1048576K
}
Event: 3.359 GC heap before
{Heap before GC invocations=3 (full 0):
 garbage-first heap   total 131072K, used 71001K [0x0000000080000000, 0x0000000100000000)
  region size 1024K, 62 young (63488K), 4 survivors (4096K)
 Metaspace       used 19328K, capacity 19801K, committed 19968K, reserved 1067008K
  class space    used 2349K, capacity 2506K, committed 2560K, reserved 1048576K
}
Event: 3.384 GC heap after
{Heap after GC invocations=4 (full 0):
 garbage-first heap   total 131072K, used 16134K [0x0000000080000000, 0x0000000100000000)
  region size 1024K, 8 young (8192K), 8 survivors (8192K)
 Metaspace       used 19328K, capacity 19801K, committed 19968K, reserved 1067008K
  class space    used 2349K, capacity 2506K, committed 2560K, reserved 1048576K
}
Event: 3.552 GC heap before
{Heap before GC invocations=4 (full 0):
 garbage-first heap   total 131072K, used 23302K [0x0000000080000000, 0x0000000100000000)
  region size 1024K, 16 young (16384K), 8 survivors (8192K)
 Metaspace       used 20618K, capacity 21104K, committed 21248K, reserved 1067008K
  class space    used 2508K, capacity 2690K, committed 2816K, reserved 1048576K
}
Event: 3.561 GC heap after
{Heap after GC invocations=5 (full 0):
 garbage-first heap   total 131072K, used 16968K [0x0000000080000000, 0x0000000100000000)
  region size 1024K, 1 young (1024K), 1 survivors (1024K)
 Metaspace       used 20618K, capacity 21104K, committed 21248K, reserved 1067008K
  class space    used 2508K, capacity 2690K, committed 2816K, reserved 1048576K
}
Event: 4.443 GC heap before
{Heap before GC invocations=6 (full 0):
 garbage-first heap   total 131072K, used 64072K [0x0000000080000000, 0x0000000100000000)
  region size 1024K, 47 young (48128K), 1 survivors (1024K)
 Metaspace       used 25442K, capacity 26110K, committed 26368K, reserved 1073152K
  class space    used 3305K, capacity 3534K, committed 3584K, reserved 1048576K
}
Event: 4.449 GC heap after
{Heap after GC invocations=7 (full 0):
 garbage-first heap   total 157696K, used 18231K [0x0000000080000000, 0x0000000100000000)
  region size 1024K, 3 young (3072K), 3 survivors (3072K)
 Metaspace       used 25442K, capacity 26110K, committed 26368K, reserved 1073152K
  class space    used 3305K, capacity 3534K, committed 3584K, reserved 1048576K
}
Event: 5.617 GC heap before
{Heap before GC invocations=7 (full 0):
 garbage-first heap   total 157696K, used 79671K [0x0000000080000000, 0x0000000100000000)
  region size 1024K, 63 young (64512K), 3 survivors (3072K)
 Metaspace       used 34316K, capacity 35051K, committed 35200K, reserved 1079296K
  class space    used 4458K, capacity 4730K, committed 4736K, reserved 1048576K
}
Event: 5.625 GC heap after
{Heap after GC invocations=8 (full 0):
 garbage-first heap   total 157696K, used 21696K [0x0000000080000000, 0x0000000100000000)
  region size 1024K, 6 young (6144K), 6 survivors (6144K)
 Metaspace       used 34316K, capacity 35051K, committed 35200K, reserved 1079296K
  class space    used 4458K, capacity 4730K, committed 4736K, reserved 1048576K
}
Event: 5.715 GC heap before
{Heap before GC invocations=8 (full 0):
 garbage-first heap   total 157696K, used 23744K [0x0000000080000000, 0x0000000100000000)
  region size 1024K, 10 young (10240K), 6 survivors (6144K)
 Metaspace       used 35090K, capacity 35838K, committed 35840K, reserved 1081344K
  class space    used 4544K, capacity 4864K, committed 4864K, reserved 1048576K
}
Event: 5.728 GC heap after
{Heap after GC invocations=9 (full 0):
 garbage-first heap   total 157696K, used 21836K [0x0000000080000000, 0x0000000100000000)
  region size 1024K, 4 young (4096K), 4 survivors (4096K)
 Metaspace       used 35090K, capacity 35838K, committed 35840K, reserved 1081344K
  class space    used 4544K, capacity 4864K, committed 4864K, reserved 1048576K
}
Event: 7.336 GC heap before
{Heap before GC invocations=10 (full 0):
 garbage-first heap   total 157696K, used 96588K [0x0000000080000000, 0x0000000100000000)
  region size 1024K, 75 young (76800K), 4 survivors (4096K)
 Metaspace       used 40486K, capacity 41392K, committed 41676K, reserved 1085440K
  class space    used 5191K, capacity 5531K, committed 5580K, reserved 1048576K
}
Event: 7.348 GC heap after
{Heap after GC invocations=11 (full 0):
 garbage-first heap   total 157696K, used 27136K [0x0000000080000000, 0x0000000100000000)
  region size 1024K, 9 young (9216K), 9 survivors (9216K)
 Metaspace       used 40486K, capacity 41392K, committed 41676K, reserved 1085440K
  class space    used 5191K, capacity 5531K, committed 5580K, reserved 1048576K
}

Deoptimization events (20 events):
Event: 7.425 Thread 0x0000028b564f1800 Uncommon trap: trap_request=0xffffff4d fr.pc=0x0000028b4493e410 relative=0x0000000000000250
Event: 7.425 Thread 0x0000028b564f1800 Uncommon trap: reason=unstable_if action=reinterpret pc=0x0000028b4493e410 method=java.util.HashMap.hash(Ljava/lang/Object;)I @ 1 c2
Event: 7.425 Thread 0x0000028b564f1800 DEOPT PACKING pc=0x0000028b4493e410 sp=0x000000e0d45f8fe0
Event: 7.425 Thread 0x0000028b564f1800 DEOPT UNPACKING pc=0x0000028b3cd978af sp=0x000000e0d45f8f18 mode 2
Event: 7.425 Thread 0x0000028b564f1800 Uncommon trap: trap_request=0xffffff4d fr.pc=0x0000028b44935e04 relative=0x00000000000001c4
Event: 7.425 Thread 0x0000028b564f1800 Uncommon trap: reason=unstable_if action=reinterpret pc=0x0000028b44935e04 method=java.util.HashMap.getNode(ILjava/lang/Object;)Ljava/util/HashMap$Node; @ 53 c2
Event: 7.425 Thread 0x0000028b564f1800 DEOPT PACKING pc=0x0000028b44935e04 sp=0x000000e0d45f8f60
Event: 7.425 Thread 0x0000028b564f1800 DEOPT UNPACKING pc=0x0000028b3cd978af sp=0x000000e0d45f8ee8 mode 2
Event: 7.425 Thread 0x0000028b564f1800 Uncommon trap: trap_request=0xffffff4d fr.pc=0x0000028b449b0e1c relative=0x000000000000071c
Event: 7.425 Thread 0x0000028b564f1800 Uncommon trap: reason=unstable_if action=reinterpret pc=0x0000028b449b0e1c method=java.util.HashMap.putVal(ILjava/lang/Object;Ljava/lang/Object;ZZ)Ljava/lang/Object; @ 85 c2
Event: 7.425 Thread 0x0000028b564f1800 DEOPT PACKING pc=0x0000028b449b0e1c sp=0x000000e0d45f8f90
Event: 7.425 Thread 0x0000028b564f1800 DEOPT UNPACKING pc=0x0000028b3cd978af sp=0x000000e0d45f8ec0 mode 2
Event: 7.430 Thread 0x0000028b564f1800 Uncommon trap: trap_request=0xffffff4d fr.pc=0x0000028b44978878 relative=0x0000000000000318
Event: 7.430 Thread 0x0000028b564f1800 Uncommon trap: reason=unstable_if action=reinterpret pc=0x0000028b44978878 method=org.gradle.internal.reflect.PropertyAccessorType.isGetGetterName(Ljava/lang/String;)Z @ 14 c2
Event: 7.430 Thread 0x0000028b564f1800 DEOPT PACKING pc=0x0000028b44978878 sp=0x000000e0d45f9890
Event: 7.430 Thread 0x0000028b564f1800 DEOPT UNPACKING pc=0x0000028b3cd978af sp=0x000000e0d45f97e8 mode 2
Event: 7.461 Thread 0x0000028b564f1800 Uncommon trap: trap_request=0xffffff4d fr.pc=0x0000028b44972108 relative=0x00000000000000e8
Event: 7.461 Thread 0x0000028b564f1800 Uncommon trap: reason=unstable_if action=reinterpret pc=0x0000028b44972108 method=org.objectweb.asm.ByteVector.putShort(I)Lorg/objectweb/asm/ByteVector; @ 13 c2
Event: 7.461 Thread 0x0000028b564f1800 DEOPT PACKING pc=0x0000028b44972108 sp=0x000000e0d45f9430
Event: 7.461 Thread 0x0000028b564f1800 DEOPT UNPACKING pc=0x0000028b3cd978af sp=0x000000e0d45f93c8 mode 2

Classes redefined (0 events):
No events

Internal exceptions (20 events):
Event: 6.828 Thread 0x0000028b564f1800 Exception <a 'java/lang/ClassNotFoundException'{0x00000000864704a8}: org/gradle/api/internal/DefaultNamedDomainObjectListBeanInfo> (0x00000000864704a8) thrown at [./src/hotspot/share/classfile/systemDictionary.cpp, line 231]
Event: 6.830 Thread 0x0000028b564f1800 Exception <a 'java/lang/ClassNotFoundException'{0x000000008649c0f8}: org/gradle/api/internal/DefaultNamedDomainObjectCollectionBeanInfo> (0x000000008649c0f8) thrown at [./src/hotspot/share/classfile/systemDictionary.cpp, line 231]
Event: 6.831 Thread 0x0000028b564f1800 Exception <a 'java/lang/ClassNotFoundException'{0x00000000864c72a8}: org/gradle/api/internal/DefaultDomainObjectCollectionBeanInfo> (0x00000000864c72a8) thrown at [./src/hotspot/share/classfile/systemDictionary.cpp, line 231]
Event: 6.831 Thread 0x0000028b564f1800 Exception <a 'java/lang/ClassNotFoundException'{0x00000000864cd4e0}: java/util/AbstractCollectionBeanInfo> (0x00000000864cd4e0) thrown at [./src/hotspot/share/classfile/systemDictionary.cpp, line 231]
Event: 6.831 Thread 0x0000028b564f1800 Exception <a 'java/lang/ClassNotFoundException'{0x00000000864d3c60}: java/util/AbstractCollectionCustomizer> (0x00000000864d3c60) thrown at [./src/hotspot/share/classfile/systemDictionary.cpp, line 231]
Event: 6.835 Thread 0x0000028b564f1800 Exception <a 'java/lang/ClassNotFoundException'{0x0000000086307d60}: org/gradle/api/internal/DefaultDomainObjectCollectionCustomizer> (0x0000000086307d60) thrown at [./src/hotspot/share/classfile/systemDictionary.cpp, line 231]
Event: 6.840 Thread 0x0000028b564f1800 Exception <a 'java/lang/ClassNotFoundException'{0x0000000086350618}: org/gradle/api/internal/DefaultNamedDomainObjectCollectionCustomizer> (0x0000000086350618) thrown at [./src/hotspot/share/classfile/systemDictionary.cpp, line 231]
Event: 6.852 Thread 0x0000028b564f1800 Exception <a 'java/lang/ClassNotFoundException'{0x00000000863c9e60}: org/gradle/api/internal/DefaultNamedDomainObjectListCustomizer> (0x00000000863c9e60) thrown at [./src/hotspot/share/classfile/systemDictionary.cpp, line 231]
Event: 6.859 Thread 0x0000028b564f1800 Exception <a 'java/lang/ClassNotFoundException'{0x000000008621eed8}: org/gradle/api/internal/artifacts/DefaultArtifactRepositoryContainerCustomizer> (0x000000008621eed8) thrown at [./src/hotspot/share/classfile/systemDictionary.cpp, line 231]
Event: 6.863 Thread 0x0000028b564f1800 Exception <a 'java/lang/ClassNotFoundException'{0x0000000086269100}: org/gradle/api/internal/artifacts/dsl/DefaultRepositoryHandlerCustomizer> (0x0000000086269100) thrown at [./src/hotspot/share/classfile/systemDictionary.cpp, line 231]
Event: 6.870 Thread 0x0000028b564f1800 Exception <a 'java/lang/ClassNotFoundException'{0x00000000862c6748}: org/gradle/api/internal/artifacts/dsl/DefaultRepositoryHandler_DecoratedCustomizer> (0x00000000862c6748) thrown at [./src/hotspot/share/classfile/systemDictionary.cpp, line 231]
Event: 6.999 Thread 0x0000028b564f1800 Exception <a 'java/lang/ClassNotFoundException'{0x0000000085dc7658}: org/gradle/initialization/DefaultProjectDescriptorBeanInfo> (0x0000000085dc7658) thrown at [./src/hotspot/share/classfile/systemDictionary.cpp, line 231]
Event: 7.000 Thread 0x0000028b564f1800 Exception <a 'java/lang/ClassNotFoundException'{0x0000000085dec790}: org/gradle/initialization/DefaultProjectDescriptorCustomizer> (0x0000000085dec790) thrown at [./src/hotspot/share/classfile/systemDictionary.cpp, line 231]
Event: 7.009 Thread 0x0000028b564f1800 Implicit null exception at 0x0000028b4497efec to 0x0000028b4497f094
Event: 7.280 Thread 0x0000028b55b0a000 Exception <a 'java/lang/NoSuchMethodError'{0x000000008998e368}: <clinit>> (0x000000008998e368) thrown at [./src/hotspot/share/prims/jni.cpp, line 1362]
Event: 7.280 Thread 0x0000028b55b0a000 Exception <a 'java/lang/NoSuchMethodError'{0x000000008998f958}: <clinit>> (0x000000008998f958) thrown at [./src/hotspot/share/prims/jni.cpp, line 1362]
Event: 7.281 Thread 0x0000028b55b0a000 Exception <a 'java/lang/NoSuchMethodError'{0x000000008999e458}: <clinit>> (0x000000008999e458) thrown at [./src/hotspot/share/prims/jni.cpp, line 1362]
Event: 7.281 Thread 0x0000028b55b0a000 Exception <a 'java/lang/NoSuchMethodError'{0x00000000899a02a8}: <clinit>> (0x00000000899a02a8) thrown at [./src/hotspot/share/prims/jni.cpp, line 1362]
Event: 7.283 Thread 0x0000028b55b0a000 Exception <a 'java/lang/NoSuchMethodError'{0x000000008528ed38}: <clinit>> (0x000000008528ed38) thrown at [./src/hotspot/share/prims/jni.cpp, line 1362]
Event: 7.425 Thread 0x0000028b564f1800 Implicit null exception at 0x0000028b4493e1f4 to 0x0000028b4493e404

Events (20 events):
Event: 7.533 loading class kotlin/collections/CollectionsKt__ReversedViewsKt
Event: 7.533 loading class kotlin/collections/CollectionsKt__ReversedViewsKt done
Event: 7.533 loading class kotlin/collections/CollectionsKt__MutableCollectionsKt
Event: 7.533 loading class kotlin/collections/CollectionsKt__MutableCollectionsKt done
Event: 7.534 loading class kotlin/collections/CollectionsKt__MutableCollectionsJVMKt
Event: 7.534 loading class kotlin/collections/CollectionsKt__MutableCollectionsJVMKt done
Event: 7.534 loading class kotlin/collections/CollectionsKt__IteratorsKt
Event: 7.534 loading class kotlin/collections/CollectionsKt__IteratorsKt done
Event: 7.535 loading class kotlin/collections/CollectionsKt__IteratorsJVMKt
Event: 7.535 loading class kotlin/collections/CollectionsKt__IteratorsJVMKt done
Event: 7.535 loading class kotlin/collections/CollectionsKt__IterablesKt
Event: 7.535 loading class kotlin/collections/CollectionsKt__IterablesKt done
Event: 7.535 loading class kotlin/collections/CollectionsKt__CollectionsKt
Event: 7.535 loading class kotlin/collections/CollectionsKt__CollectionsKt done
Event: 7.536 loading class kotlin/collections/CollectionsKt__CollectionsJVMKt
Event: 7.536 loading class kotlin/collections/CollectionsKt__CollectionsJVMKt done
Event: 7.537 loading class kotlin/collections/ArraysKt
Event: 7.537 loading class kotlin/collections/ArraysKt done
Event: 7.538 loading class kotlin/collections/ArraysKt___ArraysKt
Event: 7.538 loading class kotlin/collections/ArraysKt___ArraysKt done


Dynamic libraries:
0x00007ff7fbc20000 - 0x00007ff7fbc2a000 	C:\Program Files\Android\Android Studio\jre\bin\java.exe
0x00007ffadaad0000 - 0x00007ffadacc5000 	C:\Windows\SYSTEM32\ntdll.dll
0x00007ffad94a0000 - 0x00007ffad955e000 	C:\Windows\System32\KERNEL32.DLL
0x00007ffad8450000 - 0x00007ffad8718000 	C:\Windows\System32\KERNELBASE.dll
0x00007ffad8970000 - 0x00007ffad8a70000 	C:\Windows\System32\ucrtbase.dll
0x00007ffad0420000 - 0x00007ffad0439000 	C:\Program Files\Android\Android Studio\jre\bin\jli.dll
0x00007ffad0440000 - 0x00007ffad0457000 	C:\Program Files\Android\Android Studio\jre\bin\VCRUNTIME140.dll
0x00007ffad8fa0000 - 0x00007ffad9140000 	C:\Windows\System32\USER32.dll
0x00007ffad8a70000 - 0x00007ffad8a92000 	C:\Windows\System32\win32u.dll
0x00007ffac5ca0000 - 0x00007ffac5f3a000 	C:\Windows\WinSxS\amd64_microsoft.windows.common-controls_6595b64144ccf1df_6.0.19041.1110_none_60b5254171f9507e\COMCTL32.dll
0x00007ffada3b0000 - 0x00007ffada3db000 	C:\Windows\System32\GDI32.dll
0x00007ffad9140000 - 0x00007ffad91de000 	C:\Windows\System32\msvcrt.dll
0x00007ffad8750000 - 0x00007ffad885b000 	C:\Windows\System32\gdi32full.dll
0x00007ffad8860000 - 0x00007ffad88fd000 	C:\Windows\System32\msvcp_win.dll
0x00007ffada930000 - 0x00007ffada960000 	C:\Windows\System32\IMM32.DLL
0x00007ffad0380000 - 0x00007ffad041d000 	C:\Program Files\Android\Android Studio\jre\bin\msvcp140.dll
0x00007ffaa01f0000 - 0x00007ffaa0cbf000 	C:\Program Files\Android\Android Studio\jre\bin\server\jvm.dll
0x00007ffada780000 - 0x00007ffada82e000 	C:\Windows\System32\ADVAPI32.dll
0x00007ffada890000 - 0x00007ffada92c000 	C:\Windows\System32\sechost.dll
0x00007ffada960000 - 0x00007ffadaa85000 	C:\Windows\System32\RPCRT4.dll
0x00007ffad9ee0000 - 0x00007ffad9ee8000 	C:\Windows\System32\PSAPI.DLL
0x00007ffac06e0000 - 0x00007ffac06e9000 	C:\Windows\SYSTEM32\WSOCK32.dll
0x00007ffad9f50000 - 0x00007ffad9fbb000 	C:\Windows\System32\WS2_32.dll
0x00007ffac60f0000 - 0x00007ffac6117000 	C:\Windows\SYSTEM32\WINMM.dll
0x00007ffad18e0000 - 0x00007ffad18ea000 	C:\Windows\SYSTEM32\VERSION.dll
0x00007ffad6100000 - 0x00007ffad6112000 	C:\Windows\SYSTEM32\kernel.appcore.dll
0x00007ffad4f60000 - 0x00007ffad4f71000 	C:\Program Files\Android\Android Studio\jre\bin\verify.dll
0x00007ffac0010000 - 0x00007ffac01f4000 	C:\Windows\SYSTEM32\DBGHELP.DLL
0x00007ffac2150000 - 0x00007ffac217c000 	C:\Windows\SYSTEM32\dbgcore.DLL
0x00007ffad8aa0000 - 0x00007ffad8b22000 	C:\Windows\System32\bcryptPrimitives.dll
0x00007ffad21f0000 - 0x00007ffad2219000 	C:\Program Files\Android\Android Studio\jre\bin\java.dll
0x00007ffad4fe0000 - 0x00007ffad4feb000 	C:\Program Files\Android\Android Studio\jre\bin\jimage.dll
0x00007ffad1e90000 - 0x00007ffad1ea8000 	C:\Program Files\Android\Android Studio\jre\bin\zip.dll
0x00007ffad9560000 - 0x00007ffad9ca4000 	C:\Windows\System32\SHELL32.dll
0x00007ffad6300000 - 0x00007ffad6a94000 	C:\Windows\SYSTEM32\windows.storage.dll
0x00007ffada050000 - 0x00007ffada3a4000 	C:\Windows\System32\combase.dll
0x00007ffad7c50000 - 0x00007ffad7c7c000 	C:\Windows\SYSTEM32\Wldp.dll
0x00007ffada6d0000 - 0x00007ffada77d000 	C:\Windows\System32\SHCORE.dll
0x00007ffad9ef0000 - 0x00007ffad9f45000 	C:\Windows\System32\shlwapi.dll
0x00007ffad8130000 - 0x00007ffad814f000 	C:\Windows\SYSTEM32\profapi.dll
0x00007ffac2b50000 - 0x00007ffac2b6a000 	C:\Program Files\Android\Android Studio\jre\bin\net.dll
0x00007ffacb270000 - 0x00007ffacb379000 	C:\Windows\SYSTEM32\WINHTTP.dll
0x00007ffad79b0000 - 0x00007ffad7a1a000 	C:\Windows\system32\mswsock.dll
0x00007ffac2b30000 - 0x00007ffac2b44000 	C:\Program Files\Android\Android Studio\jre\bin\nio.dll
0x00007ffab5ca0000 - 0x00007ffab5cc7000 	C:\Users\zeroOne\.gradle\native\8bec1ad78214c89d9ad589b4d07fe93259594b29d510b10fafb7a158f7737e5d\windows-amd64\native-platform.dll
0x00007ffa9f610000 - 0x00007ffa9f74d000 	C:\Users\zeroOne\.gradle\native\53dbd7edfb1c66fb8903c78663c9afc45aea4f116125fa6feffd364cf09443e8\windows-amd64\native-platform-file-events.dll
0x00007ffad32b0000 - 0x00007ffad32ba000 	C:\Program Files\Android\Android Studio\jre\bin\management.dll
0x00007ffad24e0000 - 0x00007ffad24ec000 	C:\Program Files\Android\Android Studio\jre\bin\management_ext.dll
0x00007ffad7bb0000 - 0x00007ffad7bc8000 	C:\Windows\SYSTEM32\CRYPTSP.dll
0x00007ffad72c0000 - 0x00007ffad72f4000 	C:\Windows\system32\rsaenh.dll
0x00007ffad8720000 - 0x00007ffad8747000 	C:\Windows\System32\bcrypt.dll
0x00007ffad80f0000 - 0x00007ffad811e000 	C:\Windows\SYSTEM32\USERENV.dll
0x00007ffad7ba0000 - 0x00007ffad7bac000 	C:\Windows\SYSTEM32\CRYPTBASE.dll
0x00007ffad7650000 - 0x00007ffad768b000 	C:\Windows\SYSTEM32\IPHLPAPI.DLL
0x00007ffad9e70000 - 0x00007ffad9e78000 	C:\Windows\System32\NSI.dll
0x00007ffacebf0000 - 0x00007ffacec07000 	C:\Windows\SYSTEM32\dhcpcsvc6.DLL
0x00007ffacf160000 - 0x00007ffacf17d000 	C:\Windows\SYSTEM32\dhcpcsvc.DLL
0x00007ffad7690000 - 0x00007ffad775a000 	C:\Windows\SYSTEM32\DNSAPI.dll

dbghelp: loaded successfully - version: 4.0.5 - missing functions: none
symbol engine: initialized successfully - sym options: 0x614 - pdb path: .;C:\Program Files\Android\Android Studio\jre\bin;C:\Windows\SYSTEM32;C:\Windows\WinSxS\amd64_microsoft.windows.common-controls_6595b64144ccf1df_6.0.19041.1110_none_60b5254171f9507e;C:\Program Files\Android\Android Studio\jre\bin\server;C:\Users\zeroOne\.gradle\native\8bec1ad78214c89d9ad589b4d07fe93259594b29d510b10fafb7a158f7737e5d\windows-amd64;C:\Users\zeroOne\.gradle\native\53dbd7edfb1c66fb8903c78663c9afc45aea4f116125fa6feffd364cf09443e8\windows-amd64

VM Arguments:
jvm_args: --add-opens=java.base/java.util=ALL-UNNAMED --add-opens=java.base/java.lang=ALL-UNNAMED --add-opens=java.base/java.lang.invoke=ALL-UNNAMED --add-opens=java.base/java.util=ALL-UNNAMED --add-opens=java.prefs/java.util.prefs=ALL-UNNAMED --add-opens=java.prefs/java.util.prefs=ALL-UNNAMED --add-opens=java.base/java.nio.charset=ALL-UNNAMED --add-opens=java.base/java.net=ALL-UNNAMED --add-opens=java.base/java.util.concurrent.atomic=ALL-UNNAMED -Xmx2048m -Dfile.encoding=UTF-8 -Duser.country=SA -Duser.language=ar -Duser.variant 
java_command: org.gradle.launcher.daemon.bootstrap.GradleDaemon 7.0.2
java_class_path (initial): C:\Users\zeroOne\.gradle\wrapper\dists\gradle-7.0.2-bin\857tjihv64xamwrf0h14cai3r\gradle-7.0.2\lib\gradle-launcher-7.0.2.jar
Launcher Type: SUN_STANDARD

[Global flags]
     intx CICompilerCount                          = 3                                         {product} {ergonomic}
     uint ConcGCThreads                            = 1                                         {product} {ergonomic}
     uint G1ConcRefinementThreads                  = 4                                         {product} {ergonomic}
   size_t G1HeapRegionSize                         = 1048576                                   {product} {ergonomic}
    uintx GCDrainStackTargetSize                   = 64                                        {product} {ergonomic}
   size_t InitialHeapSize                          = 134217728                                 {product} {ergonomic}
   size_t MarkStackSize                            = 4194304                                   {product} {ergonomic}
   size_t MaxHeapSize                              = 2147483648                                {product} {command line}
   size_t MaxNewSize                               = 1287651328                                {product} {ergonomic}
   size_t MinHeapDeltaBytes                        = 1048576                                   {product} {ergonomic}
    uintx NonNMethodCodeHeapSize                   = 5830732                                {pd product} {ergonomic}
    uintx NonProfiledCodeHeapSize                  = 122913754                              {pd product} {ergonomic}
    uintx ProfiledCodeHeapSize                     = 122913754                              {pd product} {ergonomic}
    uintx ReservedCodeCacheSize                    = 251658240                              {pd product} {ergonomic}
     bool SegmentedCodeCache                       = true                                      {product} {ergonomic}
     bool UseCompressedClassPointers               = true                                 {lp64_product} {ergonomic}
     bool UseCompressedOops                        = true                                 {lp64_product} {ergonomic}
     bool UseG1GC                                  = true                                      {product} {ergonomic}
     bool UseLargePagesIndividualAllocation        = false                                  {pd product} {ergonomic}

Logging:
Log output configuration:
 #0: stdout all=warning uptime,level,tags
 #1: stderr all=off uptime,level,tags

Environment Variables:
PATH=C:\oraclexe\app\oracle\product\11.2.0\server\bin;;C:\Program Files\Java\jdk-15\bin;C:\Program Files\Common Files\Oracle\Java\javapath;C:\Windows\system32;C:\Windows;C:\Windows\System32\Wbem;C:\Windows\System32\WindowsPowerShell\v1.0\;C:\Windows\System32\OpenSSH\;C:\Program Files (x86)\NVIDIA Corporation\PhysX\Common;C:\Users\zeroOne\AppData\Local\Microsoft\WindowsApps;;C:\Program Files\JetBrains\IntelliJ IDEA Community Edition 2021.2.2\bin;;C:\Users\zeroOne\AppData\Local\Programs\Microsoft VS Code\bin
USERNAME=zeroOne
OS=Windows_NT
PROCESSOR_IDENTIFIER=Intel64 Family 6 Model 142 Stepping 9, GenuineIntel



---------------  S Y S T E M  ---------------

OS: Windows 10 , 64 bit Build 19041 (10.0.19041.1566)
OS uptime: 1 days 22:50 hours

CPU:total 4 (initial active 4) (2 cores per cpu, 2 threads per core) family 6 model 142 stepping 9 microcode 0xb4, cmov, cx8, fxsr, mmx, sse, sse2, sse3, ssse3, sse4.1, sse4.2, popcnt, avx, avx2, aes, clmul, erms, 3dnowpref, lzcnt, ht, tsc, tscinvbit, bmi1, bmi2, adx, fma

Memory: 4k page, system-wide physical 8092M (483M free)
TotalPageFile size 27612M (AvailPageFile size 6M)
current process WorkingSet (physical memory assigned to process): 281M, peak: 281M
current process commit charge ("private bytes"): 348M, peak: 349M

vm_info: OpenJDK 64-Bit Server VM (11.0.10+0-b96-7249189) for windows-amd64 JRE (11.0.10+0-b96-7249189), built on Mar 31 2021 21:44:00 by "builder" with MS VC++ 14.0 (VS2015)

END.
